<?xml version="1.0" encoding="UTF-8"?>
<testsuite name="Demo Automation" tests="1" skipped="0" failures="0" errors="0" timestamp="2021-03-20T03:28:50" hostname="DESKTOP-CURJO95" time="12.51">
  <properties/>
  <testcase name="Registration in demo automation" classname="Demo Automation" time="12.51"/>
  <system-out><![CDATA[]]></system-out>
  <system-err><![CDATA[[Test worker] WARN net.thucydides.core.steps.BaseStepListener - stepStarted: net.thucydides.core.steps.ExecutedStepDescription@6fbf6cd7
[Test worker] WARN net.thucydides.core.steps.BaseStepListener - stepStarted: net.thucydides.core.steps.ExecutedStepDescription@3de0ac3b
[Test worker] WARN net.thucydides.core.steps.BaseStepListener - stepStarted: net.thucydides.core.steps.ExecutedStepDescription@676a0646
mar 19, 2021 10:28:51 PM org.openqa.selenium.remote.DesiredCapabilities chrome
INFORMACIÓN: Using `new ChromeOptions()` is preferred to `DesiredCapabilities.chrome()`
[Test worker] INFO net.serenitybdd.core.webdriver.driverproviders.ProvideNewDriver - Instantiating driver
[Test worker] INFO net.serenitybdd.core.webdriver.driverproviders.ProvideNewDriver - Driver capabilities: Capabilities {acceptInsecureCerts: false, browserName: chrome, chrome.switches: --start-maximized;--test-ty..., goog:chromeOptions: {args: [--start-maximized, --test-type, --no-sandbox, --ignore-certificate-errors..., --disable-popup-blocking, --disable-default-apps, --disable-extensions-file-a..., --incognito, --disable-infobars, --disable-gpu], extensions: []}, loggingPrefs: org.openqa.selenium.logging..., platform: ANY, version: }
Starting ChromeDriver 88.0.4324.96 (68dba2d8a0b149a1d3afac56fa74648032bcf46b-refs/branch-heads/4324@{#1784}) on port 8519
Only local connections are allowed.
Please see https://chromedriver.chromium.org/security-considerations for suggestions on keeping ChromeDriver safe.
ChromeDriver was started successfully.
[1616210935.036][WARNING]: This version of ChromeDriver has not been tested with Chrome version 89.
mar 19, 2021 10:28:55 PM org.openqa.selenium.remote.ProtocolHandshake createSession
INFORMACIÓN: Detected dialect: W3C
[Test worker] WARN net.thucydides.core.steps.BaseStepListener - stepFinished: current outcome:Registration in demo automation:Given andres wants to register in demo automation [Andres open up [Andres opens the Demo page]]
[Test worker] WARN net.thucydides.core.steps.BaseStepListener - stepFinished: current outcome:Registration in demo automation:Given andres wants to register in demo automation [Andres open up [Andres opens the Demo page]]
[Test worker] WARN net.thucydides.core.steps.BaseStepListener - stepFinished: current outcome:Registration in demo automation:Given andres wants to register in demo automation [Andres open up [Andres opens the Demo page]]
[Test worker] WARN net.thucydides.core.steps.BaseStepListener - stepStarted: net.thucydides.core.steps.ExecutedStepDescription@70aa6dd2
[Test worker] WARN net.thucydides.core.steps.BaseStepListener - stepStarted: net.thucydides.core.steps.ExecutedStepDescription@1c42fe6b
[Test worker] WARN net.thucydides.core.steps.BaseStepListener - stepStarted: net.thucydides.core.steps.ExecutedStepDescription@58db0f27
[Test worker] WARN net.thucydides.core.steps.BaseStepListener - stepFinished: current outcome:Registration in demo automation:Given andres wants to register in demo automation [Andres open up [Andres opens the Demo page]], When he fills out the form
| strName | strLastName |
| andres | Rojas | [Andres register form [Andres enters 'andres' into Nombre]]
[Test worker] WARN net.thucydides.core.steps.BaseStepListener - stepStarted: net.thucydides.core.steps.ExecutedStepDescription@342dfc6
[Test worker] WARN net.thucydides.core.steps.BaseStepListener - stepFinished: current outcome:Registration in demo automation:Given andres wants to register in demo automation [Andres open up [Andres opens the Demo page]], When he fills out the form
| strName | strLastName |
| andres | Rojas | [Andres register form [Andres enters 'andres' into Nombre, Andres enters 'Rojas' into Apellido]]
[Test worker] WARN net.thucydides.core.steps.BaseStepListener - stepFinished: current outcome:Registration in demo automation:Given andres wants to register in demo automation [Andres open up [Andres opens the Demo page]], When he fills out the form
| strName | strLastName |
| andres | Rojas | [Andres register form [Andres enters 'andres' into Nombre, Andres enters 'Rojas' into Apellido]]
[Test worker] WARN net.thucydides.core.steps.BaseStepListener - stepFinished: current outcome:Registration in demo automation:Given andres wants to register in demo automation [Andres open up [Andres opens the Demo page]], When he fills out the form
| strName | strLastName |
| andres | Rojas | [Andres register form [Andres enters 'andres' into Nombre, Andres enters 'Rojas' into Apellido]]
[Test worker] WARN net.thucydides.core.steps.BaseStepListener - stepStarted: net.thucydides.core.steps.ExecutedStepDescription@41d0b2d9
[Test worker] WARN net.thucydides.core.steps.BaseStepListener - stepFinished: current outcome:Registration in demo automation:Given andres wants to register in demo automation [Andres open up [Andres opens the Demo page]], When he fills out the form
| strName | strLastName |
| andres | Rojas | [Andres register form [Andres enters 'andres' into Nombre, Andres enters 'Rojas' into Apellido]], Then he finds
[Test worker] WARN net.thucydides.core.steps.BaseStepListener - testFinished: Registration in demo automation:Given andres wants to register in demo automation [Andres open up [Andres opens the Demo page]], When he fills out the form
| strName | strLastName |
| andres | Rojas | [Andres register form [Andres enters 'andres' into Nombre, Andres enters 'Rojas' into Apellido]], Then he finds
[Test worker] WARN net.thucydides.core.steps.BaseStepListener - TestOutcomes: [Registration in demo automation:Given andres wants to register in demo automation [Andres open up [Andres opens the Demo page]], When he fills out the form
| strName | strLastName |
| andres | Rojas | [Andres register form [Andres enters 'andres' into Nombre, Andres enters 'Rojas' into Apellido]], Then he finds]
[Test worker] WARN net.thucydides.core.steps.BaseStepListener - Final testOutcomes: [Registration in demo automation:Given andres wants to register in demo automation [Andres open up [Andres opens the Demo page]], When he fills out the form
| strName | strLastName |
| andres | Rojas | [Andres register form [Andres enters 'andres' into Nombre, Andres enters 'Rojas' into Apellido]], Then he finds]
[Test worker] INFO net.thucydides.core.steps.ConsoleLoggingListener - 
        __    _____ _____ ____ _____   ____   _    ____  ____  _____ ____  
  _     \ \  |_   _| ____/ ___|_   _| |  _ \ / \  / ___|/ ___|| ____|  _ \ 
 (_)_____| |   | | |  _| \___ \ | |   | |_) / _ \ \___ \\___ \|  _| | | | |
  _|_____| |   | | | |___ ___) || |   |  __/ ___ \ ___) |___) | |___| |_| |
 (_)     | |   |_| |_____|____/ |_|   |_| /_/   \_\____/|____/|_____|____/ 
        /_/                                                                

TEST PASSED: Registration in demo automation
----------------------------------------------------------------------------
]]></system-err>
</testsuite>
