<?xml version="1.0" encoding="UTF-8"?>
<testsuite name="Demo Automation" tests="1" skipped="0" failures="0" errors="0" timestamp="2021-03-20T03:10:30" hostname="DESKTOP-CURJO95" time="17.047">
  <properties/>
  <testcase name="Registration in demo automation" classname="Demo Automation" time="17.047"/>
  <system-out><![CDATA[]]></system-out>
  <system-err><![CDATA[[Test worker] WARN net.thucydides.core.steps.BaseStepListener - stepStarted: net.thucydides.core.steps.ExecutedStepDescription@746d4f5e
[Test worker] WARN net.thucydides.core.steps.BaseStepListener - stepStarted: net.thucydides.core.steps.ExecutedStepDescription@fbb7ca0
[Test worker] WARN net.thucydides.core.steps.BaseStepListener - stepStarted: net.thucydides.core.steps.ExecutedStepDescription@4673930c
mar 19, 2021 10:10:30 PM org.openqa.selenium.remote.DesiredCapabilities chrome
INFORMACIÓN: Using `new ChromeOptions()` is preferred to `DesiredCapabilities.chrome()`
[Test worker] INFO net.serenitybdd.core.webdriver.driverproviders.ProvideNewDriver - Instantiating driver
[Test worker] INFO net.serenitybdd.core.webdriver.driverproviders.ProvideNewDriver - Driver capabilities: Capabilities {acceptInsecureCerts: false, browserName: chrome, chrome.switches: --start-maximized;--test-ty..., goog:chromeOptions: {args: [--start-maximized, --test-type, --no-sandbox, --ignore-certificate-errors..., --disable-popup-blocking, --disable-default-apps, --disable-extensions-file-a..., --incognito, --disable-infobars, --disable-gpu], extensions: []}, loggingPrefs: org.openqa.selenium.logging..., platform: ANY, version: }
Starting ChromeDriver 88.0.4324.96 (68dba2d8a0b149a1d3afac56fa74648032bcf46b-refs/branch-heads/4324@{#1784}) on port 21862
Only local connections are allowed.
Please see https://chromedriver.chromium.org/security-considerations for suggestions on keeping ChromeDriver safe.
ChromeDriver was started successfully.
[1616209833.871][WARNING]: This version of ChromeDriver has not been tested with Chrome version 89.
mar 19, 2021 10:10:33 PM org.openqa.selenium.remote.ProtocolHandshake createSession
INFORMACIÓN: Detected dialect: W3C
[Test worker] WARN net.thucydides.core.steps.BaseStepListener - stepFinished: current outcome:Registration in demo automation:Given andres wants to register in demo automation [Andres open up [Andres opens the Demo page]]
[Test worker] WARN net.thucydides.core.steps.BaseStepListener - stepFinished: current outcome:Registration in demo automation:Given andres wants to register in demo automation [Andres open up [Andres opens the Demo page]]
[Test worker] WARN net.thucydides.core.steps.BaseStepListener - stepFinished: current outcome:Registration in demo automation:Given andres wants to register in demo automation [Andres open up [Andres opens the Demo page]]
[Test worker] WARN net.thucydides.core.steps.BaseStepListener - stepStarted: net.thucydides.core.steps.ExecutedStepDescription@21a0306d
[Test worker] WARN net.thucydides.core.steps.BaseStepListener - stepFinished: current outcome:Registration in demo automation:Given andres wants to register in demo automation [Andres open up [Andres opens the Demo page]], When he fills out the form
[Test worker] WARN net.thucydides.core.steps.BaseStepListener - stepStarted: net.thucydides.core.steps.ExecutedStepDescription@2cb1913e
[Test worker] WARN net.thucydides.core.steps.BaseStepListener - stepFinished: current outcome:Registration in demo automation:Given andres wants to register in demo automation [Andres open up [Andres opens the Demo page]], When he fills out the form, Then he finds
[Test worker] WARN net.thucydides.core.steps.BaseStepListener - testFinished: Registration in demo automation:Given andres wants to register in demo automation [Andres open up [Andres opens the Demo page]], When he fills out the form, Then he finds
[Test worker] WARN net.thucydides.core.steps.BaseStepListener - TestOutcomes: [Registration in demo automation:Given andres wants to register in demo automation [Andres open up [Andres opens the Demo page]], When he fills out the form, Then he finds]
[Test worker] WARN net.thucydides.core.steps.BaseStepListener - Final testOutcomes: [Registration in demo automation:Given andres wants to register in demo automation [Andres open up [Andres opens the Demo page]], When he fills out the form, Then he finds]
[Test worker] INFO net.thucydides.core.steps.ConsoleLoggingListener - 
        __    _____ _____ ____ _____   ____   _    ____  ____  _____ ____  
  _     \ \  |_   _| ____/ ___|_   _| |  _ \ / \  / ___|/ ___|| ____|  _ \ 
 (_)_____| |   | | |  _| \___ \ | |   | |_) / _ \ \___ \\___ \|  _| | | | |
  _|_____| |   | | | |___ ___) || |   |  __/ ___ \ ___) |___) | |___| |_| |
 (_)     | |   |_| |_____|____/ |_|   |_| /_/   \_\____/|____/|_____|____/ 
        /_/                                                                

TEST PASSED: Registration in demo automation
----------------------------------------------------------------------------
]]></system-err>
</testsuite>
