<?xml version="1.0" encoding="UTF-8"?>
<testsuite name="Demo Automation" tests="1" skipped="0" failures="0" errors="0" timestamp="2021-03-20T16:08:58" hostname="DESKTOP-CURJO95" time="26.023">
  <properties/>
  <testcase name="Registration in demo automation" classname="Demo Automation" time="26.023"/>
  <system-out><![CDATA[]]></system-out>
  <system-err><![CDATA[[Test worker] WARN net.thucydides.core.steps.BaseStepListener - stepStarted: net.thucydides.core.steps.ExecutedStepDescription@29692be7
[Test worker] WARN net.thucydides.core.steps.BaseStepListener - stepStarted: net.thucydides.core.steps.ExecutedStepDescription@30c4f521
[Test worker] WARN net.thucydides.core.steps.BaseStepListener - stepStarted: net.thucydides.core.steps.ExecutedStepDescription@76525127
mar 20, 2021 11:08:59 AM org.openqa.selenium.remote.DesiredCapabilities chrome
INFORMACIÓN: Using `new ChromeOptions()` is preferred to `DesiredCapabilities.chrome()`
[Test worker] INFO net.serenitybdd.core.webdriver.driverproviders.ProvideNewDriver - Instantiating driver
[Test worker] INFO net.serenitybdd.core.webdriver.driverproviders.ProvideNewDriver - Driver capabilities: Capabilities {acceptInsecureCerts: false, browserName: chrome, chrome.switches: --start-maximized;--test-ty..., goog:chromeOptions: {args: [--start-maximized, --test-type, --no-sandbox, --ignore-certificate-errors..., --disable-popup-blocking, --disable-default-apps, --disable-extensions-file-a..., --incognito, --disable-infobars, --disable-gpu], extensions: []}, loggingPrefs: org.openqa.selenium.logging..., platform: ANY, version: }
Starting ChromeDriver 88.0.4324.96 (68dba2d8a0b149a1d3afac56fa74648032bcf46b-refs/branch-heads/4324@{#1784}) on port 23706
Only local connections are allowed.
Please see https://chromedriver.chromium.org/security-considerations for suggestions on keeping ChromeDriver safe.
ChromeDriver was started successfully.
[1616256543.023][WARNING]: This version of ChromeDriver has not been tested with Chrome version 89.
mar 20, 2021 11:09:03 AM org.openqa.selenium.remote.ProtocolHandshake createSession
INFORMACIÓN: Detected dialect: W3C
[Test worker] WARN net.thucydides.core.steps.BaseStepListener - stepFinished: current outcome:Registration in demo automation:Example: {strName=Andres, strLastName=Rojas, strAddress=Cra 52 # 14 30, strEmail=andres@gmail.com, strPhone=3131235121, strGander=Male, strHobbie=Cricket, strLanguages=English, strSkill=Android, strCountry=Colombia, strSelectCountry=Australia, strYear=2000, strMonth=April, strDay=20} [Given andres wants to register in demo automation [Andres open up [Andres opens the Demo page]]]
[Test worker] WARN net.thucydides.core.steps.BaseStepListener - stepFinished: current outcome:Registration in demo automation:Example: {strName=Andres, strLastName=Rojas, strAddress=Cra 52 # 14 30, strEmail=andres@gmail.com, strPhone=3131235121, strGander=Male, strHobbie=Cricket, strLanguages=English, strSkill=Android, strCountry=Colombia, strSelectCountry=Australia, strYear=2000, strMonth=April, strDay=20} [Given andres wants to register in demo automation [Andres open up [Andres opens the Demo page]]]
[Test worker] WARN net.thucydides.core.steps.BaseStepListener - stepFinished: current outcome:Registration in demo automation:Example: {strName=Andres, strLastName=Rojas, strAddress=Cra 52 # 14 30, strEmail=andres@gmail.com, strPhone=3131235121, strGander=Male, strHobbie=Cricket, strLanguages=English, strSkill=Android, strCountry=Colombia, strSelectCountry=Australia, strYear=2000, strMonth=April, strDay=20} [Given andres wants to register in demo automation [Andres open up [Andres opens the Demo page]]]
[Test worker] WARN net.thucydides.core.steps.BaseStepListener - stepStarted: net.thucydides.core.steps.ExecutedStepDescription@4d6392f6
[Test worker] WARN net.thucydides.core.steps.BaseStepListener - stepStarted: net.thucydides.core.steps.ExecutedStepDescription@575f1c03
[Test worker] WARN net.thucydides.core.steps.BaseStepListener - stepStarted: net.thucydides.core.steps.ExecutedStepDescription@34f3cbe
[Test worker] WARN net.thucydides.core.steps.BaseStepListener - stepFinished: current outcome:Registration in demo automation:Example: {strName=Andres, strLastName=Rojas, strAddress=Cra 52 # 14 30, strEmail=andres@gmail.com, strPhone=3131235121, strGander=Male, strHobbie=Cricket, strLanguages=English, strSkill=Android, strCountry=Colombia, strSelectCountry=Australia, strYear=2000, strMonth=April, strDay=20} [Given andres wants to register in demo automation [Andres open up [Andres opens the Demo page]], When he fills out the form
| strName | strLastName | strAddress | strEmail | strPhone | strGander | strHobbie | strLanguages | strSkill | strCountry | strSelectCountry | strYear | strMonth | strDay |
| Andres | Rojas | Cra 52 # 14 30 | andres@gmail.com | 3131235121 | Male | Cricket | English | Android | Colombia | Australia | 2000 | April | 20 | [Andres register form [Andres enters 'Andres' into Nombre]]]
[Test worker] WARN net.thucydides.core.steps.BaseStepListener - stepStarted: net.thucydides.core.steps.ExecutedStepDescription@7d019841
[Test worker] WARN net.thucydides.core.steps.BaseStepListener - stepFinished: current outcome:Registration in demo automation:Example: {strName=Andres, strLastName=Rojas, strAddress=Cra 52 # 14 30, strEmail=andres@gmail.com, strPhone=3131235121, strGander=Male, strHobbie=Cricket, strLanguages=English, strSkill=Android, strCountry=Colombia, strSelectCountry=Australia, strYear=2000, strMonth=April, strDay=20} [Given andres wants to register in demo automation [Andres open up [Andres opens the Demo page]], When he fills out the form
| strName | strLastName | strAddress | strEmail | strPhone | strGander | strHobbie | strLanguages | strSkill | strCountry | strSelectCountry | strYear | strMonth | strDay |
| Andres | Rojas | Cra 52 # 14 30 | andres@gmail.com | 3131235121 | Male | Cricket | English | Android | Colombia | Australia | 2000 | April | 20 | [Andres register form [Andres enters 'Andres' into Nombre, Andres enters 'Rojas' into Apellido]]]
[Test worker] WARN net.thucydides.core.steps.BaseStepListener - stepStarted: net.thucydides.core.steps.ExecutedStepDescription@28807f9a
[Test worker] WARN net.thucydides.core.steps.BaseStepListener - stepFinished: current outcome:Registration in demo automation:Example: {strName=Andres, strLastName=Rojas, strAddress=Cra 52 # 14 30, strEmail=andres@gmail.com, strPhone=3131235121, strGander=Male, strHobbie=Cricket, strLanguages=English, strSkill=Android, strCountry=Colombia, strSelectCountry=Australia, strYear=2000, strMonth=April, strDay=20} [Given andres wants to register in demo automation [Andres open up [Andres opens the Demo page]], When he fills out the form
| strName | strLastName | strAddress | strEmail | strPhone | strGander | strHobbie | strLanguages | strSkill | strCountry | strSelectCountry | strYear | strMonth | strDay |
| Andres | Rojas | Cra 52 # 14 30 | andres@gmail.com | 3131235121 | Male | Cricket | English | Android | Colombia | Australia | 2000 | April | 20 | [Andres register form [Andres enters 'Andres' into Nombre, Andres enters 'Rojas' into Apellido, Andres enters 'Cra 52 # 14 30' into DIRECCION]]]
[Test worker] WARN net.thucydides.core.steps.BaseStepListener - stepStarted: net.thucydides.core.steps.ExecutedStepDescription@7cfdc8e6
[Test worker] WARN net.thucydides.core.steps.BaseStepListener - stepFinished: current outcome:Registration in demo automation:Example: {strName=Andres, strLastName=Rojas, strAddress=Cra 52 # 14 30, strEmail=andres@gmail.com, strPhone=3131235121, strGander=Male, strHobbie=Cricket, strLanguages=English, strSkill=Android, strCountry=Colombia, strSelectCountry=Australia, strYear=2000, strMonth=April, strDay=20} [Given andres wants to register in demo automation [Andres open up [Andres opens the Demo page]], When he fills out the form
| strName | strLastName | strAddress | strEmail | strPhone | strGander | strHobbie | strLanguages | strSkill | strCountry | strSelectCountry | strYear | strMonth | strDay |
| Andres | Rojas | Cra 52 # 14 30 | andres@gmail.com | 3131235121 | Male | Cricket | English | Android | Colombia | Australia | 2000 | April | 20 | [Andres register form [Andres enters 'Andres' into Nombre, Andres enters 'Rojas' into Apellido, Andres enters 'Cra 52 # 14 30' into DIRECCION, Andres enters 'andres@gmail.com' into CORREO]]]
[Test worker] WARN net.thucydides.core.steps.BaseStepListener - stepStarted: net.thucydides.core.steps.ExecutedStepDescription@69cf1e92
[Test worker] WARN net.thucydides.core.steps.BaseStepListener - stepFinished: current outcome:Registration in demo automation:Example: {strName=Andres, strLastName=Rojas, strAddress=Cra 52 # 14 30, strEmail=andres@gmail.com, strPhone=3131235121, strGander=Male, strHobbie=Cricket, strLanguages=English, strSkill=Android, strCountry=Colombia, strSelectCountry=Australia, strYear=2000, strMonth=April, strDay=20} [Given andres wants to register in demo automation [Andres open up [Andres opens the Demo page]], When he fills out the form
| strName | strLastName | strAddress | strEmail | strPhone | strGander | strHobbie | strLanguages | strSkill | strCountry | strSelectCountry | strYear | strMonth | strDay |
| Andres | Rojas | Cra 52 # 14 30 | andres@gmail.com | 3131235121 | Male | Cricket | English | Android | Colombia | Australia | 2000 | April | 20 | [Andres register form [Andres enters 'Andres' into Nombre, Andres enters 'Rojas' into Apellido, Andres enters 'Cra 52 # 14 30' into DIRECCION, Andres enters 'andres@gmail.com' into CORREO, Andres enters '3131235121' into CORREO]]]
[Test worker] WARN net.thucydides.core.steps.BaseStepListener - stepStarted: net.thucydides.core.steps.ExecutedStepDescription@52e8950b
[Test worker] WARN net.thucydides.core.steps.BaseStepListener - stepFinished: current outcome:Registration in demo automation:Example: {strName=Andres, strLastName=Rojas, strAddress=Cra 52 # 14 30, strEmail=andres@gmail.com, strPhone=3131235121, strGander=Male, strHobbie=Cricket, strLanguages=English, strSkill=Android, strCountry=Colombia, strSelectCountry=Australia, strYear=2000, strMonth=April, strDay=20} [Given andres wants to register in demo automation [Andres open up [Andres opens the Demo page]], When he fills out the form
| strName | strLastName | strAddress | strEmail | strPhone | strGander | strHobbie | strLanguages | strSkill | strCountry | strSelectCountry | strYear | strMonth | strDay |
| Andres | Rojas | Cra 52 # 14 30 | andres@gmail.com | 3131235121 | Male | Cricket | English | Android | Colombia | Australia | 2000 | April | 20 | [Andres register form [Andres enters 'Andres' into Nombre, Andres enters 'Rojas' into Apellido, Andres enters 'Cra 52 # 14 30' into DIRECCION, Andres enters 'andres@gmail.com' into CORREO, Andres enters '3131235121' into CORREO, Andres clicks on //div[@class='col-md-4 col-xs-4 col-sm-4']//input[@value='Male']]]]
[Test worker] WARN net.thucydides.core.steps.BaseStepListener - stepStarted: net.thucydides.core.steps.ExecutedStepDescription@75ef36a2
[Test worker] WARN net.thucydides.core.steps.BaseStepListener - stepFinished: current outcome:Registration in demo automation:Example: {strName=Andres, strLastName=Rojas, strAddress=Cra 52 # 14 30, strEmail=andres@gmail.com, strPhone=3131235121, strGander=Male, strHobbie=Cricket, strLanguages=English, strSkill=Android, strCountry=Colombia, strSelectCountry=Australia, strYear=2000, strMonth=April, strDay=20} [Given andres wants to register in demo automation [Andres open up [Andres opens the Demo page]], When he fills out the form
| strName | strLastName | strAddress | strEmail | strPhone | strGander | strHobbie | strLanguages | strSkill | strCountry | strSelectCountry | strYear | strMonth | strDay |
| Andres | Rojas | Cra 52 # 14 30 | andres@gmail.com | 3131235121 | Male | Cricket | English | Android | Colombia | Australia | 2000 | April | 20 | [Andres register form [Andres enters 'Andres' into Nombre, Andres enters 'Rojas' into Apellido, Andres enters 'Cra 52 # 14 30' into DIRECCION, Andres enters 'andres@gmail.com' into CORREO, Andres enters '3131235121' into CORREO, Andres clicks on //div[@class='col-md-4 col-xs-4 col-sm-4']//input[@value='Male'], Andres clicks on //div[@class='col-md-4 col-xs-4 col-sm-4']//input[@value='Cricket']]]]
[Test worker] WARN net.thucydides.core.steps.BaseStepListener - stepStarted: net.thucydides.core.steps.ExecutedStepDescription@64e4b240
[Test worker] WARN net.thucydides.core.steps.BaseStepListener - stepFinished: current outcome:Registration in demo automation:Example: {strName=Andres, strLastName=Rojas, strAddress=Cra 52 # 14 30, strEmail=andres@gmail.com, strPhone=3131235121, strGander=Male, strHobbie=Cricket, strLanguages=English, strSkill=Android, strCountry=Colombia, strSelectCountry=Australia, strYear=2000, strMonth=April, strDay=20} [Given andres wants to register in demo automation [Andres open up [Andres opens the Demo page]], When he fills out the form
| strName | strLastName | strAddress | strEmail | strPhone | strGander | strHobbie | strLanguages | strSkill | strCountry | strSelectCountry | strYear | strMonth | strDay |
| Andres | Rojas | Cra 52 # 14 30 | andres@gmail.com | 3131235121 | Male | Cricket | English | Android | Colombia | Australia | 2000 | April | 20 | [Andres register form [Andres enters 'Andres' into Nombre, Andres enters 'Rojas' into Apellido, Andres enters 'Cra 52 # 14 30' into DIRECCION, Andres enters 'andres@gmail.com' into CORREO, Andres enters '3131235121' into CORREO, Andres clicks on //div[@class='col-md-4 col-xs-4 col-sm-4']//input[@value='Male'], Andres clicks on //div[@class='col-md-4 col-xs-4 col-sm-4']//input[@value='Cricket'], Andres clicks on //div[@class='ui-autocomplete-multiselect ui-state-default ui-widget']]]]
[Test worker] WARN net.thucydides.core.steps.BaseStepListener - stepStarted: net.thucydides.core.steps.ExecutedStepDescription@224bcace
[Test worker] WARN net.thucydides.core.steps.BaseStepListener - stepFinished: current outcome:Registration in demo automation:Example: {strName=Andres, strLastName=Rojas, strAddress=Cra 52 # 14 30, strEmail=andres@gmail.com, strPhone=3131235121, strGander=Male, strHobbie=Cricket, strLanguages=English, strSkill=Android, strCountry=Colombia, strSelectCountry=Australia, strYear=2000, strMonth=April, strDay=20} [Given andres wants to register in demo automation [Andres open up [Andres opens the Demo page]], When he fills out the form
| strName | strLastName | strAddress | strEmail | strPhone | strGander | strHobbie | strLanguages | strSkill | strCountry | strSelectCountry | strYear | strMonth | strDay |
| Andres | Rojas | Cra 52 # 14 30 | andres@gmail.com | 3131235121 | Male | Cricket | English | Android | Colombia | Australia | 2000 | April | 20 | [Andres register form [Andres enters 'Andres' into Nombre, Andres enters 'Rojas' into Apellido, Andres enters 'Cra 52 # 14 30' into DIRECCION, Andres enters 'andres@gmail.com' into CORREO, Andres enters '3131235121' into CORREO, Andres clicks on //div[@class='col-md-4 col-xs-4 col-sm-4']//input[@value='Male'], Andres clicks on //div[@class='col-md-4 col-xs-4 col-sm-4']//input[@value='Cricket'], Andres clicks on //div[@class='ui-autocomplete-multiselect ui-state-default ui-widget'], Andres clicks on //a[contains(text(),'English')]]]]
[Test worker] WARN net.thucydides.core.steps.BaseStepListener - stepStarted: net.thucydides.core.steps.ExecutedStepDescription@3273a08d
[Test worker] WARN net.thucydides.core.steps.BaseStepListener - stepFinished: current outcome:Registration in demo automation:Example: {strName=Andres, strLastName=Rojas, strAddress=Cra 52 # 14 30, strEmail=andres@gmail.com, strPhone=3131235121, strGander=Male, strHobbie=Cricket, strLanguages=English, strSkill=Android, strCountry=Colombia, strSelectCountry=Australia, strYear=2000, strMonth=April, strDay=20} [Given andres wants to register in demo automation [Andres open up [Andres opens the Demo page]], When he fills out the form
| strName | strLastName | strAddress | strEmail | strPhone | strGander | strHobbie | strLanguages | strSkill | strCountry | strSelectCountry | strYear | strMonth | strDay |
| Andres | Rojas | Cra 52 # 14 30 | andres@gmail.com | 3131235121 | Male | Cricket | English | Android | Colombia | Australia | 2000 | April | 20 | [Andres register form [Andres enters 'Andres' into Nombre, Andres enters 'Rojas' into Apellido, Andres enters 'Cra 52 # 14 30' into DIRECCION, Andres enters 'andres@gmail.com' into CORREO, Andres enters '3131235121' into CORREO, Andres clicks on //div[@class='col-md-4 col-xs-4 col-sm-4']//input[@value='Male'], Andres clicks on //div[@class='col-md-4 col-xs-4 col-sm-4']//input[@value='Cricket'], Andres clicks on //div[@class='ui-autocomplete-multiselect ui-state-default ui-widget'], Andres clicks on //a[contains(text(),'English')], Andres selects Android in Habilidad]]]
[Test worker] WARN net.thucydides.core.steps.BaseStepListener - stepStarted: net.thucydides.core.steps.ExecutedStepDescription@4462662e
[Test worker] WARN net.thucydides.core.steps.BaseStepListener - stepFinished: current outcome:Registration in demo automation:Example: {strName=Andres, strLastName=Rojas, strAddress=Cra 52 # 14 30, strEmail=andres@gmail.com, strPhone=3131235121, strGander=Male, strHobbie=Cricket, strLanguages=English, strSkill=Android, strCountry=Colombia, strSelectCountry=Australia, strYear=2000, strMonth=April, strDay=20} [Given andres wants to register in demo automation [Andres open up [Andres opens the Demo page]], When he fills out the form
| strName | strLastName | strAddress | strEmail | strPhone | strGander | strHobbie | strLanguages | strSkill | strCountry | strSelectCountry | strYear | strMonth | strDay |
| Andres | Rojas | Cra 52 # 14 30 | andres@gmail.com | 3131235121 | Male | Cricket | English | Android | Colombia | Australia | 2000 | April | 20 | [Andres register form [Andres enters 'Andres' into Nombre, Andres enters 'Rojas' into Apellido, Andres enters 'Cra 52 # 14 30' into DIRECCION, Andres enters 'andres@gmail.com' into CORREO, Andres enters '3131235121' into CORREO, Andres clicks on //div[@class='col-md-4 col-xs-4 col-sm-4']//input[@value='Male'], Andres clicks on //div[@class='col-md-4 col-xs-4 col-sm-4']//input[@value='Cricket'], Andres clicks on //div[@class='ui-autocomplete-multiselect ui-state-default ui-widget'], Andres clicks on //a[contains(text(),'English')], Andres selects Android in Habilidad, Andres selects Colombia in Pais]]]
[Test worker] WARN net.thucydides.core.steps.BaseStepListener - stepStarted: net.thucydides.core.steps.ExecutedStepDescription@7e5c524c
[Test worker] WARN net.thucydides.core.steps.BaseStepListener - stepFinished: current outcome:Registration in demo automation:Example: {strName=Andres, strLastName=Rojas, strAddress=Cra 52 # 14 30, strEmail=andres@gmail.com, strPhone=3131235121, strGander=Male, strHobbie=Cricket, strLanguages=English, strSkill=Android, strCountry=Colombia, strSelectCountry=Australia, strYear=2000, strMonth=April, strDay=20} [Given andres wants to register in demo automation [Andres open up [Andres opens the Demo page]], When he fills out the form
| strName | strLastName | strAddress | strEmail | strPhone | strGander | strHobbie | strLanguages | strSkill | strCountry | strSelectCountry | strYear | strMonth | strDay |
| Andres | Rojas | Cra 52 # 14 30 | andres@gmail.com | 3131235121 | Male | Cricket | English | Android | Colombia | Australia | 2000 | April | 20 | [Andres register form [Andres enters 'Andres' into Nombre, Andres enters 'Rojas' into Apellido, Andres enters 'Cra 52 # 14 30' into DIRECCION, Andres enters 'andres@gmail.com' into CORREO, Andres enters '3131235121' into CORREO, Andres clicks on //div[@class='col-md-4 col-xs-4 col-sm-4']//input[@value='Male'], Andres clicks on //div[@class='col-md-4 col-xs-4 col-sm-4']//input[@value='Cricket'], Andres clicks on //div[@class='ui-autocomplete-multiselect ui-state-default ui-widget'], Andres clicks on //a[contains(text(),'English')], Andres selects Android in Habilidad, Andres selects Colombia in Pais, Andres clicks on //span[@class='select2-selection select2-selection--single']]]]
[Test worker] WARN net.thucydides.core.steps.BaseStepListener - stepStarted: net.thucydides.core.steps.ExecutedStepDescription@2267a8d2
[Test worker] WARN net.thucydides.core.steps.BaseStepListener - stepFinished: current outcome:Registration in demo automation:Example: {strName=Andres, strLastName=Rojas, strAddress=Cra 52 # 14 30, strEmail=andres@gmail.com, strPhone=3131235121, strGander=Male, strHobbie=Cricket, strLanguages=English, strSkill=Android, strCountry=Colombia, strSelectCountry=Australia, strYear=2000, strMonth=April, strDay=20} [Given andres wants to register in demo automation [Andres open up [Andres opens the Demo page]], When he fills out the form
| strName | strLastName | strAddress | strEmail | strPhone | strGander | strHobbie | strLanguages | strSkill | strCountry | strSelectCountry | strYear | strMonth | strDay |
| Andres | Rojas | Cra 52 # 14 30 | andres@gmail.com | 3131235121 | Male | Cricket | English | Android | Colombia | Australia | 2000 | April | 20 | [Andres register form [Andres enters 'Andres' into Nombre, Andres enters 'Rojas' into Apellido, Andres enters 'Cra 52 # 14 30' into DIRECCION, Andres enters 'andres@gmail.com' into CORREO, Andres enters '3131235121' into CORREO, Andres clicks on //div[@class='col-md-4 col-xs-4 col-sm-4']//input[@value='Male'], Andres clicks on //div[@class='col-md-4 col-xs-4 col-sm-4']//input[@value='Cricket'], Andres clicks on //div[@class='ui-autocomplete-multiselect ui-state-default ui-widget'], Andres clicks on //a[contains(text(),'English')], Andres selects Android in Habilidad, Andres selects Colombia in Pais, Andres clicks on //span[@class='select2-selection select2-selection--single'], Andres enters 'Australia' into //input[@class='select2-search__field']]]]
[Test worker] WARN net.thucydides.core.steps.BaseStepListener - stepStarted: net.thucydides.core.steps.ExecutedStepDescription@702df97b
[Test worker] WARN net.thucydides.core.steps.BaseStepListener - stepFinished: current outcome:Registration in demo automation:Example: {strName=Andres, strLastName=Rojas, strAddress=Cra 52 # 14 30, strEmail=andres@gmail.com, strPhone=3131235121, strGander=Male, strHobbie=Cricket, strLanguages=English, strSkill=Android, strCountry=Colombia, strSelectCountry=Australia, strYear=2000, strMonth=April, strDay=20} [Given andres wants to register in demo automation [Andres open up [Andres opens the Demo page]], When he fills out the form
| strName | strLastName | strAddress | strEmail | strPhone | strGander | strHobbie | strLanguages | strSkill | strCountry | strSelectCountry | strYear | strMonth | strDay |
| Andres | Rojas | Cra 52 # 14 30 | andres@gmail.com | 3131235121 | Male | Cricket | English | Android | Colombia | Australia | 2000 | April | 20 | [Andres register form [Andres enters 'Andres' into Nombre, Andres enters 'Rojas' into Apellido, Andres enters 'Cra 52 # 14 30' into DIRECCION, Andres enters 'andres@gmail.com' into CORREO, Andres enters '3131235121' into CORREO, Andres clicks on //div[@class='col-md-4 col-xs-4 col-sm-4']//input[@value='Male'], Andres clicks on //div[@class='col-md-4 col-xs-4 col-sm-4']//input[@value='Cricket'], Andres clicks on //div[@class='ui-autocomplete-multiselect ui-state-default ui-widget'], Andres clicks on //a[contains(text(),'English')], Andres selects Android in Habilidad, Andres selects Colombia in Pais, Andres clicks on //span[@class='select2-selection select2-selection--single'], Andres enters 'Australia' into //input[@class='select2-search__field'], Andres types 'DOWN' in //input[@class='select2-search__field']]]]
[Test worker] WARN net.thucydides.core.steps.BaseStepListener - stepStarted: net.thucydides.core.steps.ExecutedStepDescription@43ffd855
[Test worker] WARN net.thucydides.core.steps.BaseStepListener - stepFinished: current outcome:Registration in demo automation:Example: {strName=Andres, strLastName=Rojas, strAddress=Cra 52 # 14 30, strEmail=andres@gmail.com, strPhone=3131235121, strGander=Male, strHobbie=Cricket, strLanguages=English, strSkill=Android, strCountry=Colombia, strSelectCountry=Australia, strYear=2000, strMonth=April, strDay=20} [Given andres wants to register in demo automation [Andres open up [Andres opens the Demo page]], When he fills out the form
| strName | strLastName | strAddress | strEmail | strPhone | strGander | strHobbie | strLanguages | strSkill | strCountry | strSelectCountry | strYear | strMonth | strDay |
| Andres | Rojas | Cra 52 # 14 30 | andres@gmail.com | 3131235121 | Male | Cricket | English | Android | Colombia | Australia | 2000 | April | 20 | [Andres register form [Andres enters 'Andres' into Nombre, Andres enters 'Rojas' into Apellido, Andres enters 'Cra 52 # 14 30' into DIRECCION, Andres enters 'andres@gmail.com' into CORREO, Andres enters '3131235121' into CORREO, Andres clicks on //div[@class='col-md-4 col-xs-4 col-sm-4']//input[@value='Male'], Andres clicks on //div[@class='col-md-4 col-xs-4 col-sm-4']//input[@value='Cricket'], Andres clicks on //div[@class='ui-autocomplete-multiselect ui-state-default ui-widget'], Andres clicks on //a[contains(text(),'English')], Andres selects Android in Habilidad, Andres selects Colombia in Pais, Andres clicks on //span[@class='select2-selection select2-selection--single'], Andres enters 'Australia' into //input[@class='select2-search__field'], Andres types 'DOWN' in //input[@class='select2-search__field'], Andres types 'ENTER' in //input[@class='select2-search__field']]]]
[Test worker] WARN net.thucydides.core.steps.BaseStepListener - stepStarted: net.thucydides.core.steps.ExecutedStepDescription@688ec629
[Test worker] WARN net.thucydides.core.steps.BaseStepListener - stepFinished: current outcome:Registration in demo automation:Example: {strName=Andres, strLastName=Rojas, strAddress=Cra 52 # 14 30, strEmail=andres@gmail.com, strPhone=3131235121, strGander=Male, strHobbie=Cricket, strLanguages=English, strSkill=Android, strCountry=Colombia, strSelectCountry=Australia, strYear=2000, strMonth=April, strDay=20} [Given andres wants to register in demo automation [Andres open up [Andres opens the Demo page]], When he fills out the form
| strName | strLastName | strAddress | strEmail | strPhone | strGander | strHobbie | strLanguages | strSkill | strCountry | strSelectCountry | strYear | strMonth | strDay |
| Andres | Rojas | Cra 52 # 14 30 | andres@gmail.com | 3131235121 | Male | Cricket | English | Android | Colombia | Australia | 2000 | April | 20 | [Andres register form [Andres enters 'Andres' into Nombre, Andres enters 'Rojas' into Apellido, Andres enters 'Cra 52 # 14 30' into DIRECCION, Andres enters 'andres@gmail.com' into CORREO, Andres enters '3131235121' into CORREO, Andres clicks on //div[@class='col-md-4 col-xs-4 col-sm-4']//input[@value='Male'], Andres clicks on //div[@class='col-md-4 col-xs-4 col-sm-4']//input[@value='Cricket'], Andres clicks on //div[@class='ui-autocomplete-multiselect ui-state-default ui-widget'], Andres clicks on //a[contains(text(),'English')], Andres selects Android in Habilidad, Andres selects Colombia in Pais, Andres clicks on //span[@class='select2-selection select2-selection--single'], Andres enters 'Australia' into //input[@class='select2-search__field'], Andres types 'DOWN' in //input[@class='select2-search__field'], Andres types 'ENTER' in //input[@class='select2-search__field'], Andres selects 2000 in AÃ±o de nacimiento]]]
[Test worker] WARN net.thucydides.core.steps.BaseStepListener - stepStarted: net.thucydides.core.steps.ExecutedStepDescription@20f5cfab
[Test worker] WARN net.thucydides.core.steps.BaseStepListener - stepFinished: current outcome:Registration in demo automation:Example: {strName=Andres, strLastName=Rojas, strAddress=Cra 52 # 14 30, strEmail=andres@gmail.com, strPhone=3131235121, strGander=Male, strHobbie=Cricket, strLanguages=English, strSkill=Android, strCountry=Colombia, strSelectCountry=Australia, strYear=2000, strMonth=April, strDay=20} [Given andres wants to register in demo automation [Andres open up [Andres opens the Demo page]], When he fills out the form
| strName | strLastName | strAddress | strEmail | strPhone | strGander | strHobbie | strLanguages | strSkill | strCountry | strSelectCountry | strYear | strMonth | strDay |
| Andres | Rojas | Cra 52 # 14 30 | andres@gmail.com | 3131235121 | Male | Cricket | English | Android | Colombia | Australia | 2000 | April | 20 | [Andres register form [Andres enters 'Andres' into Nombre, Andres enters 'Rojas' into Apellido, Andres enters 'Cra 52 # 14 30' into DIRECCION, Andres enters 'andres@gmail.com' into CORREO, Andres enters '3131235121' into CORREO, Andres clicks on //div[@class='col-md-4 col-xs-4 col-sm-4']//input[@value='Male'], Andres clicks on //div[@class='col-md-4 col-xs-4 col-sm-4']//input[@value='Cricket'], Andres clicks on //div[@class='ui-autocomplete-multiselect ui-state-default ui-widget'], Andres clicks on //a[contains(text(),'English')], Andres selects Android in Habilidad, Andres selects Colombia in Pais, Andres clicks on //span[@class='select2-selection select2-selection--single'], Andres enters 'Australia' into //input[@class='select2-search__field'], Andres types 'DOWN' in //input[@class='select2-search__field'], Andres types 'ENTER' in //input[@class='select2-search__field'], Andres selects 2000 in AÃ±o de nacimiento, Andres selects April in Mes de nacimiento]]]
[Test worker] WARN net.thucydides.core.steps.BaseStepListener - stepStarted: net.thucydides.core.steps.ExecutedStepDescription@385be2ca
[Test worker] WARN net.thucydides.core.steps.BaseStepListener - stepFinished: current outcome:Registration in demo automation:Example: {strName=Andres, strLastName=Rojas, strAddress=Cra 52 # 14 30, strEmail=andres@gmail.com, strPhone=3131235121, strGander=Male, strHobbie=Cricket, strLanguages=English, strSkill=Android, strCountry=Colombia, strSelectCountry=Australia, strYear=2000, strMonth=April, strDay=20} [Given andres wants to register in demo automation [Andres open up [Andres opens the Demo page]], When he fills out the form
| strName | strLastName | strAddress | strEmail | strPhone | strGander | strHobbie | strLanguages | strSkill | strCountry | strSelectCountry | strYear | strMonth | strDay |
| Andres | Rojas | Cra 52 # 14 30 | andres@gmail.com | 3131235121 | Male | Cricket | English | Android | Colombia | Australia | 2000 | April | 20 | [Andres register form [Andres enters 'Andres' into Nombre, Andres enters 'Rojas' into Apellido, Andres enters 'Cra 52 # 14 30' into DIRECCION, Andres enters 'andres@gmail.com' into CORREO, Andres enters '3131235121' into CORREO, Andres clicks on //div[@class='col-md-4 col-xs-4 col-sm-4']//input[@value='Male'], Andres clicks on //div[@class='col-md-4 col-xs-4 col-sm-4']//input[@value='Cricket'], Andres clicks on //div[@class='ui-autocomplete-multiselect ui-state-default ui-widget'], Andres clicks on //a[contains(text(),'English')], Andres selects Android in Habilidad, Andres selects Colombia in Pais, Andres clicks on //span[@class='select2-selection select2-selection--single'], Andres enters 'Australia' into //input[@class='select2-search__field'], Andres types 'DOWN' in //input[@class='select2-search__field'], Andres types 'ENTER' in //input[@class='select2-search__field'], Andres selects 2000 in AÃ±o de nacimiento, Andres selects April in Mes de nacimiento, Andres selects 20 in Dia de nacimiento]]]
[Test worker] WARN net.thucydides.core.steps.BaseStepListener - stepStarted: net.thucydides.core.steps.ExecutedStepDescription@db97924
[Test worker] WARN net.thucydides.core.steps.BaseStepListener - stepFinished: current outcome:Registration in demo automation:Example: {strName=Andres, strLastName=Rojas, strAddress=Cra 52 # 14 30, strEmail=andres@gmail.com, strPhone=3131235121, strGander=Male, strHobbie=Cricket, strLanguages=English, strSkill=Android, strCountry=Colombia, strSelectCountry=Australia, strYear=2000, strMonth=April, strDay=20} [Given andres wants to register in demo automation [Andres open up [Andres opens the Demo page]], When he fills out the form
| strName | strLastName | strAddress | strEmail | strPhone | strGander | strHobbie | strLanguages | strSkill | strCountry | strSelectCountry | strYear | strMonth | strDay |
| Andres | Rojas | Cra 52 # 14 30 | andres@gmail.com | 3131235121 | Male | Cricket | English | Android | Colombia | Australia | 2000 | April | 20 | [Andres register form [Andres enters 'Andres' into Nombre, Andres enters 'Rojas' into Apellido, Andres enters 'Cra 52 # 14 30' into DIRECCION, Andres enters 'andres@gmail.com' into CORREO, Andres enters '3131235121' into CORREO, Andres clicks on //div[@class='col-md-4 col-xs-4 col-sm-4']//input[@value='Male'], Andres clicks on //div[@class='col-md-4 col-xs-4 col-sm-4']//input[@value='Cricket'], Andres clicks on //div[@class='ui-autocomplete-multiselect ui-state-default ui-widget'], Andres clicks on //a[contains(text(),'English')], Andres selects Android in Habilidad, Andres selects Colombia in Pais, Andres clicks on //span[@class='select2-selection select2-selection--single'], Andres enters 'Australia' into //input[@class='select2-search__field'], Andres types 'DOWN' in //input[@class='select2-search__field'], Andres types 'ENTER' in //input[@class='select2-search__field'], Andres selects 2000 in AÃ±o de nacimiento, Andres selects April in Mes de nacimiento, Andres selects 20 in Dia de nacimiento, Andres enters 'i^zK76BlHdd*' into Primera ContraseÃ±a]]]
[Test worker] WARN net.thucydides.core.steps.BaseStepListener - stepStarted: net.thucydides.core.steps.ExecutedStepDescription@40e36d3d
[Test worker] WARN net.thucydides.core.steps.BaseStepListener - stepFinished: current outcome:Registration in demo automation:Example: {strName=Andres, strLastName=Rojas, strAddress=Cra 52 # 14 30, strEmail=andres@gmail.com, strPhone=3131235121, strGander=Male, strHobbie=Cricket, strLanguages=English, strSkill=Android, strCountry=Colombia, strSelectCountry=Australia, strYear=2000, strMonth=April, strDay=20} [Given andres wants to register in demo automation [Andres open up [Andres opens the Demo page]], When he fills out the form
| strName | strLastName | strAddress | strEmail | strPhone | strGander | strHobbie | strLanguages | strSkill | strCountry | strSelectCountry | strYear | strMonth | strDay |
| Andres | Rojas | Cra 52 # 14 30 | andres@gmail.com | 3131235121 | Male | Cricket | English | Android | Colombia | Australia | 2000 | April | 20 | [Andres register form [Andres enters 'Andres' into Nombre, Andres enters 'Rojas' into Apellido, Andres enters 'Cra 52 # 14 30' into DIRECCION, Andres enters 'andres@gmail.com' into CORREO, Andres enters '3131235121' into CORREO, Andres clicks on //div[@class='col-md-4 col-xs-4 col-sm-4']//input[@value='Male'], Andres clicks on //div[@class='col-md-4 col-xs-4 col-sm-4']//input[@value='Cricket'], Andres clicks on //div[@class='ui-autocomplete-multiselect ui-state-default ui-widget'], Andres clicks on //a[contains(text(),'English')], Andres selects Android in Habilidad, Andres selects Colombia in Pais, Andres clicks on //span[@class='select2-selection select2-selection--single'], Andres enters 'Australia' into //input[@class='select2-search__field'], Andres types 'DOWN' in //input[@class='select2-search__field'], Andres types 'ENTER' in //input[@class='select2-search__field'], Andres selects 2000 in AÃ±o de nacimiento, Andres selects April in Mes de nacimiento, Andres selects 20 in Dia de nacimiento, Andres enters 'i^zK76BlHdd*' into Primera ContraseÃ±a, Andres enters 'i^zK76BlHdd*' into Segunda ContraseÃ±a]]]
[Test worker] WARN net.thucydides.core.steps.BaseStepListener - stepFinished: current outcome:Registration in demo automation:Example: {strName=Andres, strLastName=Rojas, strAddress=Cra 52 # 14 30, strEmail=andres@gmail.com, strPhone=3131235121, strGander=Male, strHobbie=Cricket, strLanguages=English, strSkill=Android, strCountry=Colombia, strSelectCountry=Australia, strYear=2000, strMonth=April, strDay=20} [Given andres wants to register in demo automation [Andres open up [Andres opens the Demo page]], When he fills out the form
| strName | strLastName | strAddress | strEmail | strPhone | strGander | strHobbie | strLanguages | strSkill | strCountry | strSelectCountry | strYear | strMonth | strDay |
| Andres | Rojas | Cra 52 # 14 30 | andres@gmail.com | 3131235121 | Male | Cricket | English | Android | Colombia | Australia | 2000 | April | 20 | [Andres register form [Andres enters 'Andres' into Nombre, Andres enters 'Rojas' into Apellido, Andres enters 'Cra 52 # 14 30' into DIRECCION, Andres enters 'andres@gmail.com' into CORREO, Andres enters '3131235121' into CORREO, Andres clicks on //div[@class='col-md-4 col-xs-4 col-sm-4']//input[@value='Male'], Andres clicks on //div[@class='col-md-4 col-xs-4 col-sm-4']//input[@value='Cricket'], Andres clicks on //div[@class='ui-autocomplete-multiselect ui-state-default ui-widget'], Andres clicks on //a[contains(text(),'English')], Andres selects Android in Habilidad, Andres selects Colombia in Pais, Andres clicks on //span[@class='select2-selection select2-selection--single'], Andres enters 'Australia' into //input[@class='select2-search__field'], Andres types 'DOWN' in //input[@class='select2-search__field'], Andres types 'ENTER' in //input[@class='select2-search__field'], Andres selects 2000 in AÃ±o de nacimiento, Andres selects April in Mes de nacimiento, Andres selects 20 in Dia de nacimiento, Andres enters 'i^zK76BlHdd*' into Primera ContraseÃ±a, Andres enters 'i^zK76BlHdd*' into Segunda ContraseÃ±a]]]
[Test worker] WARN net.thucydides.core.steps.BaseStepListener - stepFinished: current outcome:Registration in demo automation:Example: {strName=Andres, strLastName=Rojas, strAddress=Cra 52 # 14 30, strEmail=andres@gmail.com, strPhone=3131235121, strGander=Male, strHobbie=Cricket, strLanguages=English, strSkill=Android, strCountry=Colombia, strSelectCountry=Australia, strYear=2000, strMonth=April, strDay=20} [Given andres wants to register in demo automation [Andres open up [Andres opens the Demo page]], When he fills out the form
| strName | strLastName | strAddress | strEmail | strPhone | strGander | strHobbie | strLanguages | strSkill | strCountry | strSelectCountry | strYear | strMonth | strDay |
| Andres | Rojas | Cra 52 # 14 30 | andres@gmail.com | 3131235121 | Male | Cricket | English | Android | Colombia | Australia | 2000 | April | 20 | [Andres register form [Andres enters 'Andres' into Nombre, Andres enters 'Rojas' into Apellido, Andres enters 'Cra 52 # 14 30' into DIRECCION, Andres enters 'andres@gmail.com' into CORREO, Andres enters '3131235121' into CORREO, Andres clicks on //div[@class='col-md-4 col-xs-4 col-sm-4']//input[@value='Male'], Andres clicks on //div[@class='col-md-4 col-xs-4 col-sm-4']//input[@value='Cricket'], Andres clicks on //div[@class='ui-autocomplete-multiselect ui-state-default ui-widget'], Andres clicks on //a[contains(text(),'English')], Andres selects Android in Habilidad, Andres selects Colombia in Pais, Andres clicks on //span[@class='select2-selection select2-selection--single'], Andres enters 'Australia' into //input[@class='select2-search__field'], Andres types 'DOWN' in //input[@class='select2-search__field'], Andres types 'ENTER' in //input[@class='select2-search__field'], Andres selects 2000 in AÃ±o de nacimiento, Andres selects April in Mes de nacimiento, Andres selects 20 in Dia de nacimiento, Andres enters 'i^zK76BlHdd*' into Primera ContraseÃ±a, Andres enters 'i^zK76BlHdd*' into Segunda ContraseÃ±a]]]
[Test worker] WARN net.thucydides.core.steps.BaseStepListener - stepStarted: net.thucydides.core.steps.ExecutedStepDescription@368590a9
[Test worker] WARN net.thucydides.core.steps.BaseStepListener - stepFinished: current outcome:Registration in demo automation:Example: {strName=Andres, strLastName=Rojas, strAddress=Cra 52 # 14 30, strEmail=andres@gmail.com, strPhone=3131235121, strGander=Male, strHobbie=Cricket, strLanguages=English, strSkill=Android, strCountry=Colombia, strSelectCountry=Australia, strYear=2000, strMonth=April, strDay=20} [Given andres wants to register in demo automation [Andres open up [Andres opens the Demo page]], When he fills out the form
| strName | strLastName | strAddress | strEmail | strPhone | strGander | strHobbie | strLanguages | strSkill | strCountry | strSelectCountry | strYear | strMonth | strDay |
| Andres | Rojas | Cra 52 # 14 30 | andres@gmail.com | 3131235121 | Male | Cricket | English | Android | Colombia | Australia | 2000 | April | 20 | [Andres register form [Andres enters 'Andres' into Nombre, Andres enters 'Rojas' into Apellido, Andres enters 'Cra 52 # 14 30' into DIRECCION, Andres enters 'andres@gmail.com' into CORREO, Andres enters '3131235121' into CORREO, Andres clicks on //div[@class='col-md-4 col-xs-4 col-sm-4']//input[@value='Male'], Andres clicks on //div[@class='col-md-4 col-xs-4 col-sm-4']//input[@value='Cricket'], Andres clicks on //div[@class='ui-autocomplete-multiselect ui-state-default ui-widget'], Andres clicks on //a[contains(text(),'English')], Andres selects Android in Habilidad, Andres selects Colombia in Pais, Andres clicks on //span[@class='select2-selection select2-selection--single'], Andres enters 'Australia' into //input[@class='select2-search__field'], Andres types 'DOWN' in //input[@class='select2-search__field'], Andres types 'ENTER' in //input[@class='select2-search__field'], Andres selects 2000 in AÃ±o de nacimiento, Andres selects April in Mes de nacimiento, Andres selects 20 in Dia de nacimiento, Andres enters 'i^zK76BlHdd*' into Primera ContraseÃ±a, Andres enters 'i^zK76BlHdd*' into Segunda ContraseÃ±a]], Then he finds]
[Test worker] WARN net.thucydides.core.steps.BaseStepListener - stepFinished: current outcome:Registration in demo automation:Example: {strName=Andres, strLastName=Rojas, strAddress=Cra 52 # 14 30, strEmail=andres@gmail.com, strPhone=3131235121, strGander=Male, strHobbie=Cricket, strLanguages=English, strSkill=Android, strCountry=Colombia, strSelectCountry=Australia, strYear=2000, strMonth=April, strDay=20} [Given andres wants to register in demo automation [Andres open up [Andres opens the Demo page]], When he fills out the form
| strName | strLastName | strAddress | strEmail | strPhone | strGander | strHobbie | strLanguages | strSkill | strCountry | strSelectCountry | strYear | strMonth | strDay |
| Andres | Rojas | Cra 52 # 14 30 | andres@gmail.com | 3131235121 | Male | Cricket | English | Android | Colombia | Australia | 2000 | April | 20 | [Andres register form [Andres enters 'Andres' into Nombre, Andres enters 'Rojas' into Apellido, Andres enters 'Cra 52 # 14 30' into DIRECCION, Andres enters 'andres@gmail.com' into CORREO, Andres enters '3131235121' into CORREO, Andres clicks on //div[@class='col-md-4 col-xs-4 col-sm-4']//input[@value='Male'], Andres clicks on //div[@class='col-md-4 col-xs-4 col-sm-4']//input[@value='Cricket'], Andres clicks on //div[@class='ui-autocomplete-multiselect ui-state-default ui-widget'], Andres clicks on //a[contains(text(),'English')], Andres selects Android in Habilidad, Andres selects Colombia in Pais, Andres clicks on //span[@class='select2-selection select2-selection--single'], Andres enters 'Australia' into //input[@class='select2-search__field'], Andres types 'DOWN' in //input[@class='select2-search__field'], Andres types 'ENTER' in //input[@class='select2-search__field'], Andres selects 2000 in AÃ±o de nacimiento, Andres selects April in Mes de nacimiento, Andres selects 20 in Dia de nacimiento, Andres enters 'i^zK76BlHdd*' into Primera ContraseÃ±a, Andres enters 'i^zK76BlHdd*' into Segunda ContraseÃ±a]], Then he finds]
[Test worker] WARN net.thucydides.core.steps.BaseStepListener - testFinished: Registration in demo automation:Example: {strName=Andres, strLastName=Rojas, strAddress=Cra 52 # 14 30, strEmail=andres@gmail.com, strPhone=3131235121, strGander=Male, strHobbie=Cricket, strLanguages=English, strSkill=Android, strCountry=Colombia, strSelectCountry=Australia, strYear=2000, strMonth=April, strDay=20} [Given andres wants to register in demo automation [Andres open up [Andres opens the Demo page]], When he fills out the form
| strName | strLastName | strAddress | strEmail | strPhone | strGander | strHobbie | strLanguages | strSkill | strCountry | strSelectCountry | strYear | strMonth | strDay |
| Andres | Rojas | Cra 52 # 14 30 | andres@gmail.com | 3131235121 | Male | Cricket | English | Android | Colombia | Australia | 2000 | April | 20 | [Andres register form [Andres enters 'Andres' into Nombre, Andres enters 'Rojas' into Apellido, Andres enters 'Cra 52 # 14 30' into DIRECCION, Andres enters 'andres@gmail.com' into CORREO, Andres enters '3131235121' into CORREO, Andres clicks on //div[@class='col-md-4 col-xs-4 col-sm-4']//input[@value='Male'], Andres clicks on //div[@class='col-md-4 col-xs-4 col-sm-4']//input[@value='Cricket'], Andres clicks on //div[@class='ui-autocomplete-multiselect ui-state-default ui-widget'], Andres clicks on //a[contains(text(),'English')], Andres selects Android in Habilidad, Andres selects Colombia in Pais, Andres clicks on //span[@class='select2-selection select2-selection--single'], Andres enters 'Australia' into //input[@class='select2-search__field'], Andres types 'DOWN' in //input[@class='select2-search__field'], Andres types 'ENTER' in //input[@class='select2-search__field'], Andres selects 2000 in AÃ±o de nacimiento, Andres selects April in Mes de nacimiento, Andres selects 20 in Dia de nacimiento, Andres enters 'i^zK76BlHdd*' into Primera ContraseÃ±a, Andres enters 'i^zK76BlHdd*' into Segunda ContraseÃ±a]], Then he finds]
[Test worker] WARN net.thucydides.core.steps.BaseStepListener - TestOutcomes: [Registration in demo automation:Example: {strName=Andres, strLastName=Rojas, strAddress=Cra 52 # 14 30, strEmail=andres@gmail.com, strPhone=3131235121, strGander=Male, strHobbie=Cricket, strLanguages=English, strSkill=Android, strCountry=Colombia, strSelectCountry=Australia, strYear=2000, strMonth=April, strDay=20} [Given andres wants to register in demo automation [Andres open up [Andres opens the Demo page]], When he fills out the form
| strName | strLastName | strAddress | strEmail | strPhone | strGander | strHobbie | strLanguages | strSkill | strCountry | strSelectCountry | strYear | strMonth | strDay |
| Andres | Rojas | Cra 52 # 14 30 | andres@gmail.com | 3131235121 | Male | Cricket | English | Android | Colombia | Australia | 2000 | April | 20 | [Andres register form [Andres enters 'Andres' into Nombre, Andres enters 'Rojas' into Apellido, Andres enters 'Cra 52 # 14 30' into DIRECCION, Andres enters 'andres@gmail.com' into CORREO, Andres enters '3131235121' into CORREO, Andres clicks on //div[@class='col-md-4 col-xs-4 col-sm-4']//input[@value='Male'], Andres clicks on //div[@class='col-md-4 col-xs-4 col-sm-4']//input[@value='Cricket'], Andres clicks on //div[@class='ui-autocomplete-multiselect ui-state-default ui-widget'], Andres clicks on //a[contains(text(),'English')], Andres selects Android in Habilidad, Andres selects Colombia in Pais, Andres clicks on //span[@class='select2-selection select2-selection--single'], Andres enters 'Australia' into //input[@class='select2-search__field'], Andres types 'DOWN' in //input[@class='select2-search__field'], Andres types 'ENTER' in //input[@class='select2-search__field'], Andres selects 2000 in AÃ±o de nacimiento, Andres selects April in Mes de nacimiento, Andres selects 20 in Dia de nacimiento, Andres enters 'i^zK76BlHdd*' into Primera ContraseÃ±a, Andres enters 'i^zK76BlHdd*' into Segunda ContraseÃ±a]], Then he finds]]
[Test worker] WARN net.thucydides.core.steps.BaseStepListener - Final testOutcomes: [Registration in demo automation:Example: {strName=Andres, strLastName=Rojas, strAddress=Cra 52 # 14 30, strEmail=andres@gmail.com, strPhone=3131235121, strGander=Male, strHobbie=Cricket, strLanguages=English, strSkill=Android, strCountry=Colombia, strSelectCountry=Australia, strYear=2000, strMonth=April, strDay=20} [Given andres wants to register in demo automation [Andres open up [Andres opens the Demo page]], When he fills out the form
| strName | strLastName | strAddress | strEmail | strPhone | strGander | strHobbie | strLanguages | strSkill | strCountry | strSelectCountry | strYear | strMonth | strDay |
| Andres | Rojas | Cra 52 # 14 30 | andres@gmail.com | 3131235121 | Male | Cricket | English | Android | Colombia | Australia | 2000 | April | 20 | [Andres register form [Andres enters 'Andres' into Nombre, Andres enters 'Rojas' into Apellido, Andres enters 'Cra 52 # 14 30' into DIRECCION, Andres enters 'andres@gmail.com' into CORREO, Andres enters '3131235121' into CORREO, Andres clicks on //div[@class='col-md-4 col-xs-4 col-sm-4']//input[@value='Male'], Andres clicks on //div[@class='col-md-4 col-xs-4 col-sm-4']//input[@value='Cricket'], Andres clicks on //div[@class='ui-autocomplete-multiselect ui-state-default ui-widget'], Andres clicks on //a[contains(text(),'English')], Andres selects Android in Habilidad, Andres selects Colombia in Pais, Andres clicks on //span[@class='select2-selection select2-selection--single'], Andres enters 'Australia' into //input[@class='select2-search__field'], Andres types 'DOWN' in //input[@class='select2-search__field'], Andres types 'ENTER' in //input[@class='select2-search__field'], Andres selects 2000 in AÃ±o de nacimiento, Andres selects April in Mes de nacimiento, Andres selects 20 in Dia de nacimiento, Andres enters 'i^zK76BlHdd*' into Primera ContraseÃ±a, Andres enters 'i^zK76BlHdd*' into Segunda ContraseÃ±a]], Then he finds]]
[Test worker] INFO net.thucydides.core.steps.ConsoleLoggingListener - 
        __    _____ _____ ____ _____   ____   _    ____  ____  _____ ____  
  _     \ \  |_   _| ____/ ___|_   _| |  _ \ / \  / ___|/ ___|| ____|  _ \ 
 (_)_____| |   | | |  _| \___ \ | |   | |_) / _ \ \___ \\___ \|  _| | | | |
  _|_____| |   | | | |___ ___) || |   |  __/ ___ \ ___) |___) | |___| |_| |
 (_)     | |   |_| |_____|____/ |_|   |_| /_/   \_\____/|____/|_____|____/ 
        /_/                                                                

TEST PASSED: Registration in demo automation
----------------------------------------------------------------------------
]]></system-err>
</testsuite>
