<?xml version="1.0" encoding="UTF-8"?>
<testsuite name="Demo Automation" tests="1" skipped="0" failures="0" errors="0" timestamp="2021-03-20T15:54:09" hostname="DESKTOP-CURJO95" time="22.827">
  <properties/>
  <testcase name="Registration in demo automation" classname="Demo Automation" time="22.827"/>
  <system-out><![CDATA[]]></system-out>
  <system-err><![CDATA[[Test worker] WARN net.thucydides.core.steps.BaseStepListener - stepStarted: net.thucydides.core.steps.ExecutedStepDescription@29692be7
[Test worker] WARN net.thucydides.core.steps.BaseStepListener - stepStarted: net.thucydides.core.steps.ExecutedStepDescription@30c4f521
[Test worker] WARN net.thucydides.core.steps.BaseStepListener - stepStarted: net.thucydides.core.steps.ExecutedStepDescription@76525127
mar 20, 2021 10:54:10 AM org.openqa.selenium.remote.DesiredCapabilities chrome
INFORMACIÓN: Using `new ChromeOptions()` is preferred to `DesiredCapabilities.chrome()`
[Test worker] INFO net.serenitybdd.core.webdriver.driverproviders.ProvideNewDriver - Instantiating driver
[Test worker] INFO net.serenitybdd.core.webdriver.driverproviders.ProvideNewDriver - Driver capabilities: Capabilities {acceptInsecureCerts: false, browserName: chrome, chrome.switches: --start-maximized;--test-ty..., goog:chromeOptions: {args: [--start-maximized, --test-type, --no-sandbox, --ignore-certificate-errors..., --disable-popup-blocking, --disable-default-apps, --disable-extensions-file-a..., --incognito, --disable-infobars, --disable-gpu], extensions: []}, loggingPrefs: org.openqa.selenium.logging..., platform: ANY, version: }
Starting ChromeDriver 88.0.4324.96 (68dba2d8a0b149a1d3afac56fa74648032bcf46b-refs/branch-heads/4324@{#1784}) on port 4943
Only local connections are allowed.
Please see https://chromedriver.chromium.org/security-considerations for suggestions on keeping ChromeDriver safe.
ChromeDriver was started successfully.
[1616255653.387][WARNING]: This version of ChromeDriver has not been tested with Chrome version 89.
mar 20, 2021 10:54:13 AM org.openqa.selenium.remote.ProtocolHandshake createSession
INFORMACIÓN: Detected dialect: W3C
[Test worker] WARN net.thucydides.core.steps.BaseStepListener - stepFinished: current outcome:Registration in demo automation:Example: {strName=andres, strLastName=Rojas, strAddress=Cra 52 # 14 30, strEmail=andres@gmail.com, strPhone=3131235121, strGander=Male, strHobbie=Cricket, strLanguages=English, strSkill=Android, strCountry=Colombia, strSelectCountry=Australia} [Given andres wants to register in demo automation [Andres open up [Andres opens the Demo page]]]
[Test worker] WARN net.thucydides.core.steps.BaseStepListener - stepFinished: current outcome:Registration in demo automation:Example: {strName=andres, strLastName=Rojas, strAddress=Cra 52 # 14 30, strEmail=andres@gmail.com, strPhone=3131235121, strGander=Male, strHobbie=Cricket, strLanguages=English, strSkill=Android, strCountry=Colombia, strSelectCountry=Australia} [Given andres wants to register in demo automation [Andres open up [Andres opens the Demo page]]]
[Test worker] WARN net.thucydides.core.steps.BaseStepListener - stepFinished: current outcome:Registration in demo automation:Example: {strName=andres, strLastName=Rojas, strAddress=Cra 52 # 14 30, strEmail=andres@gmail.com, strPhone=3131235121, strGander=Male, strHobbie=Cricket, strLanguages=English, strSkill=Android, strCountry=Colombia, strSelectCountry=Australia} [Given andres wants to register in demo automation [Andres open up [Andres opens the Demo page]]]
[Test worker] WARN net.thucydides.core.steps.BaseStepListener - stepStarted: net.thucydides.core.steps.ExecutedStepDescription@4d6392f6
[Test worker] WARN net.thucydides.core.steps.BaseStepListener - stepStarted: net.thucydides.core.steps.ExecutedStepDescription@575f1c03
[Test worker] WARN net.thucydides.core.steps.BaseStepListener - stepStarted: net.thucydides.core.steps.ExecutedStepDescription@b008247
[Test worker] WARN net.thucydides.core.steps.BaseStepListener - stepFinished: current outcome:Registration in demo automation:Example: {strName=andres, strLastName=Rojas, strAddress=Cra 52 # 14 30, strEmail=andres@gmail.com, strPhone=3131235121, strGander=Male, strHobbie=Cricket, strLanguages=English, strSkill=Android, strCountry=Colombia, strSelectCountry=Australia} [Given andres wants to register in demo automation [Andres open up [Andres opens the Demo page]], When he fills out the form
| strName | strLastName | strAddress | strEmail | strPhone | strGander | strHobbie | strLanguages | strSkill | strCountry | strSelectCountry |
| andres | Rojas | Cra 52 # 14 30 | andres@gmail.com | 3131235121 | Male | Cricket | English | Android | Colombia | Australia | [Andres register form [Andres enters 'andres' into Nombre]]]
[Test worker] WARN net.thucydides.core.steps.BaseStepListener - stepStarted: net.thucydides.core.steps.ExecutedStepDescription@5b204b7d
[Test worker] WARN net.thucydides.core.steps.BaseStepListener - stepFinished: current outcome:Registration in demo automation:Example: {strName=andres, strLastName=Rojas, strAddress=Cra 52 # 14 30, strEmail=andres@gmail.com, strPhone=3131235121, strGander=Male, strHobbie=Cricket, strLanguages=English, strSkill=Android, strCountry=Colombia, strSelectCountry=Australia} [Given andres wants to register in demo automation [Andres open up [Andres opens the Demo page]], When he fills out the form
| strName | strLastName | strAddress | strEmail | strPhone | strGander | strHobbie | strLanguages | strSkill | strCountry | strSelectCountry |
| andres | Rojas | Cra 52 # 14 30 | andres@gmail.com | 3131235121 | Male | Cricket | English | Android | Colombia | Australia | [Andres register form [Andres enters 'andres' into Nombre, Andres enters 'Rojas' into Apellido]]]
[Test worker] WARN net.thucydides.core.steps.BaseStepListener - stepStarted: net.thucydides.core.steps.ExecutedStepDescription@39df9fa1
[Test worker] WARN net.thucydides.core.steps.BaseStepListener - stepFinished: current outcome:Registration in demo automation:Example: {strName=andres, strLastName=Rojas, strAddress=Cra 52 # 14 30, strEmail=andres@gmail.com, strPhone=3131235121, strGander=Male, strHobbie=Cricket, strLanguages=English, strSkill=Android, strCountry=Colombia, strSelectCountry=Australia} [Given andres wants to register in demo automation [Andres open up [Andres opens the Demo page]], When he fills out the form
| strName | strLastName | strAddress | strEmail | strPhone | strGander | strHobbie | strLanguages | strSkill | strCountry | strSelectCountry |
| andres | Rojas | Cra 52 # 14 30 | andres@gmail.com | 3131235121 | Male | Cricket | English | Android | Colombia | Australia | [Andres register form [Andres enters 'andres' into Nombre, Andres enters 'Rojas' into Apellido, Andres enters 'Cra 52 # 14 30' into DIRECCION]]]
[Test worker] WARN net.thucydides.core.steps.BaseStepListener - stepStarted: net.thucydides.core.steps.ExecutedStepDescription@1317e2dc
[Test worker] WARN net.thucydides.core.steps.BaseStepListener - stepFinished: current outcome:Registration in demo automation:Example: {strName=andres, strLastName=Rojas, strAddress=Cra 52 # 14 30, strEmail=andres@gmail.com, strPhone=3131235121, strGander=Male, strHobbie=Cricket, strLanguages=English, strSkill=Android, strCountry=Colombia, strSelectCountry=Australia} [Given andres wants to register in demo automation [Andres open up [Andres opens the Demo page]], When he fills out the form
| strName | strLastName | strAddress | strEmail | strPhone | strGander | strHobbie | strLanguages | strSkill | strCountry | strSelectCountry |
| andres | Rojas | Cra 52 # 14 30 | andres@gmail.com | 3131235121 | Male | Cricket | English | Android | Colombia | Australia | [Andres register form [Andres enters 'andres' into Nombre, Andres enters 'Rojas' into Apellido, Andres enters 'Cra 52 # 14 30' into DIRECCION, Andres enters 'andres@gmail.com' into CORREO]]]
[Test worker] WARN net.thucydides.core.steps.BaseStepListener - stepStarted: net.thucydides.core.steps.ExecutedStepDescription@79dfb8fc
[Test worker] WARN net.thucydides.core.steps.BaseStepListener - stepFinished: current outcome:Registration in demo automation:Example: {strName=andres, strLastName=Rojas, strAddress=Cra 52 # 14 30, strEmail=andres@gmail.com, strPhone=3131235121, strGander=Male, strHobbie=Cricket, strLanguages=English, strSkill=Android, strCountry=Colombia, strSelectCountry=Australia} [Given andres wants to register in demo automation [Andres open up [Andres opens the Demo page]], When he fills out the form
| strName | strLastName | strAddress | strEmail | strPhone | strGander | strHobbie | strLanguages | strSkill | strCountry | strSelectCountry |
| andres | Rojas | Cra 52 # 14 30 | andres@gmail.com | 3131235121 | Male | Cricket | English | Android | Colombia | Australia | [Andres register form [Andres enters 'andres' into Nombre, Andres enters 'Rojas' into Apellido, Andres enters 'Cra 52 # 14 30' into DIRECCION, Andres enters 'andres@gmail.com' into CORREO, Andres enters '3131235121' into CORREO]]]
[Test worker] WARN net.thucydides.core.steps.BaseStepListener - stepStarted: net.thucydides.core.steps.ExecutedStepDescription@7fab414b
[Test worker] WARN net.thucydides.core.steps.BaseStepListener - stepFinished: current outcome:Registration in demo automation:Example: {strName=andres, strLastName=Rojas, strAddress=Cra 52 # 14 30, strEmail=andres@gmail.com, strPhone=3131235121, strGander=Male, strHobbie=Cricket, strLanguages=English, strSkill=Android, strCountry=Colombia, strSelectCountry=Australia} [Given andres wants to register in demo automation [Andres open up [Andres opens the Demo page]], When he fills out the form
| strName | strLastName | strAddress | strEmail | strPhone | strGander | strHobbie | strLanguages | strSkill | strCountry | strSelectCountry |
| andres | Rojas | Cra 52 # 14 30 | andres@gmail.com | 3131235121 | Male | Cricket | English | Android | Colombia | Australia | [Andres register form [Andres enters 'andres' into Nombre, Andres enters 'Rojas' into Apellido, Andres enters 'Cra 52 # 14 30' into DIRECCION, Andres enters 'andres@gmail.com' into CORREO, Andres enters '3131235121' into CORREO, Andres clicks on //div[@class='col-md-4 col-xs-4 col-sm-4']//input[@value='Male']]]]
[Test worker] WARN net.thucydides.core.steps.BaseStepListener - stepStarted: net.thucydides.core.steps.ExecutedStepDescription@4c74fd9e
[Test worker] WARN net.thucydides.core.steps.BaseStepListener - stepFinished: current outcome:Registration in demo automation:Example: {strName=andres, strLastName=Rojas, strAddress=Cra 52 # 14 30, strEmail=andres@gmail.com, strPhone=3131235121, strGander=Male, strHobbie=Cricket, strLanguages=English, strSkill=Android, strCountry=Colombia, strSelectCountry=Australia} [Given andres wants to register in demo automation [Andres open up [Andres opens the Demo page]], When he fills out the form
| strName | strLastName | strAddress | strEmail | strPhone | strGander | strHobbie | strLanguages | strSkill | strCountry | strSelectCountry |
| andres | Rojas | Cra 52 # 14 30 | andres@gmail.com | 3131235121 | Male | Cricket | English | Android | Colombia | Australia | [Andres register form [Andres enters 'andres' into Nombre, Andres enters 'Rojas' into Apellido, Andres enters 'Cra 52 # 14 30' into DIRECCION, Andres enters 'andres@gmail.com' into CORREO, Andres enters '3131235121' into CORREO, Andres clicks on //div[@class='col-md-4 col-xs-4 col-sm-4']//input[@value='Male'], Andres clicks on //div[@class='col-md-4 col-xs-4 col-sm-4']//input[@value='Cricket']]]]
[Test worker] WARN net.thucydides.core.steps.BaseStepListener - stepStarted: net.thucydides.core.steps.ExecutedStepDescription@561ead30
[Test worker] WARN net.thucydides.core.steps.BaseStepListener - stepFinished: current outcome:Registration in demo automation:Example: {strName=andres, strLastName=Rojas, strAddress=Cra 52 # 14 30, strEmail=andres@gmail.com, strPhone=3131235121, strGander=Male, strHobbie=Cricket, strLanguages=English, strSkill=Android, strCountry=Colombia, strSelectCountry=Australia} [Given andres wants to register in demo automation [Andres open up [Andres opens the Demo page]], When he fills out the form
| strName | strLastName | strAddress | strEmail | strPhone | strGander | strHobbie | strLanguages | strSkill | strCountry | strSelectCountry |
| andres | Rojas | Cra 52 # 14 30 | andres@gmail.com | 3131235121 | Male | Cricket | English | Android | Colombia | Australia | [Andres register form [Andres enters 'andres' into Nombre, Andres enters 'Rojas' into Apellido, Andres enters 'Cra 52 # 14 30' into DIRECCION, Andres enters 'andres@gmail.com' into CORREO, Andres enters '3131235121' into CORREO, Andres clicks on //div[@class='col-md-4 col-xs-4 col-sm-4']//input[@value='Male'], Andres clicks on //div[@class='col-md-4 col-xs-4 col-sm-4']//input[@value='Cricket'], Andres clicks on //div[@class='ui-autocomplete-multiselect ui-state-default ui-widget']]]]
[Test worker] WARN net.thucydides.core.steps.BaseStepListener - stepStarted: net.thucydides.core.steps.ExecutedStepDescription@18e6b57d
[Test worker] WARN net.thucydides.core.steps.BaseStepListener - stepFinished: current outcome:Registration in demo automation:Example: {strName=andres, strLastName=Rojas, strAddress=Cra 52 # 14 30, strEmail=andres@gmail.com, strPhone=3131235121, strGander=Male, strHobbie=Cricket, strLanguages=English, strSkill=Android, strCountry=Colombia, strSelectCountry=Australia} [Given andres wants to register in demo automation [Andres open up [Andres opens the Demo page]], When he fills out the form
| strName | strLastName | strAddress | strEmail | strPhone | strGander | strHobbie | strLanguages | strSkill | strCountry | strSelectCountry |
| andres | Rojas | Cra 52 # 14 30 | andres@gmail.com | 3131235121 | Male | Cricket | English | Android | Colombia | Australia | [Andres register form [Andres enters 'andres' into Nombre, Andres enters 'Rojas' into Apellido, Andres enters 'Cra 52 # 14 30' into DIRECCION, Andres enters 'andres@gmail.com' into CORREO, Andres enters '3131235121' into CORREO, Andres clicks on //div[@class='col-md-4 col-xs-4 col-sm-4']//input[@value='Male'], Andres clicks on //div[@class='col-md-4 col-xs-4 col-sm-4']//input[@value='Cricket'], Andres clicks on //div[@class='ui-autocomplete-multiselect ui-state-default ui-widget'], Andres clicks on //a[contains(text(),'English')]]]]
[Test worker] WARN net.thucydides.core.steps.BaseStepListener - stepStarted: net.thucydides.core.steps.ExecutedStepDescription@30d1c326
[Test worker] WARN net.thucydides.core.steps.BaseStepListener - stepFinished: current outcome:Registration in demo automation:Example: {strName=andres, strLastName=Rojas, strAddress=Cra 52 # 14 30, strEmail=andres@gmail.com, strPhone=3131235121, strGander=Male, strHobbie=Cricket, strLanguages=English, strSkill=Android, strCountry=Colombia, strSelectCountry=Australia} [Given andres wants to register in demo automation [Andres open up [Andres opens the Demo page]], When he fills out the form
| strName | strLastName | strAddress | strEmail | strPhone | strGander | strHobbie | strLanguages | strSkill | strCountry | strSelectCountry |
| andres | Rojas | Cra 52 # 14 30 | andres@gmail.com | 3131235121 | Male | Cricket | English | Android | Colombia | Australia | [Andres register form [Andres enters 'andres' into Nombre, Andres enters 'Rojas' into Apellido, Andres enters 'Cra 52 # 14 30' into DIRECCION, Andres enters 'andres@gmail.com' into CORREO, Andres enters '3131235121' into CORREO, Andres clicks on //div[@class='col-md-4 col-xs-4 col-sm-4']//input[@value='Male'], Andres clicks on //div[@class='col-md-4 col-xs-4 col-sm-4']//input[@value='Cricket'], Andres clicks on //div[@class='ui-autocomplete-multiselect ui-state-default ui-widget'], Andres clicks on //a[contains(text(),'English')], Andres selects Android in Habilidad]]]
[Test worker] WARN net.thucydides.core.steps.BaseStepListener - stepStarted: net.thucydides.core.steps.ExecutedStepDescription@4f6b2656
[Test worker] WARN net.thucydides.core.steps.BaseStepListener - stepFinished: current outcome:Registration in demo automation:Example: {strName=andres, strLastName=Rojas, strAddress=Cra 52 # 14 30, strEmail=andres@gmail.com, strPhone=3131235121, strGander=Male, strHobbie=Cricket, strLanguages=English, strSkill=Android, strCountry=Colombia, strSelectCountry=Australia} [Given andres wants to register in demo automation [Andres open up [Andres opens the Demo page]], When he fills out the form
| strName | strLastName | strAddress | strEmail | strPhone | strGander | strHobbie | strLanguages | strSkill | strCountry | strSelectCountry |
| andres | Rojas | Cra 52 # 14 30 | andres@gmail.com | 3131235121 | Male | Cricket | English | Android | Colombia | Australia | [Andres register form [Andres enters 'andres' into Nombre, Andres enters 'Rojas' into Apellido, Andres enters 'Cra 52 # 14 30' into DIRECCION, Andres enters 'andres@gmail.com' into CORREO, Andres enters '3131235121' into CORREO, Andres clicks on //div[@class='col-md-4 col-xs-4 col-sm-4']//input[@value='Male'], Andres clicks on //div[@class='col-md-4 col-xs-4 col-sm-4']//input[@value='Cricket'], Andres clicks on //div[@class='ui-autocomplete-multiselect ui-state-default ui-widget'], Andres clicks on //a[contains(text(),'English')], Andres selects Android in Habilidad, Andres selects Colombia in Pais]]]
[Test worker] WARN net.thucydides.core.steps.BaseStepListener - stepStarted: net.thucydides.core.steps.ExecutedStepDescription@6f91070d
[Test worker] WARN net.thucydides.core.steps.BaseStepListener - stepFinished: current outcome:Registration in demo automation:Example: {strName=andres, strLastName=Rojas, strAddress=Cra 52 # 14 30, strEmail=andres@gmail.com, strPhone=3131235121, strGander=Male, strHobbie=Cricket, strLanguages=English, strSkill=Android, strCountry=Colombia, strSelectCountry=Australia} [Given andres wants to register in demo automation [Andres open up [Andres opens the Demo page]], When he fills out the form
| strName | strLastName | strAddress | strEmail | strPhone | strGander | strHobbie | strLanguages | strSkill | strCountry | strSelectCountry |
| andres | Rojas | Cra 52 # 14 30 | andres@gmail.com | 3131235121 | Male | Cricket | English | Android | Colombia | Australia | [Andres register form [Andres enters 'andres' into Nombre, Andres enters 'Rojas' into Apellido, Andres enters 'Cra 52 # 14 30' into DIRECCION, Andres enters 'andres@gmail.com' into CORREO, Andres enters '3131235121' into CORREO, Andres clicks on //div[@class='col-md-4 col-xs-4 col-sm-4']//input[@value='Male'], Andres clicks on //div[@class='col-md-4 col-xs-4 col-sm-4']//input[@value='Cricket'], Andres clicks on //div[@class='ui-autocomplete-multiselect ui-state-default ui-widget'], Andres clicks on //a[contains(text(),'English')], Andres selects Android in Habilidad, Andres selects Colombia in Pais, Andres clicks on //span[@class='select2-selection select2-selection--single']]]]
[Test worker] WARN net.thucydides.core.steps.BaseStepListener - stepStarted: net.thucydides.core.steps.ExecutedStepDescription@6fc83d99
[Test worker] WARN net.thucydides.core.steps.BaseStepListener - stepFinished: current outcome:Registration in demo automation:Example: {strName=andres, strLastName=Rojas, strAddress=Cra 52 # 14 30, strEmail=andres@gmail.com, strPhone=3131235121, strGander=Male, strHobbie=Cricket, strLanguages=English, strSkill=Android, strCountry=Colombia, strSelectCountry=Australia} [Given andres wants to register in demo automation [Andres open up [Andres opens the Demo page]], When he fills out the form
| strName | strLastName | strAddress | strEmail | strPhone | strGander | strHobbie | strLanguages | strSkill | strCountry | strSelectCountry |
| andres | Rojas | Cra 52 # 14 30 | andres@gmail.com | 3131235121 | Male | Cricket | English | Android | Colombia | Australia | [Andres register form [Andres enters 'andres' into Nombre, Andres enters 'Rojas' into Apellido, Andres enters 'Cra 52 # 14 30' into DIRECCION, Andres enters 'andres@gmail.com' into CORREO, Andres enters '3131235121' into CORREO, Andres clicks on //div[@class='col-md-4 col-xs-4 col-sm-4']//input[@value='Male'], Andres clicks on //div[@class='col-md-4 col-xs-4 col-sm-4']//input[@value='Cricket'], Andres clicks on //div[@class='ui-autocomplete-multiselect ui-state-default ui-widget'], Andres clicks on //a[contains(text(),'English')], Andres selects Android in Habilidad, Andres selects Colombia in Pais, Andres clicks on //span[@class='select2-selection select2-selection--single'], Andres enters 'Australia' into //input[@class='select2-search__field']]]]
[Test worker] WARN net.thucydides.core.steps.BaseStepListener - stepStarted: net.thucydides.core.steps.ExecutedStepDescription@497ac9ca
[Test worker] WARN net.thucydides.core.steps.BaseStepListener - stepFinished: current outcome:Registration in demo automation:Example: {strName=andres, strLastName=Rojas, strAddress=Cra 52 # 14 30, strEmail=andres@gmail.com, strPhone=3131235121, strGander=Male, strHobbie=Cricket, strLanguages=English, strSkill=Android, strCountry=Colombia, strSelectCountry=Australia} [Given andres wants to register in demo automation [Andres open up [Andres opens the Demo page]], When he fills out the form
| strName | strLastName | strAddress | strEmail | strPhone | strGander | strHobbie | strLanguages | strSkill | strCountry | strSelectCountry |
| andres | Rojas | Cra 52 # 14 30 | andres@gmail.com | 3131235121 | Male | Cricket | English | Android | Colombia | Australia | [Andres register form [Andres enters 'andres' into Nombre, Andres enters 'Rojas' into Apellido, Andres enters 'Cra 52 # 14 30' into DIRECCION, Andres enters 'andres@gmail.com' into CORREO, Andres enters '3131235121' into CORREO, Andres clicks on //div[@class='col-md-4 col-xs-4 col-sm-4']//input[@value='Male'], Andres clicks on //div[@class='col-md-4 col-xs-4 col-sm-4']//input[@value='Cricket'], Andres clicks on //div[@class='ui-autocomplete-multiselect ui-state-default ui-widget'], Andres clicks on //a[contains(text(),'English')], Andres selects Android in Habilidad, Andres selects Colombia in Pais, Andres clicks on //span[@class='select2-selection select2-selection--single'], Andres enters 'Australia' into //input[@class='select2-search__field'], Andres types 'DOWN' in //input[@class='select2-search__field']]]]
[Test worker] WARN net.thucydides.core.steps.BaseStepListener - stepStarted: net.thucydides.core.steps.ExecutedStepDescription@447b13c0
[Test worker] WARN net.thucydides.core.steps.BaseStepListener - stepFinished: current outcome:Registration in demo automation:Example: {strName=andres, strLastName=Rojas, strAddress=Cra 52 # 14 30, strEmail=andres@gmail.com, strPhone=3131235121, strGander=Male, strHobbie=Cricket, strLanguages=English, strSkill=Android, strCountry=Colombia, strSelectCountry=Australia} [Given andres wants to register in demo automation [Andres open up [Andres opens the Demo page]], When he fills out the form
| strName | strLastName | strAddress | strEmail | strPhone | strGander | strHobbie | strLanguages | strSkill | strCountry | strSelectCountry |
| andres | Rojas | Cra 52 # 14 30 | andres@gmail.com | 3131235121 | Male | Cricket | English | Android | Colombia | Australia | [Andres register form [Andres enters 'andres' into Nombre, Andres enters 'Rojas' into Apellido, Andres enters 'Cra 52 # 14 30' into DIRECCION, Andres enters 'andres@gmail.com' into CORREO, Andres enters '3131235121' into CORREO, Andres clicks on //div[@class='col-md-4 col-xs-4 col-sm-4']//input[@value='Male'], Andres clicks on //div[@class='col-md-4 col-xs-4 col-sm-4']//input[@value='Cricket'], Andres clicks on //div[@class='ui-autocomplete-multiselect ui-state-default ui-widget'], Andres clicks on //a[contains(text(),'English')], Andres selects Android in Habilidad, Andres selects Colombia in Pais, Andres clicks on //span[@class='select2-selection select2-selection--single'], Andres enters 'Australia' into //input[@class='select2-search__field'], Andres types 'DOWN' in //input[@class='select2-search__field'], Andres types 'ENTER' in //input[@class='select2-search__field']]]]
[Test worker] WARN net.thucydides.core.steps.BaseStepListener - stepStarted: net.thucydides.core.steps.ExecutedStepDescription@46958b40
[Test worker] WARN net.thucydides.core.steps.BaseStepListener - stepFinished: current outcome:Registration in demo automation:Example: {strName=andres, strLastName=Rojas, strAddress=Cra 52 # 14 30, strEmail=andres@gmail.com, strPhone=3131235121, strGander=Male, strHobbie=Cricket, strLanguages=English, strSkill=Android, strCountry=Colombia, strSelectCountry=Australia} [Given andres wants to register in demo automation [Andres open up [Andres opens the Demo page]], When he fills out the form
| strName | strLastName | strAddress | strEmail | strPhone | strGander | strHobbie | strLanguages | strSkill | strCountry | strSelectCountry |
| andres | Rojas | Cra 52 # 14 30 | andres@gmail.com | 3131235121 | Male | Cricket | English | Android | Colombia | Australia | [Andres register form [Andres enters 'andres' into Nombre, Andres enters 'Rojas' into Apellido, Andres enters 'Cra 52 # 14 30' into DIRECCION, Andres enters 'andres@gmail.com' into CORREO, Andres enters '3131235121' into CORREO, Andres clicks on //div[@class='col-md-4 col-xs-4 col-sm-4']//input[@value='Male'], Andres clicks on //div[@class='col-md-4 col-xs-4 col-sm-4']//input[@value='Cricket'], Andres clicks on //div[@class='ui-autocomplete-multiselect ui-state-default ui-widget'], Andres clicks on //a[contains(text(),'English')], Andres selects Android in Habilidad, Andres selects Colombia in Pais, Andres clicks on //span[@class='select2-selection select2-selection--single'], Andres enters 'Australia' into //input[@class='select2-search__field'], Andres types 'DOWN' in //input[@class='select2-search__field'], Andres types 'ENTER' in //input[@class='select2-search__field'], Andres selects 2000 in AÃ±o de nacimiento]]]
[Test worker] WARN net.thucydides.core.steps.BaseStepListener - stepStarted: net.thucydides.core.steps.ExecutedStepDescription@60e47029
[Test worker] WARN net.thucydides.core.steps.BaseStepListener - stepFinished: current outcome:Registration in demo automation:Example: {strName=andres, strLastName=Rojas, strAddress=Cra 52 # 14 30, strEmail=andres@gmail.com, strPhone=3131235121, strGander=Male, strHobbie=Cricket, strLanguages=English, strSkill=Android, strCountry=Colombia, strSelectCountry=Australia} [Given andres wants to register in demo automation [Andres open up [Andres opens the Demo page]], When he fills out the form
| strName | strLastName | strAddress | strEmail | strPhone | strGander | strHobbie | strLanguages | strSkill | strCountry | strSelectCountry |
| andres | Rojas | Cra 52 # 14 30 | andres@gmail.com | 3131235121 | Male | Cricket | English | Android | Colombia | Australia | [Andres register form [Andres enters 'andres' into Nombre, Andres enters 'Rojas' into Apellido, Andres enters 'Cra 52 # 14 30' into DIRECCION, Andres enters 'andres@gmail.com' into CORREO, Andres enters '3131235121' into CORREO, Andres clicks on //div[@class='col-md-4 col-xs-4 col-sm-4']//input[@value='Male'], Andres clicks on //div[@class='col-md-4 col-xs-4 col-sm-4']//input[@value='Cricket'], Andres clicks on //div[@class='ui-autocomplete-multiselect ui-state-default ui-widget'], Andres clicks on //a[contains(text(),'English')], Andres selects Android in Habilidad, Andres selects Colombia in Pais, Andres clicks on //span[@class='select2-selection select2-selection--single'], Andres enters 'Australia' into //input[@class='select2-search__field'], Andres types 'DOWN' in //input[@class='select2-search__field'], Andres types 'ENTER' in //input[@class='select2-search__field'], Andres selects 2000 in AÃ±o de nacimiento, Andres selects April in Mes de nacimiento]]]
[Test worker] WARN net.thucydides.core.steps.BaseStepListener - stepStarted: net.thucydides.core.steps.ExecutedStepDescription@1de1b7f2
[Test worker] WARN net.thucydides.core.steps.BaseStepListener - stepFinished: current outcome:Registration in demo automation:Example: {strName=andres, strLastName=Rojas, strAddress=Cra 52 # 14 30, strEmail=andres@gmail.com, strPhone=3131235121, strGander=Male, strHobbie=Cricket, strLanguages=English, strSkill=Android, strCountry=Colombia, strSelectCountry=Australia} [Given andres wants to register in demo automation [Andres open up [Andres opens the Demo page]], When he fills out the form
| strName | strLastName | strAddress | strEmail | strPhone | strGander | strHobbie | strLanguages | strSkill | strCountry | strSelectCountry |
| andres | Rojas | Cra 52 # 14 30 | andres@gmail.com | 3131235121 | Male | Cricket | English | Android | Colombia | Australia | [Andres register form [Andres enters 'andres' into Nombre, Andres enters 'Rojas' into Apellido, Andres enters 'Cra 52 # 14 30' into DIRECCION, Andres enters 'andres@gmail.com' into CORREO, Andres enters '3131235121' into CORREO, Andres clicks on //div[@class='col-md-4 col-xs-4 col-sm-4']//input[@value='Male'], Andres clicks on //div[@class='col-md-4 col-xs-4 col-sm-4']//input[@value='Cricket'], Andres clicks on //div[@class='ui-autocomplete-multiselect ui-state-default ui-widget'], Andres clicks on //a[contains(text(),'English')], Andres selects Android in Habilidad, Andres selects Colombia in Pais, Andres clicks on //span[@class='select2-selection select2-selection--single'], Andres enters 'Australia' into //input[@class='select2-search__field'], Andres types 'DOWN' in //input[@class='select2-search__field'], Andres types 'ENTER' in //input[@class='select2-search__field'], Andres selects 2000 in AÃ±o de nacimiento, Andres selects April in Mes de nacimiento, Andres selects 20 in Dia de nacimiento]]]
[Test worker] WARN net.thucydides.core.steps.BaseStepListener - stepFinished: current outcome:Registration in demo automation:Example: {strName=andres, strLastName=Rojas, strAddress=Cra 52 # 14 30, strEmail=andres@gmail.com, strPhone=3131235121, strGander=Male, strHobbie=Cricket, strLanguages=English, strSkill=Android, strCountry=Colombia, strSelectCountry=Australia} [Given andres wants to register in demo automation [Andres open up [Andres opens the Demo page]], When he fills out the form
| strName | strLastName | strAddress | strEmail | strPhone | strGander | strHobbie | strLanguages | strSkill | strCountry | strSelectCountry |
| andres | Rojas | Cra 52 # 14 30 | andres@gmail.com | 3131235121 | Male | Cricket | English | Android | Colombia | Australia | [Andres register form [Andres enters 'andres' into Nombre, Andres enters 'Rojas' into Apellido, Andres enters 'Cra 52 # 14 30' into DIRECCION, Andres enters 'andres@gmail.com' into CORREO, Andres enters '3131235121' into CORREO, Andres clicks on //div[@class='col-md-4 col-xs-4 col-sm-4']//input[@value='Male'], Andres clicks on //div[@class='col-md-4 col-xs-4 col-sm-4']//input[@value='Cricket'], Andres clicks on //div[@class='ui-autocomplete-multiselect ui-state-default ui-widget'], Andres clicks on //a[contains(text(),'English')], Andres selects Android in Habilidad, Andres selects Colombia in Pais, Andres clicks on //span[@class='select2-selection select2-selection--single'], Andres enters 'Australia' into //input[@class='select2-search__field'], Andres types 'DOWN' in //input[@class='select2-search__field'], Andres types 'ENTER' in //input[@class='select2-search__field'], Andres selects 2000 in AÃ±o de nacimiento, Andres selects April in Mes de nacimiento, Andres selects 20 in Dia de nacimiento]]]
[Test worker] WARN net.thucydides.core.steps.BaseStepListener - stepFinished: current outcome:Registration in demo automation:Example: {strName=andres, strLastName=Rojas, strAddress=Cra 52 # 14 30, strEmail=andres@gmail.com, strPhone=3131235121, strGander=Male, strHobbie=Cricket, strLanguages=English, strSkill=Android, strCountry=Colombia, strSelectCountry=Australia} [Given andres wants to register in demo automation [Andres open up [Andres opens the Demo page]], When he fills out the form
| strName | strLastName | strAddress | strEmail | strPhone | strGander | strHobbie | strLanguages | strSkill | strCountry | strSelectCountry |
| andres | Rojas | Cra 52 # 14 30 | andres@gmail.com | 3131235121 | Male | Cricket | English | Android | Colombia | Australia | [Andres register form [Andres enters 'andres' into Nombre, Andres enters 'Rojas' into Apellido, Andres enters 'Cra 52 # 14 30' into DIRECCION, Andres enters 'andres@gmail.com' into CORREO, Andres enters '3131235121' into CORREO, Andres clicks on //div[@class='col-md-4 col-xs-4 col-sm-4']//input[@value='Male'], Andres clicks on //div[@class='col-md-4 col-xs-4 col-sm-4']//input[@value='Cricket'], Andres clicks on //div[@class='ui-autocomplete-multiselect ui-state-default ui-widget'], Andres clicks on //a[contains(text(),'English')], Andres selects Android in Habilidad, Andres selects Colombia in Pais, Andres clicks on //span[@class='select2-selection select2-selection--single'], Andres enters 'Australia' into //input[@class='select2-search__field'], Andres types 'DOWN' in //input[@class='select2-search__field'], Andres types 'ENTER' in //input[@class='select2-search__field'], Andres selects 2000 in AÃ±o de nacimiento, Andres selects April in Mes de nacimiento, Andres selects 20 in Dia de nacimiento]]]
[Test worker] WARN net.thucydides.core.steps.BaseStepListener - stepStarted: net.thucydides.core.steps.ExecutedStepDescription@4480e625
[Test worker] WARN net.thucydides.core.steps.BaseStepListener - stepFinished: current outcome:Registration in demo automation:Example: {strName=andres, strLastName=Rojas, strAddress=Cra 52 # 14 30, strEmail=andres@gmail.com, strPhone=3131235121, strGander=Male, strHobbie=Cricket, strLanguages=English, strSkill=Android, strCountry=Colombia, strSelectCountry=Australia} [Given andres wants to register in demo automation [Andres open up [Andres opens the Demo page]], When he fills out the form
| strName | strLastName | strAddress | strEmail | strPhone | strGander | strHobbie | strLanguages | strSkill | strCountry | strSelectCountry |
| andres | Rojas | Cra 52 # 14 30 | andres@gmail.com | 3131235121 | Male | Cricket | English | Android | Colombia | Australia | [Andres register form [Andres enters 'andres' into Nombre, Andres enters 'Rojas' into Apellido, Andres enters 'Cra 52 # 14 30' into DIRECCION, Andres enters 'andres@gmail.com' into CORREO, Andres enters '3131235121' into CORREO, Andres clicks on //div[@class='col-md-4 col-xs-4 col-sm-4']//input[@value='Male'], Andres clicks on //div[@class='col-md-4 col-xs-4 col-sm-4']//input[@value='Cricket'], Andres clicks on //div[@class='ui-autocomplete-multiselect ui-state-default ui-widget'], Andres clicks on //a[contains(text(),'English')], Andres selects Android in Habilidad, Andres selects Colombia in Pais, Andres clicks on //span[@class='select2-selection select2-selection--single'], Andres enters 'Australia' into //input[@class='select2-search__field'], Andres types 'DOWN' in //input[@class='select2-search__field'], Andres types 'ENTER' in //input[@class='select2-search__field'], Andres selects 2000 in AÃ±o de nacimiento, Andres selects April in Mes de nacimiento, Andres selects 20 in Dia de nacimiento]], Then he finds]
[Test worker] WARN net.thucydides.core.steps.BaseStepListener - stepFinished: current outcome:Registration in demo automation:Example: {strName=andres, strLastName=Rojas, strAddress=Cra 52 # 14 30, strEmail=andres@gmail.com, strPhone=3131235121, strGander=Male, strHobbie=Cricket, strLanguages=English, strSkill=Android, strCountry=Colombia, strSelectCountry=Australia} [Given andres wants to register in demo automation [Andres open up [Andres opens the Demo page]], When he fills out the form
| strName | strLastName | strAddress | strEmail | strPhone | strGander | strHobbie | strLanguages | strSkill | strCountry | strSelectCountry |
| andres | Rojas | Cra 52 # 14 30 | andres@gmail.com | 3131235121 | Male | Cricket | English | Android | Colombia | Australia | [Andres register form [Andres enters 'andres' into Nombre, Andres enters 'Rojas' into Apellido, Andres enters 'Cra 52 # 14 30' into DIRECCION, Andres enters 'andres@gmail.com' into CORREO, Andres enters '3131235121' into CORREO, Andres clicks on //div[@class='col-md-4 col-xs-4 col-sm-4']//input[@value='Male'], Andres clicks on //div[@class='col-md-4 col-xs-4 col-sm-4']//input[@value='Cricket'], Andres clicks on //div[@class='ui-autocomplete-multiselect ui-state-default ui-widget'], Andres clicks on //a[contains(text(),'English')], Andres selects Android in Habilidad, Andres selects Colombia in Pais, Andres clicks on //span[@class='select2-selection select2-selection--single'], Andres enters 'Australia' into //input[@class='select2-search__field'], Andres types 'DOWN' in //input[@class='select2-search__field'], Andres types 'ENTER' in //input[@class='select2-search__field'], Andres selects 2000 in AÃ±o de nacimiento, Andres selects April in Mes de nacimiento, Andres selects 20 in Dia de nacimiento]], Then he finds]
[Test worker] WARN net.thucydides.core.steps.BaseStepListener - testFinished: Registration in demo automation:Example: {strName=andres, strLastName=Rojas, strAddress=Cra 52 # 14 30, strEmail=andres@gmail.com, strPhone=3131235121, strGander=Male, strHobbie=Cricket, strLanguages=English, strSkill=Android, strCountry=Colombia, strSelectCountry=Australia} [Given andres wants to register in demo automation [Andres open up [Andres opens the Demo page]], When he fills out the form
| strName | strLastName | strAddress | strEmail | strPhone | strGander | strHobbie | strLanguages | strSkill | strCountry | strSelectCountry |
| andres | Rojas | Cra 52 # 14 30 | andres@gmail.com | 3131235121 | Male | Cricket | English | Android | Colombia | Australia | [Andres register form [Andres enters 'andres' into Nombre, Andres enters 'Rojas' into Apellido, Andres enters 'Cra 52 # 14 30' into DIRECCION, Andres enters 'andres@gmail.com' into CORREO, Andres enters '3131235121' into CORREO, Andres clicks on //div[@class='col-md-4 col-xs-4 col-sm-4']//input[@value='Male'], Andres clicks on //div[@class='col-md-4 col-xs-4 col-sm-4']//input[@value='Cricket'], Andres clicks on //div[@class='ui-autocomplete-multiselect ui-state-default ui-widget'], Andres clicks on //a[contains(text(),'English')], Andres selects Android in Habilidad, Andres selects Colombia in Pais, Andres clicks on //span[@class='select2-selection select2-selection--single'], Andres enters 'Australia' into //input[@class='select2-search__field'], Andres types 'DOWN' in //input[@class='select2-search__field'], Andres types 'ENTER' in //input[@class='select2-search__field'], Andres selects 2000 in AÃ±o de nacimiento, Andres selects April in Mes de nacimiento, Andres selects 20 in Dia de nacimiento]], Then he finds]
[Test worker] WARN net.thucydides.core.steps.BaseStepListener - TestOutcomes: [Registration in demo automation:Example: {strName=andres, strLastName=Rojas, strAddress=Cra 52 # 14 30, strEmail=andres@gmail.com, strPhone=3131235121, strGander=Male, strHobbie=Cricket, strLanguages=English, strSkill=Android, strCountry=Colombia, strSelectCountry=Australia} [Given andres wants to register in demo automation [Andres open up [Andres opens the Demo page]], When he fills out the form
| strName | strLastName | strAddress | strEmail | strPhone | strGander | strHobbie | strLanguages | strSkill | strCountry | strSelectCountry |
| andres | Rojas | Cra 52 # 14 30 | andres@gmail.com | 3131235121 | Male | Cricket | English | Android | Colombia | Australia | [Andres register form [Andres enters 'andres' into Nombre, Andres enters 'Rojas' into Apellido, Andres enters 'Cra 52 # 14 30' into DIRECCION, Andres enters 'andres@gmail.com' into CORREO, Andres enters '3131235121' into CORREO, Andres clicks on //div[@class='col-md-4 col-xs-4 col-sm-4']//input[@value='Male'], Andres clicks on //div[@class='col-md-4 col-xs-4 col-sm-4']//input[@value='Cricket'], Andres clicks on //div[@class='ui-autocomplete-multiselect ui-state-default ui-widget'], Andres clicks on //a[contains(text(),'English')], Andres selects Android in Habilidad, Andres selects Colombia in Pais, Andres clicks on //span[@class='select2-selection select2-selection--single'], Andres enters 'Australia' into //input[@class='select2-search__field'], Andres types 'DOWN' in //input[@class='select2-search__field'], Andres types 'ENTER' in //input[@class='select2-search__field'], Andres selects 2000 in AÃ±o de nacimiento, Andres selects April in Mes de nacimiento, Andres selects 20 in Dia de nacimiento]], Then he finds]]
[Test worker] WARN net.thucydides.core.steps.BaseStepListener - Final testOutcomes: [Registration in demo automation:Example: {strName=andres, strLastName=Rojas, strAddress=Cra 52 # 14 30, strEmail=andres@gmail.com, strPhone=3131235121, strGander=Male, strHobbie=Cricket, strLanguages=English, strSkill=Android, strCountry=Colombia, strSelectCountry=Australia} [Given andres wants to register in demo automation [Andres open up [Andres opens the Demo page]], When he fills out the form
| strName | strLastName | strAddress | strEmail | strPhone | strGander | strHobbie | strLanguages | strSkill | strCountry | strSelectCountry |
| andres | Rojas | Cra 52 # 14 30 | andres@gmail.com | 3131235121 | Male | Cricket | English | Android | Colombia | Australia | [Andres register form [Andres enters 'andres' into Nombre, Andres enters 'Rojas' into Apellido, Andres enters 'Cra 52 # 14 30' into DIRECCION, Andres enters 'andres@gmail.com' into CORREO, Andres enters '3131235121' into CORREO, Andres clicks on //div[@class='col-md-4 col-xs-4 col-sm-4']//input[@value='Male'], Andres clicks on //div[@class='col-md-4 col-xs-4 col-sm-4']//input[@value='Cricket'], Andres clicks on //div[@class='ui-autocomplete-multiselect ui-state-default ui-widget'], Andres clicks on //a[contains(text(),'English')], Andres selects Android in Habilidad, Andres selects Colombia in Pais, Andres clicks on //span[@class='select2-selection select2-selection--single'], Andres enters 'Australia' into //input[@class='select2-search__field'], Andres types 'DOWN' in //input[@class='select2-search__field'], Andres types 'ENTER' in //input[@class='select2-search__field'], Andres selects 2000 in AÃ±o de nacimiento, Andres selects April in Mes de nacimiento, Andres selects 20 in Dia de nacimiento]], Then he finds]]
[Test worker] INFO net.thucydides.core.steps.ConsoleLoggingListener - 
        __    _____ _____ ____ _____   ____   _    ____  ____  _____ ____  
  _     \ \  |_   _| ____/ ___|_   _| |  _ \ / \  / ___|/ ___|| ____|  _ \ 
 (_)_____| |   | | |  _| \___ \ | |   | |_) / _ \ \___ \\___ \|  _| | | | |
  _|_____| |   | | | |___ ___) || |   |  __/ ___ \ ___) |___) | |___| |_| |
 (_)     | |   |_| |_____|____/ |_|   |_| /_/   \_\____/|____/|_____|____/ 
        /_/                                                                

TEST PASSED: Registration in demo automation
----------------------------------------------------------------------------
]]></system-err>
</testsuite>
