<?xml version="1.0" encoding="UTF-8"?>
<testsuite name="Demo Automation" tests="1" skipped="0" failures="0" errors="0" timestamp="2021-03-20T15:08:58" hostname="DESKTOP-CURJO95" time="24.676">
  <properties/>
  <testcase name="Registration in demo automation" classname="Demo Automation" time="24.676"/>
  <system-out><![CDATA[]]></system-out>
  <system-err><![CDATA[[Test worker] WARN net.thucydides.core.steps.BaseStepListener - stepStarted: net.thucydides.core.steps.ExecutedStepDescription@3b09db7
[Test worker] WARN net.thucydides.core.steps.BaseStepListener - stepStarted: net.thucydides.core.steps.ExecutedStepDescription@4b39b44
[Test worker] WARN net.thucydides.core.steps.BaseStepListener - stepStarted: net.thucydides.core.steps.ExecutedStepDescription@755f24e2
mar 20, 2021 10:08:59 AM org.openqa.selenium.remote.DesiredCapabilities chrome
INFORMACIÓN: Using `new ChromeOptions()` is preferred to `DesiredCapabilities.chrome()`
[Test worker] INFO net.serenitybdd.core.webdriver.driverproviders.ProvideNewDriver - Instantiating driver
[Test worker] INFO net.serenitybdd.core.webdriver.driverproviders.ProvideNewDriver - Driver capabilities: Capabilities {acceptInsecureCerts: false, browserName: chrome, chrome.switches: --start-maximized;--test-ty..., goog:chromeOptions: {args: [--start-maximized, --test-type, --no-sandbox, --ignore-certificate-errors..., --disable-popup-blocking, --disable-default-apps, --disable-extensions-file-a..., --incognito, --disable-infobars, --disable-gpu], extensions: []}, loggingPrefs: org.openqa.selenium.logging..., platform: ANY, version: }
Starting ChromeDriver 88.0.4324.96 (68dba2d8a0b149a1d3afac56fa74648032bcf46b-refs/branch-heads/4324@{#1784}) on port 46267
Only local connections are allowed.
Please see https://chromedriver.chromium.org/security-considerations for suggestions on keeping ChromeDriver safe.
ChromeDriver was started successfully.
[1616252942.355][WARNING]: This version of ChromeDriver has not been tested with Chrome version 89.
mar 20, 2021 10:09:02 AM org.openqa.selenium.remote.ProtocolHandshake createSession
INFORMACIÓN: Detected dialect: W3C
[Test worker] WARN net.thucydides.core.steps.BaseStepListener - stepFinished: current outcome:Registration in demo automation:Example: {strName=andres, strLastName=Rojas, strAddress=Cra 52 # 14 30, strEmail=andres@gmail.com, strPhone=3131235121, strGander=Male, strHobbie=Cricket, strLanguages=English, strSkill=Android, strCountry=Colombia, strSelectCountry=Austria} [Given andres wants to register in demo automation [Andres open up [Andres opens the Demo page]]]
[Test worker] WARN net.thucydides.core.steps.BaseStepListener - stepFinished: current outcome:Registration in demo automation:Example: {strName=andres, strLastName=Rojas, strAddress=Cra 52 # 14 30, strEmail=andres@gmail.com, strPhone=3131235121, strGander=Male, strHobbie=Cricket, strLanguages=English, strSkill=Android, strCountry=Colombia, strSelectCountry=Austria} [Given andres wants to register in demo automation [Andres open up [Andres opens the Demo page]]]
[Test worker] WARN net.thucydides.core.steps.BaseStepListener - stepFinished: current outcome:Registration in demo automation:Example: {strName=andres, strLastName=Rojas, strAddress=Cra 52 # 14 30, strEmail=andres@gmail.com, strPhone=3131235121, strGander=Male, strHobbie=Cricket, strLanguages=English, strSkill=Android, strCountry=Colombia, strSelectCountry=Austria} [Given andres wants to register in demo automation [Andres open up [Andres opens the Demo page]]]
[Test worker] WARN net.thucydides.core.steps.BaseStepListener - stepStarted: net.thucydides.core.steps.ExecutedStepDescription@51f7c1a6
[Test worker] WARN net.thucydides.core.steps.BaseStepListener - stepStarted: net.thucydides.core.steps.ExecutedStepDescription@54c73208
[Test worker] WARN net.thucydides.core.steps.BaseStepListener - stepStarted: net.thucydides.core.steps.ExecutedStepDescription@4368929e
[Test worker] WARN net.thucydides.core.steps.BaseStepListener - stepFinished: current outcome:Registration in demo automation:Example: {strName=andres, strLastName=Rojas, strAddress=Cra 52 # 14 30, strEmail=andres@gmail.com, strPhone=3131235121, strGander=Male, strHobbie=Cricket, strLanguages=English, strSkill=Android, strCountry=Colombia, strSelectCountry=Austria} [Given andres wants to register in demo automation [Andres open up [Andres opens the Demo page]], When he fills out the form
| strName | strLastName | strAddress | strEmail | strPhone | strGander | strHobbie | strLanguages | strSkill | strCountry | strSelectCountry |
| andres | Rojas | Cra 52 # 14 30 | andres@gmail.com | 3131235121 | Male | Cricket | English | Android | Colombia | Austria | [Andres register form [Andres enters 'andres' into Nombre]]]
[Test worker] WARN net.thucydides.core.steps.BaseStepListener - stepStarted: net.thucydides.core.steps.ExecutedStepDescription@3d15fa6f
[Test worker] WARN net.thucydides.core.steps.BaseStepListener - stepFinished: current outcome:Registration in demo automation:Example: {strName=andres, strLastName=Rojas, strAddress=Cra 52 # 14 30, strEmail=andres@gmail.com, strPhone=3131235121, strGander=Male, strHobbie=Cricket, strLanguages=English, strSkill=Android, strCountry=Colombia, strSelectCountry=Austria} [Given andres wants to register in demo automation [Andres open up [Andres opens the Demo page]], When he fills out the form
| strName | strLastName | strAddress | strEmail | strPhone | strGander | strHobbie | strLanguages | strSkill | strCountry | strSelectCountry |
| andres | Rojas | Cra 52 # 14 30 | andres@gmail.com | 3131235121 | Male | Cricket | English | Android | Colombia | Austria | [Andres register form [Andres enters 'andres' into Nombre, Andres enters 'Rojas' into Apellido]]]
[Test worker] WARN net.thucydides.core.steps.BaseStepListener - stepStarted: net.thucydides.core.steps.ExecutedStepDescription@6ed47f6a
[Test worker] WARN net.thucydides.core.steps.BaseStepListener - stepFinished: current outcome:Registration in demo automation:Example: {strName=andres, strLastName=Rojas, strAddress=Cra 52 # 14 30, strEmail=andres@gmail.com, strPhone=3131235121, strGander=Male, strHobbie=Cricket, strLanguages=English, strSkill=Android, strCountry=Colombia, strSelectCountry=Austria} [Given andres wants to register in demo automation [Andres open up [Andres opens the Demo page]], When he fills out the form
| strName | strLastName | strAddress | strEmail | strPhone | strGander | strHobbie | strLanguages | strSkill | strCountry | strSelectCountry |
| andres | Rojas | Cra 52 # 14 30 | andres@gmail.com | 3131235121 | Male | Cricket | English | Android | Colombia | Austria | [Andres register form [Andres enters 'andres' into Nombre, Andres enters 'Rojas' into Apellido, Andres enters 'Cra 52 # 14 30' into DIRECCION]]]
[Test worker] WARN net.thucydides.core.steps.BaseStepListener - stepStarted: net.thucydides.core.steps.ExecutedStepDescription@280bd580
[Test worker] WARN net.thucydides.core.steps.BaseStepListener - stepFinished: current outcome:Registration in demo automation:Example: {strName=andres, strLastName=Rojas, strAddress=Cra 52 # 14 30, strEmail=andres@gmail.com, strPhone=3131235121, strGander=Male, strHobbie=Cricket, strLanguages=English, strSkill=Android, strCountry=Colombia, strSelectCountry=Austria} [Given andres wants to register in demo automation [Andres open up [Andres opens the Demo page]], When he fills out the form
| strName | strLastName | strAddress | strEmail | strPhone | strGander | strHobbie | strLanguages | strSkill | strCountry | strSelectCountry |
| andres | Rojas | Cra 52 # 14 30 | andres@gmail.com | 3131235121 | Male | Cricket | English | Android | Colombia | Austria | [Andres register form [Andres enters 'andres' into Nombre, Andres enters 'Rojas' into Apellido, Andres enters 'Cra 52 # 14 30' into DIRECCION, Andres enters 'andres@gmail.com' into CORREO]]]
[Test worker] WARN net.thucydides.core.steps.BaseStepListener - stepStarted: net.thucydides.core.steps.ExecutedStepDescription@ff99d85
[Test worker] WARN net.thucydides.core.steps.BaseStepListener - stepFinished: current outcome:Registration in demo automation:Example: {strName=andres, strLastName=Rojas, strAddress=Cra 52 # 14 30, strEmail=andres@gmail.com, strPhone=3131235121, strGander=Male, strHobbie=Cricket, strLanguages=English, strSkill=Android, strCountry=Colombia, strSelectCountry=Austria} [Given andres wants to register in demo automation [Andres open up [Andres opens the Demo page]], When he fills out the form
| strName | strLastName | strAddress | strEmail | strPhone | strGander | strHobbie | strLanguages | strSkill | strCountry | strSelectCountry |
| andres | Rojas | Cra 52 # 14 30 | andres@gmail.com | 3131235121 | Male | Cricket | English | Android | Colombia | Austria | [Andres register form [Andres enters 'andres' into Nombre, Andres enters 'Rojas' into Apellido, Andres enters 'Cra 52 # 14 30' into DIRECCION, Andres enters 'andres@gmail.com' into CORREO, Andres enters '3131235121' into CORREO]]]
[Test worker] WARN net.thucydides.core.steps.BaseStepListener - stepStarted: net.thucydides.core.steps.ExecutedStepDescription@1bda73a0
[Test worker] WARN net.thucydides.core.steps.BaseStepListener - stepFinished: current outcome:Registration in demo automation:Example: {strName=andres, strLastName=Rojas, strAddress=Cra 52 # 14 30, strEmail=andres@gmail.com, strPhone=3131235121, strGander=Male, strHobbie=Cricket, strLanguages=English, strSkill=Android, strCountry=Colombia, strSelectCountry=Austria} [Given andres wants to register in demo automation [Andres open up [Andres opens the Demo page]], When he fills out the form
| strName | strLastName | strAddress | strEmail | strPhone | strGander | strHobbie | strLanguages | strSkill | strCountry | strSelectCountry |
| andres | Rojas | Cra 52 # 14 30 | andres@gmail.com | 3131235121 | Male | Cricket | English | Android | Colombia | Austria | [Andres register form [Andres enters 'andres' into Nombre, Andres enters 'Rojas' into Apellido, Andres enters 'Cra 52 # 14 30' into DIRECCION, Andres enters 'andres@gmail.com' into CORREO, Andres enters '3131235121' into CORREO, Andres clicks on //div[@class='col-md-4 col-xs-4 col-sm-4']//input[@value='Male']]]]
[Test worker] WARN net.thucydides.core.steps.BaseStepListener - stepStarted: net.thucydides.core.steps.ExecutedStepDescription@188b36ef
[Test worker] WARN net.thucydides.core.steps.BaseStepListener - stepFinished: current outcome:Registration in demo automation:Example: {strName=andres, strLastName=Rojas, strAddress=Cra 52 # 14 30, strEmail=andres@gmail.com, strPhone=3131235121, strGander=Male, strHobbie=Cricket, strLanguages=English, strSkill=Android, strCountry=Colombia, strSelectCountry=Austria} [Given andres wants to register in demo automation [Andres open up [Andres opens the Demo page]], When he fills out the form
| strName | strLastName | strAddress | strEmail | strPhone | strGander | strHobbie | strLanguages | strSkill | strCountry | strSelectCountry |
| andres | Rojas | Cra 52 # 14 30 | andres@gmail.com | 3131235121 | Male | Cricket | English | Android | Colombia | Austria | [Andres register form [Andres enters 'andres' into Nombre, Andres enters 'Rojas' into Apellido, Andres enters 'Cra 52 # 14 30' into DIRECCION, Andres enters 'andres@gmail.com' into CORREO, Andres enters '3131235121' into CORREO, Andres clicks on //div[@class='col-md-4 col-xs-4 col-sm-4']//input[@value='Male'], Andres clicks on //div[@class='col-md-4 col-xs-4 col-sm-4']//input[@value='Cricket']]]]
[Test worker] WARN net.thucydides.core.steps.BaseStepListener - stepStarted: net.thucydides.core.steps.ExecutedStepDescription@f536dab
[Test worker] WARN net.thucydides.core.steps.BaseStepListener - stepFinished: current outcome:Registration in demo automation:Example: {strName=andres, strLastName=Rojas, strAddress=Cra 52 # 14 30, strEmail=andres@gmail.com, strPhone=3131235121, strGander=Male, strHobbie=Cricket, strLanguages=English, strSkill=Android, strCountry=Colombia, strSelectCountry=Austria} [Given andres wants to register in demo automation [Andres open up [Andres opens the Demo page]], When he fills out the form
| strName | strLastName | strAddress | strEmail | strPhone | strGander | strHobbie | strLanguages | strSkill | strCountry | strSelectCountry |
| andres | Rojas | Cra 52 # 14 30 | andres@gmail.com | 3131235121 | Male | Cricket | English | Android | Colombia | Austria | [Andres register form [Andres enters 'andres' into Nombre, Andres enters 'Rojas' into Apellido, Andres enters 'Cra 52 # 14 30' into DIRECCION, Andres enters 'andres@gmail.com' into CORREO, Andres enters '3131235121' into CORREO, Andres clicks on //div[@class='col-md-4 col-xs-4 col-sm-4']//input[@value='Male'], Andres clicks on //div[@class='col-md-4 col-xs-4 col-sm-4']//input[@value='Cricket'], Andres clicks on //div[@class='ui-autocomplete-multiselect ui-state-default ui-widget']]]]
[Test worker] WARN net.thucydides.core.steps.BaseStepListener - stepStarted: net.thucydides.core.steps.ExecutedStepDescription@5a543161
[Test worker] WARN net.thucydides.core.steps.BaseStepListener - stepFinished: current outcome:Registration in demo automation:Example: {strName=andres, strLastName=Rojas, strAddress=Cra 52 # 14 30, strEmail=andres@gmail.com, strPhone=3131235121, strGander=Male, strHobbie=Cricket, strLanguages=English, strSkill=Android, strCountry=Colombia, strSelectCountry=Austria} [Given andres wants to register in demo automation [Andres open up [Andres opens the Demo page]], When he fills out the form
| strName | strLastName | strAddress | strEmail | strPhone | strGander | strHobbie | strLanguages | strSkill | strCountry | strSelectCountry |
| andres | Rojas | Cra 52 # 14 30 | andres@gmail.com | 3131235121 | Male | Cricket | English | Android | Colombia | Austria | [Andres register form [Andres enters 'andres' into Nombre, Andres enters 'Rojas' into Apellido, Andres enters 'Cra 52 # 14 30' into DIRECCION, Andres enters 'andres@gmail.com' into CORREO, Andres enters '3131235121' into CORREO, Andres clicks on //div[@class='col-md-4 col-xs-4 col-sm-4']//input[@value='Male'], Andres clicks on //div[@class='col-md-4 col-xs-4 col-sm-4']//input[@value='Cricket'], Andres clicks on //div[@class='ui-autocomplete-multiselect ui-state-default ui-widget'], Andres clicks on //a[contains(text(),'English')]]]]
[Test worker] WARN net.thucydides.core.steps.BaseStepListener - stepStarted: net.thucydides.core.steps.ExecutedStepDescription@1d14c92a
[Test worker] WARN net.thucydides.core.steps.BaseStepListener - stepFinished: current outcome:Registration in demo automation:Example: {strName=andres, strLastName=Rojas, strAddress=Cra 52 # 14 30, strEmail=andres@gmail.com, strPhone=3131235121, strGander=Male, strHobbie=Cricket, strLanguages=English, strSkill=Android, strCountry=Colombia, strSelectCountry=Austria} [Given andres wants to register in demo automation [Andres open up [Andres opens the Demo page]], When he fills out the form
| strName | strLastName | strAddress | strEmail | strPhone | strGander | strHobbie | strLanguages | strSkill | strCountry | strSelectCountry |
| andres | Rojas | Cra 52 # 14 30 | andres@gmail.com | 3131235121 | Male | Cricket | English | Android | Colombia | Austria | [Andres register form [Andres enters 'andres' into Nombre, Andres enters 'Rojas' into Apellido, Andres enters 'Cra 52 # 14 30' into DIRECCION, Andres enters 'andres@gmail.com' into CORREO, Andres enters '3131235121' into CORREO, Andres clicks on //div[@class='col-md-4 col-xs-4 col-sm-4']//input[@value='Male'], Andres clicks on //div[@class='col-md-4 col-xs-4 col-sm-4']//input[@value='Cricket'], Andres clicks on //div[@class='ui-autocomplete-multiselect ui-state-default ui-widget'], Andres clicks on //a[contains(text(),'English')], Andres selects Android in Habilidad]]]
[Test worker] WARN net.thucydides.core.steps.BaseStepListener - stepStarted: net.thucydides.core.steps.ExecutedStepDescription@478d4d9b
[Test worker] WARN net.thucydides.core.steps.BaseStepListener - stepFinished: current outcome:Registration in demo automation:Example: {strName=andres, strLastName=Rojas, strAddress=Cra 52 # 14 30, strEmail=andres@gmail.com, strPhone=3131235121, strGander=Male, strHobbie=Cricket, strLanguages=English, strSkill=Android, strCountry=Colombia, strSelectCountry=Austria} [Given andres wants to register in demo automation [Andres open up [Andres opens the Demo page]], When he fills out the form
| strName | strLastName | strAddress | strEmail | strPhone | strGander | strHobbie | strLanguages | strSkill | strCountry | strSelectCountry |
| andres | Rojas | Cra 52 # 14 30 | andres@gmail.com | 3131235121 | Male | Cricket | English | Android | Colombia | Austria | [Andres register form [Andres enters 'andres' into Nombre, Andres enters 'Rojas' into Apellido, Andres enters 'Cra 52 # 14 30' into DIRECCION, Andres enters 'andres@gmail.com' into CORREO, Andres enters '3131235121' into CORREO, Andres clicks on //div[@class='col-md-4 col-xs-4 col-sm-4']//input[@value='Male'], Andres clicks on //div[@class='col-md-4 col-xs-4 col-sm-4']//input[@value='Cricket'], Andres clicks on //div[@class='ui-autocomplete-multiselect ui-state-default ui-widget'], Andres clicks on //a[contains(text(),'English')], Andres selects Android in Habilidad, Andres selects Colombia in Pais]]]
[Test worker] WARN net.thucydides.core.steps.BaseStepListener - stepStarted: net.thucydides.core.steps.ExecutedStepDescription@38c3e7d
[Test worker] WARN net.thucydides.core.steps.BaseStepListener - stepFinished: current outcome:Registration in demo automation:Example: {strName=andres, strLastName=Rojas, strAddress=Cra 52 # 14 30, strEmail=andres@gmail.com, strPhone=3131235121, strGander=Male, strHobbie=Cricket, strLanguages=English, strSkill=Android, strCountry=Colombia, strSelectCountry=Austria} [Given andres wants to register in demo automation [Andres open up [Andres opens the Demo page]], When he fills out the form
| strName | strLastName | strAddress | strEmail | strPhone | strGander | strHobbie | strLanguages | strSkill | strCountry | strSelectCountry |
| andres | Rojas | Cra 52 # 14 30 | andres@gmail.com | 3131235121 | Male | Cricket | English | Android | Colombia | Austria | [Andres register form [Andres enters 'andres' into Nombre, Andres enters 'Rojas' into Apellido, Andres enters 'Cra 52 # 14 30' into DIRECCION, Andres enters 'andres@gmail.com' into CORREO, Andres enters '3131235121' into CORREO, Andres clicks on //div[@class='col-md-4 col-xs-4 col-sm-4']//input[@value='Male'], Andres clicks on //div[@class='col-md-4 col-xs-4 col-sm-4']//input[@value='Cricket'], Andres clicks on //div[@class='ui-autocomplete-multiselect ui-state-default ui-widget'], Andres clicks on //a[contains(text(),'English')], Andres selects Android in Habilidad, Andres selects Colombia in Pais, Andres clicks on //span[@class='select2-selection select2-selection--single']]]]
[Test worker] WARN net.thucydides.core.steps.BaseStepListener - stepStarted: net.thucydides.core.steps.ExecutedStepDescription@f1a788
[Test worker] WARN net.thucydides.core.steps.BaseStepListener - stepFinished: current outcome:Registration in demo automation:Example: {strName=andres, strLastName=Rojas, strAddress=Cra 52 # 14 30, strEmail=andres@gmail.com, strPhone=3131235121, strGander=Male, strHobbie=Cricket, strLanguages=English, strSkill=Android, strCountry=Colombia, strSelectCountry=Austria} [Given andres wants to register in demo automation [Andres open up [Andres opens the Demo page]], When he fills out the form
| strName | strLastName | strAddress | strEmail | strPhone | strGander | strHobbie | strLanguages | strSkill | strCountry | strSelectCountry |
| andres | Rojas | Cra 52 # 14 30 | andres@gmail.com | 3131235121 | Male | Cricket | English | Android | Colombia | Austria | [Andres register form [Andres enters 'andres' into Nombre, Andres enters 'Rojas' into Apellido, Andres enters 'Cra 52 # 14 30' into DIRECCION, Andres enters 'andres@gmail.com' into CORREO, Andres enters '3131235121' into CORREO, Andres clicks on //div[@class='col-md-4 col-xs-4 col-sm-4']//input[@value='Male'], Andres clicks on //div[@class='col-md-4 col-xs-4 col-sm-4']//input[@value='Cricket'], Andres clicks on //div[@class='ui-autocomplete-multiselect ui-state-default ui-widget'], Andres clicks on //a[contains(text(),'English')], Andres selects Android in Habilidad, Andres selects Colombia in Pais, Andres clicks on //span[@class='select2-selection select2-selection--single'], Andres enters 'Austria' into //input[@class='select2-search__field']]]]
[Test worker] WARN net.thucydides.core.steps.BaseStepListener - stepStarted: net.thucydides.core.steps.ExecutedStepDescription@680c10cf
[Test worker] WARN net.thucydides.core.steps.BaseStepListener - stepFinished: current outcome:Registration in demo automation:Example: {strName=andres, strLastName=Rojas, strAddress=Cra 52 # 14 30, strEmail=andres@gmail.com, strPhone=3131235121, strGander=Male, strHobbie=Cricket, strLanguages=English, strSkill=Android, strCountry=Colombia, strSelectCountry=Austria} [Given andres wants to register in demo automation [Andres open up [Andres opens the Demo page]], When he fills out the form
| strName | strLastName | strAddress | strEmail | strPhone | strGander | strHobbie | strLanguages | strSkill | strCountry | strSelectCountry |
| andres | Rojas | Cra 52 # 14 30 | andres@gmail.com | 3131235121 | Male | Cricket | English | Android | Colombia | Austria | [Andres register form [Andres enters 'andres' into Nombre, Andres enters 'Rojas' into Apellido, Andres enters 'Cra 52 # 14 30' into DIRECCION, Andres enters 'andres@gmail.com' into CORREO, Andres enters '3131235121' into CORREO, Andres clicks on //div[@class='col-md-4 col-xs-4 col-sm-4']//input[@value='Male'], Andres clicks on //div[@class='col-md-4 col-xs-4 col-sm-4']//input[@value='Cricket'], Andres clicks on //div[@class='ui-autocomplete-multiselect ui-state-default ui-widget'], Andres clicks on //a[contains(text(),'English')], Andres selects Android in Habilidad, Andres selects Colombia in Pais, Andres clicks on //span[@class='select2-selection select2-selection--single'], Andres enters 'Austria' into //input[@class='select2-search__field'], Andres types 'DOWN' in //input[@class='select2-search__field']]]]
[Test worker] WARN net.thucydides.core.steps.BaseStepListener - stepStarted: net.thucydides.core.steps.ExecutedStepDescription@2a949451
[Test worker] WARN net.thucydides.core.steps.BaseStepListener - stepFinished: current outcome:Registration in demo automation:Example: {strName=andres, strLastName=Rojas, strAddress=Cra 52 # 14 30, strEmail=andres@gmail.com, strPhone=3131235121, strGander=Male, strHobbie=Cricket, strLanguages=English, strSkill=Android, strCountry=Colombia, strSelectCountry=Austria} [Given andres wants to register in demo automation [Andres open up [Andres opens the Demo page]], When he fills out the form
| strName | strLastName | strAddress | strEmail | strPhone | strGander | strHobbie | strLanguages | strSkill | strCountry | strSelectCountry |
| andres | Rojas | Cra 52 # 14 30 | andres@gmail.com | 3131235121 | Male | Cricket | English | Android | Colombia | Austria | [Andres register form [Andres enters 'andres' into Nombre, Andres enters 'Rojas' into Apellido, Andres enters 'Cra 52 # 14 30' into DIRECCION, Andres enters 'andres@gmail.com' into CORREO, Andres enters '3131235121' into CORREO, Andres clicks on //div[@class='col-md-4 col-xs-4 col-sm-4']//input[@value='Male'], Andres clicks on //div[@class='col-md-4 col-xs-4 col-sm-4']//input[@value='Cricket'], Andres clicks on //div[@class='ui-autocomplete-multiselect ui-state-default ui-widget'], Andres clicks on //a[contains(text(),'English')], Andres selects Android in Habilidad, Andres selects Colombia in Pais, Andres clicks on //span[@class='select2-selection select2-selection--single'], Andres enters 'Austria' into //input[@class='select2-search__field'], Andres types 'DOWN' in //input[@class='select2-search__field'], Andres types 'ENTER' in //input[@class='select2-search__field']]]]
[Test worker] WARN net.thucydides.core.steps.BaseStepListener - stepFinished: current outcome:Registration in demo automation:Example: {strName=andres, strLastName=Rojas, strAddress=Cra 52 # 14 30, strEmail=andres@gmail.com, strPhone=3131235121, strGander=Male, strHobbie=Cricket, strLanguages=English, strSkill=Android, strCountry=Colombia, strSelectCountry=Austria} [Given andres wants to register in demo automation [Andres open up [Andres opens the Demo page]], When he fills out the form
| strName | strLastName | strAddress | strEmail | strPhone | strGander | strHobbie | strLanguages | strSkill | strCountry | strSelectCountry |
| andres | Rojas | Cra 52 # 14 30 | andres@gmail.com | 3131235121 | Male | Cricket | English | Android | Colombia | Austria | [Andres register form [Andres enters 'andres' into Nombre, Andres enters 'Rojas' into Apellido, Andres enters 'Cra 52 # 14 30' into DIRECCION, Andres enters 'andres@gmail.com' into CORREO, Andres enters '3131235121' into CORREO, Andres clicks on //div[@class='col-md-4 col-xs-4 col-sm-4']//input[@value='Male'], Andres clicks on //div[@class='col-md-4 col-xs-4 col-sm-4']//input[@value='Cricket'], Andres clicks on //div[@class='ui-autocomplete-multiselect ui-state-default ui-widget'], Andres clicks on //a[contains(text(),'English')], Andres selects Android in Habilidad, Andres selects Colombia in Pais, Andres clicks on //span[@class='select2-selection select2-selection--single'], Andres enters 'Austria' into //input[@class='select2-search__field'], Andres types 'DOWN' in //input[@class='select2-search__field'], Andres types 'ENTER' in //input[@class='select2-search__field']]]]
[Test worker] WARN net.thucydides.core.steps.BaseStepListener - stepFinished: current outcome:Registration in demo automation:Example: {strName=andres, strLastName=Rojas, strAddress=Cra 52 # 14 30, strEmail=andres@gmail.com, strPhone=3131235121, strGander=Male, strHobbie=Cricket, strLanguages=English, strSkill=Android, strCountry=Colombia, strSelectCountry=Austria} [Given andres wants to register in demo automation [Andres open up [Andres opens the Demo page]], When he fills out the form
| strName | strLastName | strAddress | strEmail | strPhone | strGander | strHobbie | strLanguages | strSkill | strCountry | strSelectCountry |
| andres | Rojas | Cra 52 # 14 30 | andres@gmail.com | 3131235121 | Male | Cricket | English | Android | Colombia | Austria | [Andres register form [Andres enters 'andres' into Nombre, Andres enters 'Rojas' into Apellido, Andres enters 'Cra 52 # 14 30' into DIRECCION, Andres enters 'andres@gmail.com' into CORREO, Andres enters '3131235121' into CORREO, Andres clicks on //div[@class='col-md-4 col-xs-4 col-sm-4']//input[@value='Male'], Andres clicks on //div[@class='col-md-4 col-xs-4 col-sm-4']//input[@value='Cricket'], Andres clicks on //div[@class='ui-autocomplete-multiselect ui-state-default ui-widget'], Andres clicks on //a[contains(text(),'English')], Andres selects Android in Habilidad, Andres selects Colombia in Pais, Andres clicks on //span[@class='select2-selection select2-selection--single'], Andres enters 'Austria' into //input[@class='select2-search__field'], Andres types 'DOWN' in //input[@class='select2-search__field'], Andres types 'ENTER' in //input[@class='select2-search__field']]]]
[Test worker] WARN net.thucydides.core.steps.BaseStepListener - stepStarted: net.thucydides.core.steps.ExecutedStepDescription@3b6540f8
[Test worker] WARN net.thucydides.core.steps.BaseStepListener - stepFinished: current outcome:Registration in demo automation:Example: {strName=andres, strLastName=Rojas, strAddress=Cra 52 # 14 30, strEmail=andres@gmail.com, strPhone=3131235121, strGander=Male, strHobbie=Cricket, strLanguages=English, strSkill=Android, strCountry=Colombia, strSelectCountry=Austria} [Given andres wants to register in demo automation [Andres open up [Andres opens the Demo page]], When he fills out the form
| strName | strLastName | strAddress | strEmail | strPhone | strGander | strHobbie | strLanguages | strSkill | strCountry | strSelectCountry |
| andres | Rojas | Cra 52 # 14 30 | andres@gmail.com | 3131235121 | Male | Cricket | English | Android | Colombia | Austria | [Andres register form [Andres enters 'andres' into Nombre, Andres enters 'Rojas' into Apellido, Andres enters 'Cra 52 # 14 30' into DIRECCION, Andres enters 'andres@gmail.com' into CORREO, Andres enters '3131235121' into CORREO, Andres clicks on //div[@class='col-md-4 col-xs-4 col-sm-4']//input[@value='Male'], Andres clicks on //div[@class='col-md-4 col-xs-4 col-sm-4']//input[@value='Cricket'], Andres clicks on //div[@class='ui-autocomplete-multiselect ui-state-default ui-widget'], Andres clicks on //a[contains(text(),'English')], Andres selects Android in Habilidad, Andres selects Colombia in Pais, Andres clicks on //span[@class='select2-selection select2-selection--single'], Andres enters 'Austria' into //input[@class='select2-search__field'], Andres types 'DOWN' in //input[@class='select2-search__field'], Andres types 'ENTER' in //input[@class='select2-search__field']]], Then he finds]
[Test worker] WARN net.thucydides.core.steps.BaseStepListener - stepFinished: current outcome:Registration in demo automation:Example: {strName=andres, strLastName=Rojas, strAddress=Cra 52 # 14 30, strEmail=andres@gmail.com, strPhone=3131235121, strGander=Male, strHobbie=Cricket, strLanguages=English, strSkill=Android, strCountry=Colombia, strSelectCountry=Austria} [Given andres wants to register in demo automation [Andres open up [Andres opens the Demo page]], When he fills out the form
| strName | strLastName | strAddress | strEmail | strPhone | strGander | strHobbie | strLanguages | strSkill | strCountry | strSelectCountry |
| andres | Rojas | Cra 52 # 14 30 | andres@gmail.com | 3131235121 | Male | Cricket | English | Android | Colombia | Austria | [Andres register form [Andres enters 'andres' into Nombre, Andres enters 'Rojas' into Apellido, Andres enters 'Cra 52 # 14 30' into DIRECCION, Andres enters 'andres@gmail.com' into CORREO, Andres enters '3131235121' into CORREO, Andres clicks on //div[@class='col-md-4 col-xs-4 col-sm-4']//input[@value='Male'], Andres clicks on //div[@class='col-md-4 col-xs-4 col-sm-4']//input[@value='Cricket'], Andres clicks on //div[@class='ui-autocomplete-multiselect ui-state-default ui-widget'], Andres clicks on //a[contains(text(),'English')], Andres selects Android in Habilidad, Andres selects Colombia in Pais, Andres clicks on //span[@class='select2-selection select2-selection--single'], Andres enters 'Austria' into //input[@class='select2-search__field'], Andres types 'DOWN' in //input[@class='select2-search__field'], Andres types 'ENTER' in //input[@class='select2-search__field']]], Then he finds]
[Test worker] WARN net.thucydides.core.steps.BaseStepListener - testFinished: Registration in demo automation:Example: {strName=andres, strLastName=Rojas, strAddress=Cra 52 # 14 30, strEmail=andres@gmail.com, strPhone=3131235121, strGander=Male, strHobbie=Cricket, strLanguages=English, strSkill=Android, strCountry=Colombia, strSelectCountry=Austria} [Given andres wants to register in demo automation [Andres open up [Andres opens the Demo page]], When he fills out the form
| strName | strLastName | strAddress | strEmail | strPhone | strGander | strHobbie | strLanguages | strSkill | strCountry | strSelectCountry |
| andres | Rojas | Cra 52 # 14 30 | andres@gmail.com | 3131235121 | Male | Cricket | English | Android | Colombia | Austria | [Andres register form [Andres enters 'andres' into Nombre, Andres enters 'Rojas' into Apellido, Andres enters 'Cra 52 # 14 30' into DIRECCION, Andres enters 'andres@gmail.com' into CORREO, Andres enters '3131235121' into CORREO, Andres clicks on //div[@class='col-md-4 col-xs-4 col-sm-4']//input[@value='Male'], Andres clicks on //div[@class='col-md-4 col-xs-4 col-sm-4']//input[@value='Cricket'], Andres clicks on //div[@class='ui-autocomplete-multiselect ui-state-default ui-widget'], Andres clicks on //a[contains(text(),'English')], Andres selects Android in Habilidad, Andres selects Colombia in Pais, Andres clicks on //span[@class='select2-selection select2-selection--single'], Andres enters 'Austria' into //input[@class='select2-search__field'], Andres types 'DOWN' in //input[@class='select2-search__field'], Andres types 'ENTER' in //input[@class='select2-search__field']]], Then he finds]
[Test worker] WARN net.thucydides.core.steps.BaseStepListener - TestOutcomes: [Registration in demo automation:Example: {strName=andres, strLastName=Rojas, strAddress=Cra 52 # 14 30, strEmail=andres@gmail.com, strPhone=3131235121, strGander=Male, strHobbie=Cricket, strLanguages=English, strSkill=Android, strCountry=Colombia, strSelectCountry=Austria} [Given andres wants to register in demo automation [Andres open up [Andres opens the Demo page]], When he fills out the form
| strName | strLastName | strAddress | strEmail | strPhone | strGander | strHobbie | strLanguages | strSkill | strCountry | strSelectCountry |
| andres | Rojas | Cra 52 # 14 30 | andres@gmail.com | 3131235121 | Male | Cricket | English | Android | Colombia | Austria | [Andres register form [Andres enters 'andres' into Nombre, Andres enters 'Rojas' into Apellido, Andres enters 'Cra 52 # 14 30' into DIRECCION, Andres enters 'andres@gmail.com' into CORREO, Andres enters '3131235121' into CORREO, Andres clicks on //div[@class='col-md-4 col-xs-4 col-sm-4']//input[@value='Male'], Andres clicks on //div[@class='col-md-4 col-xs-4 col-sm-4']//input[@value='Cricket'], Andres clicks on //div[@class='ui-autocomplete-multiselect ui-state-default ui-widget'], Andres clicks on //a[contains(text(),'English')], Andres selects Android in Habilidad, Andres selects Colombia in Pais, Andres clicks on //span[@class='select2-selection select2-selection--single'], Andres enters 'Austria' into //input[@class='select2-search__field'], Andres types 'DOWN' in //input[@class='select2-search__field'], Andres types 'ENTER' in //input[@class='select2-search__field']]], Then he finds]]
[Test worker] WARN net.thucydides.core.steps.BaseStepListener - Final testOutcomes: [Registration in demo automation:Example: {strName=andres, strLastName=Rojas, strAddress=Cra 52 # 14 30, strEmail=andres@gmail.com, strPhone=3131235121, strGander=Male, strHobbie=Cricket, strLanguages=English, strSkill=Android, strCountry=Colombia, strSelectCountry=Austria} [Given andres wants to register in demo automation [Andres open up [Andres opens the Demo page]], When he fills out the form
| strName | strLastName | strAddress | strEmail | strPhone | strGander | strHobbie | strLanguages | strSkill | strCountry | strSelectCountry |
| andres | Rojas | Cra 52 # 14 30 | andres@gmail.com | 3131235121 | Male | Cricket | English | Android | Colombia | Austria | [Andres register form [Andres enters 'andres' into Nombre, Andres enters 'Rojas' into Apellido, Andres enters 'Cra 52 # 14 30' into DIRECCION, Andres enters 'andres@gmail.com' into CORREO, Andres enters '3131235121' into CORREO, Andres clicks on //div[@class='col-md-4 col-xs-4 col-sm-4']//input[@value='Male'], Andres clicks on //div[@class='col-md-4 col-xs-4 col-sm-4']//input[@value='Cricket'], Andres clicks on //div[@class='ui-autocomplete-multiselect ui-state-default ui-widget'], Andres clicks on //a[contains(text(),'English')], Andres selects Android in Habilidad, Andres selects Colombia in Pais, Andres clicks on //span[@class='select2-selection select2-selection--single'], Andres enters 'Austria' into //input[@class='select2-search__field'], Andres types 'DOWN' in //input[@class='select2-search__field'], Andres types 'ENTER' in //input[@class='select2-search__field']]], Then he finds]]
[Test worker] INFO net.thucydides.core.steps.ConsoleLoggingListener - 
        __    _____ _____ ____ _____   ____   _    ____  ____  _____ ____  
  _     \ \  |_   _| ____/ ___|_   _| |  _ \ / \  / ___|/ ___|| ____|  _ \ 
 (_)_____| |   | | |  _| \___ \ | |   | |_) / _ \ \___ \\___ \|  _| | | | |
  _|_____| |   | | | |___ ___) || |   |  __/ ___ \ ___) |___) | |___| |_| |
 (_)     | |   |_| |_____|____/ |_|   |_| /_/   \_\____/|____/|_____|____/ 
        /_/                                                                

TEST PASSED: Registration in demo automation
----------------------------------------------------------------------------
]]></system-err>
</testsuite>
