<?xml version="1.0" encoding="UTF-8"?>
<testsuite name="Demo Automation" tests="1" skipped="1" failures="0" errors="0" timestamp="2021-03-20T03:01:58" hostname="DESKTOP-CURJO95" time="0.035">
  <properties/>
  <testcase name="Registration in demo automation" classname="Demo Automation" time="0.035">
    <skipped/>
  </testcase>
  <system-out><![CDATA[]]></system-out>
  <system-err><![CDATA[[Test worker] WARN net.thucydides.core.steps.BaseStepListener - stepStarted: net.thucydides.core.steps.ExecutedStepDescription@5b02494e
[Test worker] INFO net.thucydides.core.steps.ConsoleLoggingListener - TEST PENDING
[Test worker] WARN net.thucydides.core.steps.BaseStepListener - stepStarted: net.thucydides.core.steps.ExecutedStepDescription@1289bf24
[Test worker] WARN net.thucydides.core.steps.BaseStepListener - stepStarted: net.thucydides.core.steps.ExecutedStepDescription@76cf7774
[Test worker] WARN net.thucydides.core.steps.BaseStepListener - testFinished: Registration in demo automation:Given andres wants to register in demo automation, When he fills out the form, Then he finds
[Test worker] WARN net.thucydides.core.steps.BaseStepListener - TestOutcomes: [Registration in demo automation:Given andres wants to register in demo automation, When he fills out the form, Then he finds]
[Test worker] WARN net.thucydides.core.steps.BaseStepListener - Final testOutcomes: [Registration in demo automation:Given andres wants to register in demo automation, When he fills out the form, Then he finds]
[Test worker] INFO net.thucydides.core.steps.ConsoleLoggingListener - 
          __  _____ _____ ____ _____   ____  _____ _   _ ____ ___ _   _  ____ 
 _       / / |_   _| ____/ ___|_   _| |  _ \| ____| \ | |  _ \_ _| \ | |/ ___|
(_)____ / /    | | |  _| \___ \ | |   | |_) |  _| |  \| | | | | ||  \| | |  _ 
 |_____/ /     | | | |___ ___) || |   |  __/| |___| |\  | |_| | || |\  | |_| |
(_)   /_/      |_| |_____|____/ |_|   |_|   |_____|_| \_|____/___|_| \_|\____|
                                                                                

TEST PENDING: Registration in demo automation
---------------------------------------------------------------------------------
]]></system-err>
</testsuite>
