<?xml version="1.0" encoding="UTF-8"?>
<testsuite name="Demo Automation" tests="1" skipped="0" failures="0" errors="0" timestamp="2021-03-20T17:00:03" hostname="DESKTOP-CURJO95" time="32.25">
  <properties/>
  <testcase name="Registration in demo automation" classname="Demo Automation" time="32.25"/>
  <system-out><![CDATA[El componente como tal es - Double Click on Edit Icon to EDIT the Table Row.
]]></system-out>
  <system-err><![CDATA[[Test worker] WARN net.thucydides.core.steps.BaseStepListener - stepStarted: net.thucydides.core.steps.ExecutedStepDescription@682397e3
[Test worker] WARN net.thucydides.core.steps.BaseStepListener - stepStarted: net.thucydides.core.steps.ExecutedStepDescription@37ff5328
[Test worker] WARN net.thucydides.core.steps.BaseStepListener - stepStarted: net.thucydides.core.steps.ExecutedStepDescription@d716e05
mar 20, 2021 12:00:04 PM org.openqa.selenium.remote.DesiredCapabilities chrome
INFORMACIÓN: Using `new ChromeOptions()` is preferred to `DesiredCapabilities.chrome()`
[Test worker] INFO net.serenitybdd.core.webdriver.driverproviders.ProvideNewDriver - Instantiating driver
[Test worker] INFO net.serenitybdd.core.webdriver.driverproviders.ProvideNewDriver - Driver capabilities: Capabilities {acceptInsecureCerts: false, browserName: chrome, chrome.switches: --start-maximized;--test-ty..., goog:chromeOptions: {args: [--start-maximized, --test-type, --no-sandbox, --ignore-certificate-errors..., --disable-popup-blocking, --disable-default-apps, --disable-extensions-file-a..., --incognito, --disable-infobars, --disable-gpu], extensions: []}, loggingPrefs: org.openqa.selenium.logging..., platform: ANY, version: }
Starting ChromeDriver 88.0.4324.96 (68dba2d8a0b149a1d3afac56fa74648032bcf46b-refs/branch-heads/4324@{#1784}) on port 21392
Only local connections are allowed.
Please see https://chromedriver.chromium.org/security-considerations for suggestions on keeping ChromeDriver safe.
ChromeDriver was started successfully.
[1616259607.843][WARNING]: This version of ChromeDriver has not been tested with Chrome version 89.
mar 20, 2021 12:00:07 PM org.openqa.selenium.remote.ProtocolHandshake createSession
INFORMACIÓN: Detected dialect: W3C
[Test worker] WARN net.thucydides.core.steps.BaseStepListener - stepFinished: current outcome:Registration in demo automation:Example: {strName=Andres, strLastName=Rojas, strAddress=Cra 52 # 14 30, strEmail=andres@gmail.com, strPhone=3131235121, strGander=Male, strHobbie=Cricket, strLanguages=English, strSkill=Android, strCountry=Colombia, strSelectCountry=Australia, strYear=2000, strMonth=April, strDay=20, strPassword=i^zK76BlHdd*, strComponent=- Double Click on Edit Icon to EDIT the Table Row.} [Given andres wants to register in demo automation [Andres open up [Andres opens the Demo page]]]
[Test worker] WARN net.thucydides.core.steps.BaseStepListener - stepFinished: current outcome:Registration in demo automation:Example: {strName=Andres, strLastName=Rojas, strAddress=Cra 52 # 14 30, strEmail=andres@gmail.com, strPhone=3131235121, strGander=Male, strHobbie=Cricket, strLanguages=English, strSkill=Android, strCountry=Colombia, strSelectCountry=Australia, strYear=2000, strMonth=April, strDay=20, strPassword=i^zK76BlHdd*, strComponent=- Double Click on Edit Icon to EDIT the Table Row.} [Given andres wants to register in demo automation [Andres open up [Andres opens the Demo page]]]
[Test worker] WARN net.thucydides.core.steps.BaseStepListener - stepFinished: current outcome:Registration in demo automation:Example: {strName=Andres, strLastName=Rojas, strAddress=Cra 52 # 14 30, strEmail=andres@gmail.com, strPhone=3131235121, strGander=Male, strHobbie=Cricket, strLanguages=English, strSkill=Android, strCountry=Colombia, strSelectCountry=Australia, strYear=2000, strMonth=April, strDay=20, strPassword=i^zK76BlHdd*, strComponent=- Double Click on Edit Icon to EDIT the Table Row.} [Given andres wants to register in demo automation [Andres open up [Andres opens the Demo page]]]
[Test worker] WARN net.thucydides.core.steps.BaseStepListener - stepStarted: net.thucydides.core.steps.ExecutedStepDescription@6b71f69a
[Test worker] WARN net.thucydides.core.steps.BaseStepListener - stepStarted: net.thucydides.core.steps.ExecutedStepDescription@742c96ac
[Test worker] WARN net.thucydides.core.steps.BaseStepListener - stepStarted: net.thucydides.core.steps.ExecutedStepDescription@433a56b6
[Test worker] WARN net.thucydides.core.steps.BaseStepListener - stepFinished: current outcome:Registration in demo automation:Example: {strName=Andres, strLastName=Rojas, strAddress=Cra 52 # 14 30, strEmail=andres@gmail.com, strPhone=3131235121, strGander=Male, strHobbie=Cricket, strLanguages=English, strSkill=Android, strCountry=Colombia, strSelectCountry=Australia, strYear=2000, strMonth=April, strDay=20, strPassword=i^zK76BlHdd*, strComponent=- Double Click on Edit Icon to EDIT the Table Row.} [Given andres wants to register in demo automation [Andres open up [Andres opens the Demo page]], When he fills out the form
| strName | strLastName | strAddress | strEmail | strPhone | strGander | strHobbie | strLanguages | strSkill | strCountry | strSelectCountry | strYear | strMonth | strDay | strPassword |
| Andres | Rojas | Cra 52 # 14 30 | andres@gmail.com | 3131235121 | Male | Cricket | English | Android | Colombia | Australia | 2000 | April | 20 | i^zK76BlHdd* | [Andres register form [Andres enters 'Andres' into Nombre]]]
[Test worker] WARN net.thucydides.core.steps.BaseStepListener - stepStarted: net.thucydides.core.steps.ExecutedStepDescription@52b2e8d
[Test worker] WARN net.thucydides.core.steps.BaseStepListener - stepFinished: current outcome:Registration in demo automation:Example: {strName=Andres, strLastName=Rojas, strAddress=Cra 52 # 14 30, strEmail=andres@gmail.com, strPhone=3131235121, strGander=Male, strHobbie=Cricket, strLanguages=English, strSkill=Android, strCountry=Colombia, strSelectCountry=Australia, strYear=2000, strMonth=April, strDay=20, strPassword=i^zK76BlHdd*, strComponent=- Double Click on Edit Icon to EDIT the Table Row.} [Given andres wants to register in demo automation [Andres open up [Andres opens the Demo page]], When he fills out the form
| strName | strLastName | strAddress | strEmail | strPhone | strGander | strHobbie | strLanguages | strSkill | strCountry | strSelectCountry | strYear | strMonth | strDay | strPassword |
| Andres | Rojas | Cra 52 # 14 30 | andres@gmail.com | 3131235121 | Male | Cricket | English | Android | Colombia | Australia | 2000 | April | 20 | i^zK76BlHdd* | [Andres register form [Andres enters 'Andres' into Nombre, Andres enters 'Rojas' into Apellido]]]
[Test worker] WARN net.thucydides.core.steps.BaseStepListener - stepStarted: net.thucydides.core.steps.ExecutedStepDescription@6828866
[Test worker] WARN net.thucydides.core.steps.BaseStepListener - stepFinished: current outcome:Registration in demo automation:Example: {strName=Andres, strLastName=Rojas, strAddress=Cra 52 # 14 30, strEmail=andres@gmail.com, strPhone=3131235121, strGander=Male, strHobbie=Cricket, strLanguages=English, strSkill=Android, strCountry=Colombia, strSelectCountry=Australia, strYear=2000, strMonth=April, strDay=20, strPassword=i^zK76BlHdd*, strComponent=- Double Click on Edit Icon to EDIT the Table Row.} [Given andres wants to register in demo automation [Andres open up [Andres opens the Demo page]], When he fills out the form
| strName | strLastName | strAddress | strEmail | strPhone | strGander | strHobbie | strLanguages | strSkill | strCountry | strSelectCountry | strYear | strMonth | strDay | strPassword |
| Andres | Rojas | Cra 52 # 14 30 | andres@gmail.com | 3131235121 | Male | Cricket | English | Android | Colombia | Australia | 2000 | April | 20 | i^zK76BlHdd* | [Andres register form [Andres enters 'Andres' into Nombre, Andres enters 'Rojas' into Apellido, Andres enters 'Cra 52 # 14 30' into DIRECCION]]]
[Test worker] WARN net.thucydides.core.steps.BaseStepListener - stepStarted: net.thucydides.core.steps.ExecutedStepDescription@59423b6e
[Test worker] WARN net.thucydides.core.steps.BaseStepListener - stepFinished: current outcome:Registration in demo automation:Example: {strName=Andres, strLastName=Rojas, strAddress=Cra 52 # 14 30, strEmail=andres@gmail.com, strPhone=3131235121, strGander=Male, strHobbie=Cricket, strLanguages=English, strSkill=Android, strCountry=Colombia, strSelectCountry=Australia, strYear=2000, strMonth=April, strDay=20, strPassword=i^zK76BlHdd*, strComponent=- Double Click on Edit Icon to EDIT the Table Row.} [Given andres wants to register in demo automation [Andres open up [Andres opens the Demo page]], When he fills out the form
| strName | strLastName | strAddress | strEmail | strPhone | strGander | strHobbie | strLanguages | strSkill | strCountry | strSelectCountry | strYear | strMonth | strDay | strPassword |
| Andres | Rojas | Cra 52 # 14 30 | andres@gmail.com | 3131235121 | Male | Cricket | English | Android | Colombia | Australia | 2000 | April | 20 | i^zK76BlHdd* | [Andres register form [Andres enters 'Andres' into Nombre, Andres enters 'Rojas' into Apellido, Andres enters 'Cra 52 # 14 30' into DIRECCION, Andres enters 'andres@gmail.com' into CORREO]]]
[Test worker] WARN net.thucydides.core.steps.BaseStepListener - stepStarted: net.thucydides.core.steps.ExecutedStepDescription@cba665e
[Test worker] WARN net.thucydides.core.steps.BaseStepListener - stepFinished: current outcome:Registration in demo automation:Example: {strName=Andres, strLastName=Rojas, strAddress=Cra 52 # 14 30, strEmail=andres@gmail.com, strPhone=3131235121, strGander=Male, strHobbie=Cricket, strLanguages=English, strSkill=Android, strCountry=Colombia, strSelectCountry=Australia, strYear=2000, strMonth=April, strDay=20, strPassword=i^zK76BlHdd*, strComponent=- Double Click on Edit Icon to EDIT the Table Row.} [Given andres wants to register in demo automation [Andres open up [Andres opens the Demo page]], When he fills out the form
| strName | strLastName | strAddress | strEmail | strPhone | strGander | strHobbie | strLanguages | strSkill | strCountry | strSelectCountry | strYear | strMonth | strDay | strPassword |
| Andres | Rojas | Cra 52 # 14 30 | andres@gmail.com | 3131235121 | Male | Cricket | English | Android | Colombia | Australia | 2000 | April | 20 | i^zK76BlHdd* | [Andres register form [Andres enters 'Andres' into Nombre, Andres enters 'Rojas' into Apellido, Andres enters 'Cra 52 # 14 30' into DIRECCION, Andres enters 'andres@gmail.com' into CORREO, Andres enters '3131235121' into CORREO]]]
[Test worker] WARN net.thucydides.core.steps.BaseStepListener - stepStarted: net.thucydides.core.steps.ExecutedStepDescription@780dfd9d
[Test worker] WARN net.thucydides.core.steps.BaseStepListener - stepFinished: current outcome:Registration in demo automation:Example: {strName=Andres, strLastName=Rojas, strAddress=Cra 52 # 14 30, strEmail=andres@gmail.com, strPhone=3131235121, strGander=Male, strHobbie=Cricket, strLanguages=English, strSkill=Android, strCountry=Colombia, strSelectCountry=Australia, strYear=2000, strMonth=April, strDay=20, strPassword=i^zK76BlHdd*, strComponent=- Double Click on Edit Icon to EDIT the Table Row.} [Given andres wants to register in demo automation [Andres open up [Andres opens the Demo page]], When he fills out the form
| strName | strLastName | strAddress | strEmail | strPhone | strGander | strHobbie | strLanguages | strSkill | strCountry | strSelectCountry | strYear | strMonth | strDay | strPassword |
| Andres | Rojas | Cra 52 # 14 30 | andres@gmail.com | 3131235121 | Male | Cricket | English | Android | Colombia | Australia | 2000 | April | 20 | i^zK76BlHdd* | [Andres register form [Andres enters 'Andres' into Nombre, Andres enters 'Rojas' into Apellido, Andres enters 'Cra 52 # 14 30' into DIRECCION, Andres enters 'andres@gmail.com' into CORREO, Andres enters '3131235121' into CORREO, Andres clicks on //div[@class='col-md-4 col-xs-4 col-sm-4']//input[@value='Male']]]]
[Test worker] WARN net.thucydides.core.steps.BaseStepListener - stepStarted: net.thucydides.core.steps.ExecutedStepDescription@2750fc88
[Test worker] WARN net.thucydides.core.steps.BaseStepListener - stepFinished: current outcome:Registration in demo automation:Example: {strName=Andres, strLastName=Rojas, strAddress=Cra 52 # 14 30, strEmail=andres@gmail.com, strPhone=3131235121, strGander=Male, strHobbie=Cricket, strLanguages=English, strSkill=Android, strCountry=Colombia, strSelectCountry=Australia, strYear=2000, strMonth=April, strDay=20, strPassword=i^zK76BlHdd*, strComponent=- Double Click on Edit Icon to EDIT the Table Row.} [Given andres wants to register in demo automation [Andres open up [Andres opens the Demo page]], When he fills out the form
| strName | strLastName | strAddress | strEmail | strPhone | strGander | strHobbie | strLanguages | strSkill | strCountry | strSelectCountry | strYear | strMonth | strDay | strPassword |
| Andres | Rojas | Cra 52 # 14 30 | andres@gmail.com | 3131235121 | Male | Cricket | English | Android | Colombia | Australia | 2000 | April | 20 | i^zK76BlHdd* | [Andres register form [Andres enters 'Andres' into Nombre, Andres enters 'Rojas' into Apellido, Andres enters 'Cra 52 # 14 30' into DIRECCION, Andres enters 'andres@gmail.com' into CORREO, Andres enters '3131235121' into CORREO, Andres clicks on //div[@class='col-md-4 col-xs-4 col-sm-4']//input[@value='Male'], Andres clicks on //div[@class='col-md-4 col-xs-4 col-sm-4']//input[@value='Cricket']]]]
[Test worker] WARN net.thucydides.core.steps.BaseStepListener - stepStarted: net.thucydides.core.steps.ExecutedStepDescription@381e18a5
[Test worker] WARN net.thucydides.core.steps.BaseStepListener - stepFinished: current outcome:Registration in demo automation:Example: {strName=Andres, strLastName=Rojas, strAddress=Cra 52 # 14 30, strEmail=andres@gmail.com, strPhone=3131235121, strGander=Male, strHobbie=Cricket, strLanguages=English, strSkill=Android, strCountry=Colombia, strSelectCountry=Australia, strYear=2000, strMonth=April, strDay=20, strPassword=i^zK76BlHdd*, strComponent=- Double Click on Edit Icon to EDIT the Table Row.} [Given andres wants to register in demo automation [Andres open up [Andres opens the Demo page]], When he fills out the form
| strName | strLastName | strAddress | strEmail | strPhone | strGander | strHobbie | strLanguages | strSkill | strCountry | strSelectCountry | strYear | strMonth | strDay | strPassword |
| Andres | Rojas | Cra 52 # 14 30 | andres@gmail.com | 3131235121 | Male | Cricket | English | Android | Colombia | Australia | 2000 | April | 20 | i^zK76BlHdd* | [Andres register form [Andres enters 'Andres' into Nombre, Andres enters 'Rojas' into Apellido, Andres enters 'Cra 52 # 14 30' into DIRECCION, Andres enters 'andres@gmail.com' into CORREO, Andres enters '3131235121' into CORREO, Andres clicks on //div[@class='col-md-4 col-xs-4 col-sm-4']//input[@value='Male'], Andres clicks on //div[@class='col-md-4 col-xs-4 col-sm-4']//input[@value='Cricket'], Andres clicks on //div[@class='ui-autocomplete-multiselect ui-state-default ui-widget']]]]
[Test worker] WARN net.thucydides.core.steps.BaseStepListener - stepStarted: net.thucydides.core.steps.ExecutedStepDescription@38f4343d
[Test worker] WARN net.thucydides.core.steps.BaseStepListener - stepFinished: current outcome:Registration in demo automation:Example: {strName=Andres, strLastName=Rojas, strAddress=Cra 52 # 14 30, strEmail=andres@gmail.com, strPhone=3131235121, strGander=Male, strHobbie=Cricket, strLanguages=English, strSkill=Android, strCountry=Colombia, strSelectCountry=Australia, strYear=2000, strMonth=April, strDay=20, strPassword=i^zK76BlHdd*, strComponent=- Double Click on Edit Icon to EDIT the Table Row.} [Given andres wants to register in demo automation [Andres open up [Andres opens the Demo page]], When he fills out the form
| strName | strLastName | strAddress | strEmail | strPhone | strGander | strHobbie | strLanguages | strSkill | strCountry | strSelectCountry | strYear | strMonth | strDay | strPassword |
| Andres | Rojas | Cra 52 # 14 30 | andres@gmail.com | 3131235121 | Male | Cricket | English | Android | Colombia | Australia | 2000 | April | 20 | i^zK76BlHdd* | [Andres register form [Andres enters 'Andres' into Nombre, Andres enters 'Rojas' into Apellido, Andres enters 'Cra 52 # 14 30' into DIRECCION, Andres enters 'andres@gmail.com' into CORREO, Andres enters '3131235121' into CORREO, Andres clicks on //div[@class='col-md-4 col-xs-4 col-sm-4']//input[@value='Male'], Andres clicks on //div[@class='col-md-4 col-xs-4 col-sm-4']//input[@value='Cricket'], Andres clicks on //div[@class='ui-autocomplete-multiselect ui-state-default ui-widget'], Andres clicks on //a[contains(text(),'English')]]]]
[Test worker] WARN net.thucydides.core.steps.BaseStepListener - stepStarted: net.thucydides.core.steps.ExecutedStepDescription@29ed831c
[Test worker] WARN net.thucydides.core.steps.BaseStepListener - stepFinished: current outcome:Registration in demo automation:Example: {strName=Andres, strLastName=Rojas, strAddress=Cra 52 # 14 30, strEmail=andres@gmail.com, strPhone=3131235121, strGander=Male, strHobbie=Cricket, strLanguages=English, strSkill=Android, strCountry=Colombia, strSelectCountry=Australia, strYear=2000, strMonth=April, strDay=20, strPassword=i^zK76BlHdd*, strComponent=- Double Click on Edit Icon to EDIT the Table Row.} [Given andres wants to register in demo automation [Andres open up [Andres opens the Demo page]], When he fills out the form
| strName | strLastName | strAddress | strEmail | strPhone | strGander | strHobbie | strLanguages | strSkill | strCountry | strSelectCountry | strYear | strMonth | strDay | strPassword |
| Andres | Rojas | Cra 52 # 14 30 | andres@gmail.com | 3131235121 | Male | Cricket | English | Android | Colombia | Australia | 2000 | April | 20 | i^zK76BlHdd* | [Andres register form [Andres enters 'Andres' into Nombre, Andres enters 'Rojas' into Apellido, Andres enters 'Cra 52 # 14 30' into DIRECCION, Andres enters 'andres@gmail.com' into CORREO, Andres enters '3131235121' into CORREO, Andres clicks on //div[@class='col-md-4 col-xs-4 col-sm-4']//input[@value='Male'], Andres clicks on //div[@class='col-md-4 col-xs-4 col-sm-4']//input[@value='Cricket'], Andres clicks on //div[@class='ui-autocomplete-multiselect ui-state-default ui-widget'], Andres clicks on //a[contains(text(),'English')], Andres selects Android in Habilidad]]]
[Test worker] WARN net.thucydides.core.steps.BaseStepListener - stepStarted: net.thucydides.core.steps.ExecutedStepDescription@7ab776ca
[Test worker] WARN net.thucydides.core.steps.BaseStepListener - stepFinished: current outcome:Registration in demo automation:Example: {strName=Andres, strLastName=Rojas, strAddress=Cra 52 # 14 30, strEmail=andres@gmail.com, strPhone=3131235121, strGander=Male, strHobbie=Cricket, strLanguages=English, strSkill=Android, strCountry=Colombia, strSelectCountry=Australia, strYear=2000, strMonth=April, strDay=20, strPassword=i^zK76BlHdd*, strComponent=- Double Click on Edit Icon to EDIT the Table Row.} [Given andres wants to register in demo automation [Andres open up [Andres opens the Demo page]], When he fills out the form
| strName | strLastName | strAddress | strEmail | strPhone | strGander | strHobbie | strLanguages | strSkill | strCountry | strSelectCountry | strYear | strMonth | strDay | strPassword |
| Andres | Rojas | Cra 52 # 14 30 | andres@gmail.com | 3131235121 | Male | Cricket | English | Android | Colombia | Australia | 2000 | April | 20 | i^zK76BlHdd* | [Andres register form [Andres enters 'Andres' into Nombre, Andres enters 'Rojas' into Apellido, Andres enters 'Cra 52 # 14 30' into DIRECCION, Andres enters 'andres@gmail.com' into CORREO, Andres enters '3131235121' into CORREO, Andres clicks on //div[@class='col-md-4 col-xs-4 col-sm-4']//input[@value='Male'], Andres clicks on //div[@class='col-md-4 col-xs-4 col-sm-4']//input[@value='Cricket'], Andres clicks on //div[@class='ui-autocomplete-multiselect ui-state-default ui-widget'], Andres clicks on //a[contains(text(),'English')], Andres selects Android in Habilidad, Andres selects Colombia in Pais]]]
[Test worker] WARN net.thucydides.core.steps.BaseStepListener - stepStarted: net.thucydides.core.steps.ExecutedStepDescription@2e8187a4
[Test worker] WARN net.thucydides.core.steps.BaseStepListener - stepFinished: current outcome:Registration in demo automation:Example: {strName=Andres, strLastName=Rojas, strAddress=Cra 52 # 14 30, strEmail=andres@gmail.com, strPhone=3131235121, strGander=Male, strHobbie=Cricket, strLanguages=English, strSkill=Android, strCountry=Colombia, strSelectCountry=Australia, strYear=2000, strMonth=April, strDay=20, strPassword=i^zK76BlHdd*, strComponent=- Double Click on Edit Icon to EDIT the Table Row.} [Given andres wants to register in demo automation [Andres open up [Andres opens the Demo page]], When he fills out the form
| strName | strLastName | strAddress | strEmail | strPhone | strGander | strHobbie | strLanguages | strSkill | strCountry | strSelectCountry | strYear | strMonth | strDay | strPassword |
| Andres | Rojas | Cra 52 # 14 30 | andres@gmail.com | 3131235121 | Male | Cricket | English | Android | Colombia | Australia | 2000 | April | 20 | i^zK76BlHdd* | [Andres register form [Andres enters 'Andres' into Nombre, Andres enters 'Rojas' into Apellido, Andres enters 'Cra 52 # 14 30' into DIRECCION, Andres enters 'andres@gmail.com' into CORREO, Andres enters '3131235121' into CORREO, Andres clicks on //div[@class='col-md-4 col-xs-4 col-sm-4']//input[@value='Male'], Andres clicks on //div[@class='col-md-4 col-xs-4 col-sm-4']//input[@value='Cricket'], Andres clicks on //div[@class='ui-autocomplete-multiselect ui-state-default ui-widget'], Andres clicks on //a[contains(text(),'English')], Andres selects Android in Habilidad, Andres selects Colombia in Pais, Andres clicks on //span[@class='select2-selection select2-selection--single']]]]
[Test worker] WARN net.thucydides.core.steps.BaseStepListener - stepStarted: net.thucydides.core.steps.ExecutedStepDescription@7d185619
[Test worker] WARN net.thucydides.core.steps.BaseStepListener - stepFinished: current outcome:Registration in demo automation:Example: {strName=Andres, strLastName=Rojas, strAddress=Cra 52 # 14 30, strEmail=andres@gmail.com, strPhone=3131235121, strGander=Male, strHobbie=Cricket, strLanguages=English, strSkill=Android, strCountry=Colombia, strSelectCountry=Australia, strYear=2000, strMonth=April, strDay=20, strPassword=i^zK76BlHdd*, strComponent=- Double Click on Edit Icon to EDIT the Table Row.} [Given andres wants to register in demo automation [Andres open up [Andres opens the Demo page]], When he fills out the form
| strName | strLastName | strAddress | strEmail | strPhone | strGander | strHobbie | strLanguages | strSkill | strCountry | strSelectCountry | strYear | strMonth | strDay | strPassword |
| Andres | Rojas | Cra 52 # 14 30 | andres@gmail.com | 3131235121 | Male | Cricket | English | Android | Colombia | Australia | 2000 | April | 20 | i^zK76BlHdd* | [Andres register form [Andres enters 'Andres' into Nombre, Andres enters 'Rojas' into Apellido, Andres enters 'Cra 52 # 14 30' into DIRECCION, Andres enters 'andres@gmail.com' into CORREO, Andres enters '3131235121' into CORREO, Andres clicks on //div[@class='col-md-4 col-xs-4 col-sm-4']//input[@value='Male'], Andres clicks on //div[@class='col-md-4 col-xs-4 col-sm-4']//input[@value='Cricket'], Andres clicks on //div[@class='ui-autocomplete-multiselect ui-state-default ui-widget'], Andres clicks on //a[contains(text(),'English')], Andres selects Android in Habilidad, Andres selects Colombia in Pais, Andres clicks on //span[@class='select2-selection select2-selection--single'], Andres enters 'Australia' into //input[@class='select2-search__field']]]]
[Test worker] WARN net.thucydides.core.steps.BaseStepListener - stepStarted: net.thucydides.core.steps.ExecutedStepDescription@933a963
[Test worker] WARN net.thucydides.core.steps.BaseStepListener - stepFinished: current outcome:Registration in demo automation:Example: {strName=Andres, strLastName=Rojas, strAddress=Cra 52 # 14 30, strEmail=andres@gmail.com, strPhone=3131235121, strGander=Male, strHobbie=Cricket, strLanguages=English, strSkill=Android, strCountry=Colombia, strSelectCountry=Australia, strYear=2000, strMonth=April, strDay=20, strPassword=i^zK76BlHdd*, strComponent=- Double Click on Edit Icon to EDIT the Table Row.} [Given andres wants to register in demo automation [Andres open up [Andres opens the Demo page]], When he fills out the form
| strName | strLastName | strAddress | strEmail | strPhone | strGander | strHobbie | strLanguages | strSkill | strCountry | strSelectCountry | strYear | strMonth | strDay | strPassword |
| Andres | Rojas | Cra 52 # 14 30 | andres@gmail.com | 3131235121 | Male | Cricket | English | Android | Colombia | Australia | 2000 | April | 20 | i^zK76BlHdd* | [Andres register form [Andres enters 'Andres' into Nombre, Andres enters 'Rojas' into Apellido, Andres enters 'Cra 52 # 14 30' into DIRECCION, Andres enters 'andres@gmail.com' into CORREO, Andres enters '3131235121' into CORREO, Andres clicks on //div[@class='col-md-4 col-xs-4 col-sm-4']//input[@value='Male'], Andres clicks on //div[@class='col-md-4 col-xs-4 col-sm-4']//input[@value='Cricket'], Andres clicks on //div[@class='ui-autocomplete-multiselect ui-state-default ui-widget'], Andres clicks on //a[contains(text(),'English')], Andres selects Android in Habilidad, Andres selects Colombia in Pais, Andres clicks on //span[@class='select2-selection select2-selection--single'], Andres enters 'Australia' into //input[@class='select2-search__field'], Andres types 'DOWN' in //input[@class='select2-search__field']]]]
[Test worker] WARN net.thucydides.core.steps.BaseStepListener - stepStarted: net.thucydides.core.steps.ExecutedStepDescription@2e72c9ac
[Test worker] WARN net.thucydides.core.steps.BaseStepListener - stepFinished: current outcome:Registration in demo automation:Example: {strName=Andres, strLastName=Rojas, strAddress=Cra 52 # 14 30, strEmail=andres@gmail.com, strPhone=3131235121, strGander=Male, strHobbie=Cricket, strLanguages=English, strSkill=Android, strCountry=Colombia, strSelectCountry=Australia, strYear=2000, strMonth=April, strDay=20, strPassword=i^zK76BlHdd*, strComponent=- Double Click on Edit Icon to EDIT the Table Row.} [Given andres wants to register in demo automation [Andres open up [Andres opens the Demo page]], When he fills out the form
| strName | strLastName | strAddress | strEmail | strPhone | strGander | strHobbie | strLanguages | strSkill | strCountry | strSelectCountry | strYear | strMonth | strDay | strPassword |
| Andres | Rojas | Cra 52 # 14 30 | andres@gmail.com | 3131235121 | Male | Cricket | English | Android | Colombia | Australia | 2000 | April | 20 | i^zK76BlHdd* | [Andres register form [Andres enters 'Andres' into Nombre, Andres enters 'Rojas' into Apellido, Andres enters 'Cra 52 # 14 30' into DIRECCION, Andres enters 'andres@gmail.com' into CORREO, Andres enters '3131235121' into CORREO, Andres clicks on //div[@class='col-md-4 col-xs-4 col-sm-4']//input[@value='Male'], Andres clicks on //div[@class='col-md-4 col-xs-4 col-sm-4']//input[@value='Cricket'], Andres clicks on //div[@class='ui-autocomplete-multiselect ui-state-default ui-widget'], Andres clicks on //a[contains(text(),'English')], Andres selects Android in Habilidad, Andres selects Colombia in Pais, Andres clicks on //span[@class='select2-selection select2-selection--single'], Andres enters 'Australia' into //input[@class='select2-search__field'], Andres types 'DOWN' in //input[@class='select2-search__field'], Andres types 'ENTER' in //input[@class='select2-search__field']]]]
[Test worker] WARN net.thucydides.core.steps.BaseStepListener - stepStarted: net.thucydides.core.steps.ExecutedStepDescription@36ca47e0
[Test worker] WARN net.thucydides.core.steps.BaseStepListener - stepFinished: current outcome:Registration in demo automation:Example: {strName=Andres, strLastName=Rojas, strAddress=Cra 52 # 14 30, strEmail=andres@gmail.com, strPhone=3131235121, strGander=Male, strHobbie=Cricket, strLanguages=English, strSkill=Android, strCountry=Colombia, strSelectCountry=Australia, strYear=2000, strMonth=April, strDay=20, strPassword=i^zK76BlHdd*, strComponent=- Double Click on Edit Icon to EDIT the Table Row.} [Given andres wants to register in demo automation [Andres open up [Andres opens the Demo page]], When he fills out the form
| strName | strLastName | strAddress | strEmail | strPhone | strGander | strHobbie | strLanguages | strSkill | strCountry | strSelectCountry | strYear | strMonth | strDay | strPassword |
| Andres | Rojas | Cra 52 # 14 30 | andres@gmail.com | 3131235121 | Male | Cricket | English | Android | Colombia | Australia | 2000 | April | 20 | i^zK76BlHdd* | [Andres register form [Andres enters 'Andres' into Nombre, Andres enters 'Rojas' into Apellido, Andres enters 'Cra 52 # 14 30' into DIRECCION, Andres enters 'andres@gmail.com' into CORREO, Andres enters '3131235121' into CORREO, Andres clicks on //div[@class='col-md-4 col-xs-4 col-sm-4']//input[@value='Male'], Andres clicks on //div[@class='col-md-4 col-xs-4 col-sm-4']//input[@value='Cricket'], Andres clicks on //div[@class='ui-autocomplete-multiselect ui-state-default ui-widget'], Andres clicks on //a[contains(text(),'English')], Andres selects Android in Habilidad, Andres selects Colombia in Pais, Andres clicks on //span[@class='select2-selection select2-selection--single'], Andres enters 'Australia' into //input[@class='select2-search__field'], Andres types 'DOWN' in //input[@class='select2-search__field'], Andres types 'ENTER' in //input[@class='select2-search__field'], Andres selects 2000 in AÃ±o de nacimiento]]]
[Test worker] WARN net.thucydides.core.steps.BaseStepListener - stepStarted: net.thucydides.core.steps.ExecutedStepDescription@c494dd5
[Test worker] WARN net.thucydides.core.steps.BaseStepListener - stepFinished: current outcome:Registration in demo automation:Example: {strName=Andres, strLastName=Rojas, strAddress=Cra 52 # 14 30, strEmail=andres@gmail.com, strPhone=3131235121, strGander=Male, strHobbie=Cricket, strLanguages=English, strSkill=Android, strCountry=Colombia, strSelectCountry=Australia, strYear=2000, strMonth=April, strDay=20, strPassword=i^zK76BlHdd*, strComponent=- Double Click on Edit Icon to EDIT the Table Row.} [Given andres wants to register in demo automation [Andres open up [Andres opens the Demo page]], When he fills out the form
| strName | strLastName | strAddress | strEmail | strPhone | strGander | strHobbie | strLanguages | strSkill | strCountry | strSelectCountry | strYear | strMonth | strDay | strPassword |
| Andres | Rojas | Cra 52 # 14 30 | andres@gmail.com | 3131235121 | Male | Cricket | English | Android | Colombia | Australia | 2000 | April | 20 | i^zK76BlHdd* | [Andres register form [Andres enters 'Andres' into Nombre, Andres enters 'Rojas' into Apellido, Andres enters 'Cra 52 # 14 30' into DIRECCION, Andres enters 'andres@gmail.com' into CORREO, Andres enters '3131235121' into CORREO, Andres clicks on //div[@class='col-md-4 col-xs-4 col-sm-4']//input[@value='Male'], Andres clicks on //div[@class='col-md-4 col-xs-4 col-sm-4']//input[@value='Cricket'], Andres clicks on //div[@class='ui-autocomplete-multiselect ui-state-default ui-widget'], Andres clicks on //a[contains(text(),'English')], Andres selects Android in Habilidad, Andres selects Colombia in Pais, Andres clicks on //span[@class='select2-selection select2-selection--single'], Andres enters 'Australia' into //input[@class='select2-search__field'], Andres types 'DOWN' in //input[@class='select2-search__field'], Andres types 'ENTER' in //input[@class='select2-search__field'], Andres selects 2000 in AÃ±o de nacimiento, Andres selects April in Mes de nacimiento]]]
[Test worker] WARN net.thucydides.core.steps.BaseStepListener - stepStarted: net.thucydides.core.steps.ExecutedStepDescription@46ad56ba
[Test worker] WARN net.thucydides.core.steps.BaseStepListener - stepFinished: current outcome:Registration in demo automation:Example: {strName=Andres, strLastName=Rojas, strAddress=Cra 52 # 14 30, strEmail=andres@gmail.com, strPhone=3131235121, strGander=Male, strHobbie=Cricket, strLanguages=English, strSkill=Android, strCountry=Colombia, strSelectCountry=Australia, strYear=2000, strMonth=April, strDay=20, strPassword=i^zK76BlHdd*, strComponent=- Double Click on Edit Icon to EDIT the Table Row.} [Given andres wants to register in demo automation [Andres open up [Andres opens the Demo page]], When he fills out the form
| strName | strLastName | strAddress | strEmail | strPhone | strGander | strHobbie | strLanguages | strSkill | strCountry | strSelectCountry | strYear | strMonth | strDay | strPassword |
| Andres | Rojas | Cra 52 # 14 30 | andres@gmail.com | 3131235121 | Male | Cricket | English | Android | Colombia | Australia | 2000 | April | 20 | i^zK76BlHdd* | [Andres register form [Andres enters 'Andres' into Nombre, Andres enters 'Rojas' into Apellido, Andres enters 'Cra 52 # 14 30' into DIRECCION, Andres enters 'andres@gmail.com' into CORREO, Andres enters '3131235121' into CORREO, Andres clicks on //div[@class='col-md-4 col-xs-4 col-sm-4']//input[@value='Male'], Andres clicks on //div[@class='col-md-4 col-xs-4 col-sm-4']//input[@value='Cricket'], Andres clicks on //div[@class='ui-autocomplete-multiselect ui-state-default ui-widget'], Andres clicks on //a[contains(text(),'English')], Andres selects Android in Habilidad, Andres selects Colombia in Pais, Andres clicks on //span[@class='select2-selection select2-selection--single'], Andres enters 'Australia' into //input[@class='select2-search__field'], Andres types 'DOWN' in //input[@class='select2-search__field'], Andres types 'ENTER' in //input[@class='select2-search__field'], Andres selects 2000 in AÃ±o de nacimiento, Andres selects April in Mes de nacimiento, Andres selects 20 in Dia de nacimiento]]]
[Test worker] WARN net.thucydides.core.steps.BaseStepListener - stepStarted: net.thucydides.core.steps.ExecutedStepDescription@50d0f7e6
[Test worker] WARN net.thucydides.core.steps.BaseStepListener - stepFinished: current outcome:Registration in demo automation:Example: {strName=Andres, strLastName=Rojas, strAddress=Cra 52 # 14 30, strEmail=andres@gmail.com, strPhone=3131235121, strGander=Male, strHobbie=Cricket, strLanguages=English, strSkill=Android, strCountry=Colombia, strSelectCountry=Australia, strYear=2000, strMonth=April, strDay=20, strPassword=i^zK76BlHdd*, strComponent=- Double Click on Edit Icon to EDIT the Table Row.} [Given andres wants to register in demo automation [Andres open up [Andres opens the Demo page]], When he fills out the form
| strName | strLastName | strAddress | strEmail | strPhone | strGander | strHobbie | strLanguages | strSkill | strCountry | strSelectCountry | strYear | strMonth | strDay | strPassword |
| Andres | Rojas | Cra 52 # 14 30 | andres@gmail.com | 3131235121 | Male | Cricket | English | Android | Colombia | Australia | 2000 | April | 20 | i^zK76BlHdd* | [Andres register form [Andres enters 'Andres' into Nombre, Andres enters 'Rojas' into Apellido, Andres enters 'Cra 52 # 14 30' into DIRECCION, Andres enters 'andres@gmail.com' into CORREO, Andres enters '3131235121' into CORREO, Andres clicks on //div[@class='col-md-4 col-xs-4 col-sm-4']//input[@value='Male'], Andres clicks on //div[@class='col-md-4 col-xs-4 col-sm-4']//input[@value='Cricket'], Andres clicks on //div[@class='ui-autocomplete-multiselect ui-state-default ui-widget'], Andres clicks on //a[contains(text(),'English')], Andres selects Android in Habilidad, Andres selects Colombia in Pais, Andres clicks on //span[@class='select2-selection select2-selection--single'], Andres enters 'Australia' into //input[@class='select2-search__field'], Andres types 'DOWN' in //input[@class='select2-search__field'], Andres types 'ENTER' in //input[@class='select2-search__field'], Andres selects 2000 in AÃ±o de nacimiento, Andres selects April in Mes de nacimiento, Andres selects 20 in Dia de nacimiento, Andres enters 'i^zK76BlHdd*' into Primera ContraseÃ±a]]]
[Test worker] WARN net.thucydides.core.steps.BaseStepListener - stepStarted: net.thucydides.core.steps.ExecutedStepDescription@2c99261a
[Test worker] WARN net.thucydides.core.steps.BaseStepListener - stepFinished: current outcome:Registration in demo automation:Example: {strName=Andres, strLastName=Rojas, strAddress=Cra 52 # 14 30, strEmail=andres@gmail.com, strPhone=3131235121, strGander=Male, strHobbie=Cricket, strLanguages=English, strSkill=Android, strCountry=Colombia, strSelectCountry=Australia, strYear=2000, strMonth=April, strDay=20, strPassword=i^zK76BlHdd*, strComponent=- Double Click on Edit Icon to EDIT the Table Row.} [Given andres wants to register in demo automation [Andres open up [Andres opens the Demo page]], When he fills out the form
| strName | strLastName | strAddress | strEmail | strPhone | strGander | strHobbie | strLanguages | strSkill | strCountry | strSelectCountry | strYear | strMonth | strDay | strPassword |
| Andres | Rojas | Cra 52 # 14 30 | andres@gmail.com | 3131235121 | Male | Cricket | English | Android | Colombia | Australia | 2000 | April | 20 | i^zK76BlHdd* | [Andres register form [Andres enters 'Andres' into Nombre, Andres enters 'Rojas' into Apellido, Andres enters 'Cra 52 # 14 30' into DIRECCION, Andres enters 'andres@gmail.com' into CORREO, Andres enters '3131235121' into CORREO, Andres clicks on //div[@class='col-md-4 col-xs-4 col-sm-4']//input[@value='Male'], Andres clicks on //div[@class='col-md-4 col-xs-4 col-sm-4']//input[@value='Cricket'], Andres clicks on //div[@class='ui-autocomplete-multiselect ui-state-default ui-widget'], Andres clicks on //a[contains(text(),'English')], Andres selects Android in Habilidad, Andres selects Colombia in Pais, Andres clicks on //span[@class='select2-selection select2-selection--single'], Andres enters 'Australia' into //input[@class='select2-search__field'], Andres types 'DOWN' in //input[@class='select2-search__field'], Andres types 'ENTER' in //input[@class='select2-search__field'], Andres selects 2000 in AÃ±o de nacimiento, Andres selects April in Mes de nacimiento, Andres selects 20 in Dia de nacimiento, Andres enters 'i^zK76BlHdd*' into Primera ContraseÃ±a, Andres enters 'i^zK76BlHdd*' into Segunda ContraseÃ±a]]]
[Test worker] WARN net.thucydides.core.steps.BaseStepListener - stepStarted: net.thucydides.core.steps.ExecutedStepDescription@2e35d053
[Test worker] WARN net.thucydides.core.steps.BaseStepListener - stepFinished: current outcome:Registration in demo automation:Example: {strName=Andres, strLastName=Rojas, strAddress=Cra 52 # 14 30, strEmail=andres@gmail.com, strPhone=3131235121, strGander=Male, strHobbie=Cricket, strLanguages=English, strSkill=Android, strCountry=Colombia, strSelectCountry=Australia, strYear=2000, strMonth=April, strDay=20, strPassword=i^zK76BlHdd*, strComponent=- Double Click on Edit Icon to EDIT the Table Row.} [Given andres wants to register in demo automation [Andres open up [Andres opens the Demo page]], When he fills out the form
| strName | strLastName | strAddress | strEmail | strPhone | strGander | strHobbie | strLanguages | strSkill | strCountry | strSelectCountry | strYear | strMonth | strDay | strPassword |
| Andres | Rojas | Cra 52 # 14 30 | andres@gmail.com | 3131235121 | Male | Cricket | English | Android | Colombia | Australia | 2000 | April | 20 | i^zK76BlHdd* | [Andres register form [Andres enters 'Andres' into Nombre, Andres enters 'Rojas' into Apellido, Andres enters 'Cra 52 # 14 30' into DIRECCION, Andres enters 'andres@gmail.com' into CORREO, Andres enters '3131235121' into CORREO, Andres clicks on //div[@class='col-md-4 col-xs-4 col-sm-4']//input[@value='Male'], Andres clicks on //div[@class='col-md-4 col-xs-4 col-sm-4']//input[@value='Cricket'], Andres clicks on //div[@class='ui-autocomplete-multiselect ui-state-default ui-widget'], Andres clicks on //a[contains(text(),'English')], Andres selects Android in Habilidad, Andres selects Colombia in Pais, Andres clicks on //span[@class='select2-selection select2-selection--single'], Andres enters 'Australia' into //input[@class='select2-search__field'], Andres types 'DOWN' in //input[@class='select2-search__field'], Andres types 'ENTER' in //input[@class='select2-search__field'], Andres selects 2000 in AÃ±o de nacimiento, Andres selects April in Mes de nacimiento, Andres selects 20 in Dia de nacimiento, Andres enters 'i^zK76BlHdd*' into Primera ContraseÃ±a, Andres enters 'i^zK76BlHdd*' into Segunda ContraseÃ±a, Andres clicks on Click en enviar]]]
[Test worker] WARN net.thucydides.core.steps.BaseStepListener - stepStarted: net.thucydides.core.steps.ExecutedStepDescription@e765786
[Test worker] WARN net.thucydides.core.steps.BaseStepListener - stepFinished: current outcome:Registration in demo automation:Example: {strName=Andres, strLastName=Rojas, strAddress=Cra 52 # 14 30, strEmail=andres@gmail.com, strPhone=3131235121, strGander=Male, strHobbie=Cricket, strLanguages=English, strSkill=Android, strCountry=Colombia, strSelectCountry=Australia, strYear=2000, strMonth=April, strDay=20, strPassword=i^zK76BlHdd*, strComponent=- Double Click on Edit Icon to EDIT the Table Row.} [Given andres wants to register in demo automation [Andres open up [Andres opens the Demo page]], When he fills out the form
| strName | strLastName | strAddress | strEmail | strPhone | strGander | strHobbie | strLanguages | strSkill | strCountry | strSelectCountry | strYear | strMonth | strDay | strPassword |
| Andres | Rojas | Cra 52 # 14 30 | andres@gmail.com | 3131235121 | Male | Cricket | English | Android | Colombia | Australia | 2000 | April | 20 | i^zK76BlHdd* | [Andres register form [Andres enters 'Andres' into Nombre, Andres enters 'Rojas' into Apellido, Andres enters 'Cra 52 # 14 30' into DIRECCION, Andres enters 'andres@gmail.com' into CORREO, Andres enters '3131235121' into CORREO, Andres clicks on //div[@class='col-md-4 col-xs-4 col-sm-4']//input[@value='Male'], Andres clicks on //div[@class='col-md-4 col-xs-4 col-sm-4']//input[@value='Cricket'], Andres clicks on //div[@class='ui-autocomplete-multiselect ui-state-default ui-widget'], Andres clicks on //a[contains(text(),'English')], Andres selects Android in Habilidad, Andres selects Colombia in Pais, Andres clicks on //span[@class='select2-selection select2-selection--single'], Andres enters 'Australia' into //input[@class='select2-search__field'], Andres types 'DOWN' in //input[@class='select2-search__field'], Andres types 'ENTER' in //input[@class='select2-search__field'], Andres selects 2000 in AÃ±o de nacimiento, Andres selects April in Mes de nacimiento, Andres selects 20 in Dia de nacimiento, Andres enters 'i^zK76BlHdd*' into Primera ContraseÃ±a, Andres enters 'i^zK76BlHdd*' into Segunda ContraseÃ±a, Andres clicks on Click en enviar, Andres clicks on Click en WEBTABLE]]]
[Test worker] WARN net.thucydides.core.steps.BaseStepListener - stepFinished: current outcome:Registration in demo automation:Example: {strName=Andres, strLastName=Rojas, strAddress=Cra 52 # 14 30, strEmail=andres@gmail.com, strPhone=3131235121, strGander=Male, strHobbie=Cricket, strLanguages=English, strSkill=Android, strCountry=Colombia, strSelectCountry=Australia, strYear=2000, strMonth=April, strDay=20, strPassword=i^zK76BlHdd*, strComponent=- Double Click on Edit Icon to EDIT the Table Row.} [Given andres wants to register in demo automation [Andres open up [Andres opens the Demo page]], When he fills out the form
| strName | strLastName | strAddress | strEmail | strPhone | strGander | strHobbie | strLanguages | strSkill | strCountry | strSelectCountry | strYear | strMonth | strDay | strPassword |
| Andres | Rojas | Cra 52 # 14 30 | andres@gmail.com | 3131235121 | Male | Cricket | English | Android | Colombia | Australia | 2000 | April | 20 | i^zK76BlHdd* | [Andres register form [Andres enters 'Andres' into Nombre, Andres enters 'Rojas' into Apellido, Andres enters 'Cra 52 # 14 30' into DIRECCION, Andres enters 'andres@gmail.com' into CORREO, Andres enters '3131235121' into CORREO, Andres clicks on //div[@class='col-md-4 col-xs-4 col-sm-4']//input[@value='Male'], Andres clicks on //div[@class='col-md-4 col-xs-4 col-sm-4']//input[@value='Cricket'], Andres clicks on //div[@class='ui-autocomplete-multiselect ui-state-default ui-widget'], Andres clicks on //a[contains(text(),'English')], Andres selects Android in Habilidad, Andres selects Colombia in Pais, Andres clicks on //span[@class='select2-selection select2-selection--single'], Andres enters 'Australia' into //input[@class='select2-search__field'], Andres types 'DOWN' in //input[@class='select2-search__field'], Andres types 'ENTER' in //input[@class='select2-search__field'], Andres selects 2000 in AÃ±o de nacimiento, Andres selects April in Mes de nacimiento, Andres selects 20 in Dia de nacimiento, Andres enters 'i^zK76BlHdd*' into Primera ContraseÃ±a, Andres enters 'i^zK76BlHdd*' into Segunda ContraseÃ±a, Andres clicks on Click en enviar, Andres clicks on Click en WEBTABLE]]]
[Test worker] WARN net.thucydides.core.steps.BaseStepListener - stepFinished: current outcome:Registration in demo automation:Example: {strName=Andres, strLastName=Rojas, strAddress=Cra 52 # 14 30, strEmail=andres@gmail.com, strPhone=3131235121, strGander=Male, strHobbie=Cricket, strLanguages=English, strSkill=Android, strCountry=Colombia, strSelectCountry=Australia, strYear=2000, strMonth=April, strDay=20, strPassword=i^zK76BlHdd*, strComponent=- Double Click on Edit Icon to EDIT the Table Row.} [Given andres wants to register in demo automation [Andres open up [Andres opens the Demo page]], When he fills out the form
| strName | strLastName | strAddress | strEmail | strPhone | strGander | strHobbie | strLanguages | strSkill | strCountry | strSelectCountry | strYear | strMonth | strDay | strPassword |
| Andres | Rojas | Cra 52 # 14 30 | andres@gmail.com | 3131235121 | Male | Cricket | English | Android | Colombia | Australia | 2000 | April | 20 | i^zK76BlHdd* | [Andres register form [Andres enters 'Andres' into Nombre, Andres enters 'Rojas' into Apellido, Andres enters 'Cra 52 # 14 30' into DIRECCION, Andres enters 'andres@gmail.com' into CORREO, Andres enters '3131235121' into CORREO, Andres clicks on //div[@class='col-md-4 col-xs-4 col-sm-4']//input[@value='Male'], Andres clicks on //div[@class='col-md-4 col-xs-4 col-sm-4']//input[@value='Cricket'], Andres clicks on //div[@class='ui-autocomplete-multiselect ui-state-default ui-widget'], Andres clicks on //a[contains(text(),'English')], Andres selects Android in Habilidad, Andres selects Colombia in Pais, Andres clicks on //span[@class='select2-selection select2-selection--single'], Andres enters 'Australia' into //input[@class='select2-search__field'], Andres types 'DOWN' in //input[@class='select2-search__field'], Andres types 'ENTER' in //input[@class='select2-search__field'], Andres selects 2000 in AÃ±o de nacimiento, Andres selects April in Mes de nacimiento, Andres selects 20 in Dia de nacimiento, Andres enters 'i^zK76BlHdd*' into Primera ContraseÃ±a, Andres enters 'i^zK76BlHdd*' into Segunda ContraseÃ±a, Andres clicks on Click en enviar, Andres clicks on Click en WEBTABLE]]]
[Test worker] WARN net.thucydides.core.steps.BaseStepListener - stepStarted: net.thucydides.core.steps.ExecutedStepDescription@508e00b1
[Test worker] WARN net.thucydides.core.steps.BaseStepListener - stepStarted: net.thucydides.core.steps.ExecutedStepDescription@4cf079c0
[Test worker] WARN net.thucydides.core.steps.BaseStepListener - stepFinished: current outcome:Registration in demo automation:Example: {strName=Andres, strLastName=Rojas, strAddress=Cra 52 # 14 30, strEmail=andres@gmail.com, strPhone=3131235121, strGander=Male, strHobbie=Cricket, strLanguages=English, strSkill=Android, strCountry=Colombia, strSelectCountry=Australia, strYear=2000, strMonth=April, strDay=20, strPassword=i^zK76BlHdd*, strComponent=- Double Click on Edit Icon to EDIT the Table Row.} [Given andres wants to register in demo automation [Andres open up [Andres opens the Demo page]], When he fills out the form
| strName | strLastName | strAddress | strEmail | strPhone | strGander | strHobbie | strLanguages | strSkill | strCountry | strSelectCountry | strYear | strMonth | strDay | strPassword |
| Andres | Rojas | Cra 52 # 14 30 | andres@gmail.com | 3131235121 | Male | Cricket | English | Android | Colombia | Australia | 2000 | April | 20 | i^zK76BlHdd* | [Andres register form [Andres enters 'Andres' into Nombre, Andres enters 'Rojas' into Apellido, Andres enters 'Cra 52 # 14 30' into DIRECCION, Andres enters 'andres@gmail.com' into CORREO, Andres enters '3131235121' into CORREO, Andres clicks on //div[@class='col-md-4 col-xs-4 col-sm-4']//input[@value='Male'], Andres clicks on //div[@class='col-md-4 col-xs-4 col-sm-4']//input[@value='Cricket'], Andres clicks on //div[@class='ui-autocomplete-multiselect ui-state-default ui-widget'], Andres clicks on //a[contains(text(),'English')], Andres selects Android in Habilidad, Andres selects Colombia in Pais, Andres clicks on //span[@class='select2-selection select2-selection--single'], Andres enters 'Australia' into //input[@class='select2-search__field'], Andres types 'DOWN' in //input[@class='select2-search__field'], Andres types 'ENTER' in //input[@class='select2-search__field'], Andres selects 2000 in AÃ±o de nacimiento, Andres selects April in Mes de nacimiento, Andres selects 20 in Dia de nacimiento, Andres enters 'i^zK76BlHdd*' into Primera ContraseÃ±a, Andres enters 'i^zK76BlHdd*' into Segunda ContraseÃ±a, Andres clicks on Click en enviar, Andres clicks on Click en WEBTABLE]], Then he checks the component
| strComponent |
| - Double Click on Edit Icon to EDIT the Table Row. | [Then answer]]
[Test worker] WARN net.thucydides.core.steps.BaseStepListener - stepFinished: current outcome:Registration in demo automation:Example: {strName=Andres, strLastName=Rojas, strAddress=Cra 52 # 14 30, strEmail=andres@gmail.com, strPhone=3131235121, strGander=Male, strHobbie=Cricket, strLanguages=English, strSkill=Android, strCountry=Colombia, strSelectCountry=Australia, strYear=2000, strMonth=April, strDay=20, strPassword=i^zK76BlHdd*, strComponent=- Double Click on Edit Icon to EDIT the Table Row.} [Given andres wants to register in demo automation [Andres open up [Andres opens the Demo page]], When he fills out the form
| strName | strLastName | strAddress | strEmail | strPhone | strGander | strHobbie | strLanguages | strSkill | strCountry | strSelectCountry | strYear | strMonth | strDay | strPassword |
| Andres | Rojas | Cra 52 # 14 30 | andres@gmail.com | 3131235121 | Male | Cricket | English | Android | Colombia | Australia | 2000 | April | 20 | i^zK76BlHdd* | [Andres register form [Andres enters 'Andres' into Nombre, Andres enters 'Rojas' into Apellido, Andres enters 'Cra 52 # 14 30' into DIRECCION, Andres enters 'andres@gmail.com' into CORREO, Andres enters '3131235121' into CORREO, Andres clicks on //div[@class='col-md-4 col-xs-4 col-sm-4']//input[@value='Male'], Andres clicks on //div[@class='col-md-4 col-xs-4 col-sm-4']//input[@value='Cricket'], Andres clicks on //div[@class='ui-autocomplete-multiselect ui-state-default ui-widget'], Andres clicks on //a[contains(text(),'English')], Andres selects Android in Habilidad, Andres selects Colombia in Pais, Andres clicks on //span[@class='select2-selection select2-selection--single'], Andres enters 'Australia' into //input[@class='select2-search__field'], Andres types 'DOWN' in //input[@class='select2-search__field'], Andres types 'ENTER' in //input[@class='select2-search__field'], Andres selects 2000 in AÃ±o de nacimiento, Andres selects April in Mes de nacimiento, Andres selects 20 in Dia de nacimiento, Andres enters 'i^zK76BlHdd*' into Primera ContraseÃ±a, Andres enters 'i^zK76BlHdd*' into Segunda ContraseÃ±a, Andres clicks on Click en enviar, Andres clicks on Click en WEBTABLE]], Then he checks the component
| strComponent |
| - Double Click on Edit Icon to EDIT the Table Row. | [Then answer]]
[Test worker] WARN net.thucydides.core.steps.BaseStepListener - stepFinished: current outcome:Registration in demo automation:Example: {strName=Andres, strLastName=Rojas, strAddress=Cra 52 # 14 30, strEmail=andres@gmail.com, strPhone=3131235121, strGander=Male, strHobbie=Cricket, strLanguages=English, strSkill=Android, strCountry=Colombia, strSelectCountry=Australia, strYear=2000, strMonth=April, strDay=20, strPassword=i^zK76BlHdd*, strComponent=- Double Click on Edit Icon to EDIT the Table Row.} [Given andres wants to register in demo automation [Andres open up [Andres opens the Demo page]], When he fills out the form
| strName | strLastName | strAddress | strEmail | strPhone | strGander | strHobbie | strLanguages | strSkill | strCountry | strSelectCountry | strYear | strMonth | strDay | strPassword |
| Andres | Rojas | Cra 52 # 14 30 | andres@gmail.com | 3131235121 | Male | Cricket | English | Android | Colombia | Australia | 2000 | April | 20 | i^zK76BlHdd* | [Andres register form [Andres enters 'Andres' into Nombre, Andres enters 'Rojas' into Apellido, Andres enters 'Cra 52 # 14 30' into DIRECCION, Andres enters 'andres@gmail.com' into CORREO, Andres enters '3131235121' into CORREO, Andres clicks on //div[@class='col-md-4 col-xs-4 col-sm-4']//input[@value='Male'], Andres clicks on //div[@class='col-md-4 col-xs-4 col-sm-4']//input[@value='Cricket'], Andres clicks on //div[@class='ui-autocomplete-multiselect ui-state-default ui-widget'], Andres clicks on //a[contains(text(),'English')], Andres selects Android in Habilidad, Andres selects Colombia in Pais, Andres clicks on //span[@class='select2-selection select2-selection--single'], Andres enters 'Australia' into //input[@class='select2-search__field'], Andres types 'DOWN' in //input[@class='select2-search__field'], Andres types 'ENTER' in //input[@class='select2-search__field'], Andres selects 2000 in AÃ±o de nacimiento, Andres selects April in Mes de nacimiento, Andres selects 20 in Dia de nacimiento, Andres enters 'i^zK76BlHdd*' into Primera ContraseÃ±a, Andres enters 'i^zK76BlHdd*' into Segunda ContraseÃ±a, Andres clicks on Click en enviar, Andres clicks on Click en WEBTABLE]], Then he checks the component
| strComponent |
| - Double Click on Edit Icon to EDIT the Table Row. | [Then answer]]
[Test worker] WARN net.thucydides.core.steps.BaseStepListener - testFinished: Registration in demo automation:Example: {strName=Andres, strLastName=Rojas, strAddress=Cra 52 # 14 30, strEmail=andres@gmail.com, strPhone=3131235121, strGander=Male, strHobbie=Cricket, strLanguages=English, strSkill=Android, strCountry=Colombia, strSelectCountry=Australia, strYear=2000, strMonth=April, strDay=20, strPassword=i^zK76BlHdd*, strComponent=- Double Click on Edit Icon to EDIT the Table Row.} [Given andres wants to register in demo automation [Andres open up [Andres opens the Demo page]], When he fills out the form
| strName | strLastName | strAddress | strEmail | strPhone | strGander | strHobbie | strLanguages | strSkill | strCountry | strSelectCountry | strYear | strMonth | strDay | strPassword |
| Andres | Rojas | Cra 52 # 14 30 | andres@gmail.com | 3131235121 | Male | Cricket | English | Android | Colombia | Australia | 2000 | April | 20 | i^zK76BlHdd* | [Andres register form [Andres enters 'Andres' into Nombre, Andres enters 'Rojas' into Apellido, Andres enters 'Cra 52 # 14 30' into DIRECCION, Andres enters 'andres@gmail.com' into CORREO, Andres enters '3131235121' into CORREO, Andres clicks on //div[@class='col-md-4 col-xs-4 col-sm-4']//input[@value='Male'], Andres clicks on //div[@class='col-md-4 col-xs-4 col-sm-4']//input[@value='Cricket'], Andres clicks on //div[@class='ui-autocomplete-multiselect ui-state-default ui-widget'], Andres clicks on //a[contains(text(),'English')], Andres selects Android in Habilidad, Andres selects Colombia in Pais, Andres clicks on //span[@class='select2-selection select2-selection--single'], Andres enters 'Australia' into //input[@class='select2-search__field'], Andres types 'DOWN' in //input[@class='select2-search__field'], Andres types 'ENTER' in //input[@class='select2-search__field'], Andres selects 2000 in AÃ±o de nacimiento, Andres selects April in Mes de nacimiento, Andres selects 20 in Dia de nacimiento, Andres enters 'i^zK76BlHdd*' into Primera ContraseÃ±a, Andres enters 'i^zK76BlHdd*' into Segunda ContraseÃ±a, Andres clicks on Click en enviar, Andres clicks on Click en WEBTABLE]], Then he checks the component
| strComponent |
| - Double Click on Edit Icon to EDIT the Table Row. | [Then answer]]
[Test worker] WARN net.thucydides.core.steps.BaseStepListener - TestOutcomes: [Registration in demo automation:Example: {strName=Andres, strLastName=Rojas, strAddress=Cra 52 # 14 30, strEmail=andres@gmail.com, strPhone=3131235121, strGander=Male, strHobbie=Cricket, strLanguages=English, strSkill=Android, strCountry=Colombia, strSelectCountry=Australia, strYear=2000, strMonth=April, strDay=20, strPassword=i^zK76BlHdd*, strComponent=- Double Click on Edit Icon to EDIT the Table Row.} [Given andres wants to register in demo automation [Andres open up [Andres opens the Demo page]], When he fills out the form
| strName | strLastName | strAddress | strEmail | strPhone | strGander | strHobbie | strLanguages | strSkill | strCountry | strSelectCountry | strYear | strMonth | strDay | strPassword |
| Andres | Rojas | Cra 52 # 14 30 | andres@gmail.com | 3131235121 | Male | Cricket | English | Android | Colombia | Australia | 2000 | April | 20 | i^zK76BlHdd* | [Andres register form [Andres enters 'Andres' into Nombre, Andres enters 'Rojas' into Apellido, Andres enters 'Cra 52 # 14 30' into DIRECCION, Andres enters 'andres@gmail.com' into CORREO, Andres enters '3131235121' into CORREO, Andres clicks on //div[@class='col-md-4 col-xs-4 col-sm-4']//input[@value='Male'], Andres clicks on //div[@class='col-md-4 col-xs-4 col-sm-4']//input[@value='Cricket'], Andres clicks on //div[@class='ui-autocomplete-multiselect ui-state-default ui-widget'], Andres clicks on //a[contains(text(),'English')], Andres selects Android in Habilidad, Andres selects Colombia in Pais, Andres clicks on //span[@class='select2-selection select2-selection--single'], Andres enters 'Australia' into //input[@class='select2-search__field'], Andres types 'DOWN' in //input[@class='select2-search__field'], Andres types 'ENTER' in //input[@class='select2-search__field'], Andres selects 2000 in AÃ±o de nacimiento, Andres selects April in Mes de nacimiento, Andres selects 20 in Dia de nacimiento, Andres enters 'i^zK76BlHdd*' into Primera ContraseÃ±a, Andres enters 'i^zK76BlHdd*' into Segunda ContraseÃ±a, Andres clicks on Click en enviar, Andres clicks on Click en WEBTABLE]], Then he checks the component
| strComponent |
| - Double Click on Edit Icon to EDIT the Table Row. | [Then answer]]]
[Test worker] WARN net.thucydides.core.steps.BaseStepListener - Final testOutcomes: [Registration in demo automation:Example: {strName=Andres, strLastName=Rojas, strAddress=Cra 52 # 14 30, strEmail=andres@gmail.com, strPhone=3131235121, strGander=Male, strHobbie=Cricket, strLanguages=English, strSkill=Android, strCountry=Colombia, strSelectCountry=Australia, strYear=2000, strMonth=April, strDay=20, strPassword=i^zK76BlHdd*, strComponent=- Double Click on Edit Icon to EDIT the Table Row.} [Given andres wants to register in demo automation [Andres open up [Andres opens the Demo page]], When he fills out the form
| strName | strLastName | strAddress | strEmail | strPhone | strGander | strHobbie | strLanguages | strSkill | strCountry | strSelectCountry | strYear | strMonth | strDay | strPassword |
| Andres | Rojas | Cra 52 # 14 30 | andres@gmail.com | 3131235121 | Male | Cricket | English | Android | Colombia | Australia | 2000 | April | 20 | i^zK76BlHdd* | [Andres register form [Andres enters 'Andres' into Nombre, Andres enters 'Rojas' into Apellido, Andres enters 'Cra 52 # 14 30' into DIRECCION, Andres enters 'andres@gmail.com' into CORREO, Andres enters '3131235121' into CORREO, Andres clicks on //div[@class='col-md-4 col-xs-4 col-sm-4']//input[@value='Male'], Andres clicks on //div[@class='col-md-4 col-xs-4 col-sm-4']//input[@value='Cricket'], Andres clicks on //div[@class='ui-autocomplete-multiselect ui-state-default ui-widget'], Andres clicks on //a[contains(text(),'English')], Andres selects Android in Habilidad, Andres selects Colombia in Pais, Andres clicks on //span[@class='select2-selection select2-selection--single'], Andres enters 'Australia' into //input[@class='select2-search__field'], Andres types 'DOWN' in //input[@class='select2-search__field'], Andres types 'ENTER' in //input[@class='select2-search__field'], Andres selects 2000 in AÃ±o de nacimiento, Andres selects April in Mes de nacimiento, Andres selects 20 in Dia de nacimiento, Andres enters 'i^zK76BlHdd*' into Primera ContraseÃ±a, Andres enters 'i^zK76BlHdd*' into Segunda ContraseÃ±a, Andres clicks on Click en enviar, Andres clicks on Click en WEBTABLE]], Then he checks the component
| strComponent |
| - Double Click on Edit Icon to EDIT the Table Row. | [Then answer]]]
[Test worker] INFO net.thucydides.core.steps.ConsoleLoggingListener - 
        __    _____ _____ ____ _____   ____   _    ____  ____  _____ ____  
  _     \ \  |_   _| ____/ ___|_   _| |  _ \ / \  / ___|/ ___|| ____|  _ \ 
 (_)_____| |   | | |  _| \___ \ | |   | |_) / _ \ \___ \\___ \|  _| | | | |
  _|_____| |   | | | |___ ___) || |   |  __/ ___ \ ___) |___) | |___| |_| |
 (_)     | |   |_| |_____|____/ |_|   |_| /_/   \_\____/|____/|_____|____/ 
        /_/                                                                

TEST PASSED: Registration in demo automation
----------------------------------------------------------------------------
]]></system-err>
</testsuite>
